   1              		.file	"ads8341.c"
   2              		.text
   3              		.align	2
   5              	ads8341_unselect:
   6              		@ Function supports interworking.
   7              		@ args = 0, pretend = 0, frame = 0
   8              		@ frame_needed = 0, uses_anonymous_args = 0
   9              		@ link register save eliminated.
  10 0000 1C309FE5 		ldr	r3, .L5
  11 0004 0020D3E5 		ldrb	r2, [r3, #0]	@ zero_extendqisi2
  12 0008 0E12A0E3 		mov	r1, #-536870912
  13 000c 000052E3 		cmp	r2, #0
  14 0010 0A1981E2 		add	r1, r1, #163840
  15 0014 14309105 		ldreq	r3, [r1, #20]
  16 0018 02348303 		orreq	r3, r3, #33554432
  17              		@ lr needed for prologue
  18 001c 14308105 		streq	r3, [r1, #20]
  19 0020 1EFF2FE1 		bx	lr
  20              	.L6:
  21              		.align	2
  22              	.L5:
  23 0024 00000000 		.word	ads8341_current_adc_id
  25              		.align	2
  26              		.global	ads8341_init
  28              	ads8341_init:
  29              		@ Function supports interworking.
  30              		@ args = 0, pretend = 0, frame = 0
  31              		@ frame_needed = 0, uses_anonymous_args = 0
  32              		@ link register save eliminated.
  33 0028 0E22A0E3 		mov	r2, #-536870912
  34 002c 0A2982E2 		add	r2, r2, #163840
  35 0030 183092E5 		ldr	r3, [r2, #24]
  36 0034 023483E3 		orr	r3, r3, #33554432
  37 0038 183082E5 		str	r3, [r2, #24]
  38 003c 08309FE5 		ldr	r3, .L9
  39 0040 0010A0E3 		mov	r1, #0
  40              		@ lr needed for prologue
  41 0044 0010C3E5 		strb	r1, [r3, #0]
  42 0048 ECFFFFEA 		b	ads8341_unselect
  43              	.L10:
  44              		.align	2
  45              	.L9:
  46 004c 00000000 		.word	ads8341_current_adc_id
  48              		.align	2
  50              	ads8341_select:
  51              		@ Function supports interworking.
  52              		@ args = 0, pretend = 0, frame = 0
  53              		@ frame_needed = 0, uses_anonymous_args = 0
  54              		@ link register save eliminated.
  55 0050 1C309FE5 		ldr	r3, .L15
  56 0054 0020D3E5 		ldrb	r2, [r3, #0]	@ zero_extendqisi2
  57 0058 0E12A0E3 		mov	r1, #-536870912
  58 005c 000052E3 		cmp	r2, #0
  59 0060 0A1981E2 		add	r1, r1, #163840
  60 0064 1C309105 		ldreq	r3, [r1, #28]
  61 0068 02348303 		orreq	r3, r3, #33554432
  62              		@ lr needed for prologue
  63 006c 1C308105 		streq	r3, [r1, #28]
  64 0070 1EFF2FE1 		bx	lr
  65              	.L16:
  66              		.align	2
  67              	.L15:
  68 0074 00000000 		.word	ads8341_current_adc_id
  70              		.align	2
  72              	ads8341_on_spi_int:
  73              		@ Function supports interworking.
  74              		@ args = 0, pretend = 0, frame = 0
  75              		@ frame_needed = 0, uses_anonymous_args = 0
  76 0078 30402DE9 		stmfd	sp!, {r4, r5, lr}
  77 007c 0E32A0E3 		mov	r3, #-536870912
  78 0080 1A3983E2 		add	r3, r3, #425984
  79 0084 B820D3E1 		ldrh	r2, [r3, #8]
  80 0088 44209FE5 		ldr	r2, .L19
  81 008c 0040D2E5 		ldrb	r4, [r2, #0]	@ zero_extendqisi2
  82 0090 40209FE5 		ldr	r2, .L19+4
  83 0094 B8E0D3E1 		ldrh	lr, [r3, #8]
  84 0098 B850D3E1 		ldrh	r5, [r3, #8]
  85 009c B810D3E1 		ldrh	r1, [r3, #8]
  86 00a0 0000D2E5 		ldrb	r0, [r2, #0]	@ zero_extendqisi2
  87 00a4 B8C0D3E1 		ldrh	ip, [r3, #8]
  88 00a8 01E00EE2 		and	lr, lr, #1
  89 00ac 8112A0E1 		mov	r1, r1, asl #5
  90 00b0 051581E0 		add	r1, r1, r5, asl #10
  91 00b4 8EC78CE0 		add	ip, ip, lr, asl #15
  92 00b8 040180E0 		add	r0, r0, r4, asl #2
  93 00bc 18309FE5 		ldr	r3, .L19+8
  94 00c0 0C1081E0 		add	r1, r1, ip
  95 00c4 8000A0E1 		mov	r0, r0, asl #1
  96 00c8 B31080E1 		strh	r1, [r0, r3]	@ movhi
  97 00cc 3040BDE8 		ldmfd	sp!, {r4, r5, lr}
  98 00d0 1EFF2FE1 		bx	lr
  99              	.L20:
 100              		.align	2
 101              	.L19:
 102 00d4 00000000 		.word	ads8341_current_adc_id
 103 00d8 00000000 		.word	ads8341_current_channel
 104 00dc 00000000 		.word	ads8341_value
 106              		.align	2
 107              		.global	ads8341_get_value
 109              	ads8341_get_value:
 110              		@ Function supports interworking.
 111              		@ args = 0, pretend = 0, frame = 0
 112              		@ frame_needed = 0, uses_anonymous_args = 0
 113              		@ link register save eliminated.
 114 00e0 0001A0E1 		mov	r0, r0, asl #2
 115 00e4 FF1001E2 		and	r1, r1, #255
 116 00e8 FF0F00E2 		and	r0, r0, #1020
 117 00ec 010080E0 		add	r0, r0, r1
 118 00f0 08309FE5 		ldr	r3, .L23
 119 00f4 8000A0E1 		mov	r0, r0, asl #1
 120 00f8 B30090E1 		ldrh	r0, [r0, r3]
 121              		@ lr needed for prologue
 122 00fc 1EFF2FE1 		bx	lr
 123              	.L24:
 124              		.align	2
 125              	.L23:
 126 0100 00000000 		.word	ads8341_value
 128              		.align	2
 129              		.global	ads8341_read
 131              	ads8341_read:
 132              		@ Function supports interworking.
 133              		@ args = 0, pretend = 0, frame = 32
 134              		@ frame_needed = 0, uses_anonymous_args = 0
 135 0104 04E02DE5 		str	lr, [sp, #-4]!
 136 0108 A0309FE5 		ldr	r3, .L35
 137 010c A0209FE5 		ldr	r2, .L35+4
 138 0110 FF1001E2 		and	r1, r1, #255
 139 0114 20D04DE2 		sub	sp, sp, #32
 140 0118 0000C3E5 		strb	r0, [r3, #0]
 141 011c 0010C2E5 		strb	r1, [r2, #0]
 142 0120 030051E3 		cmp	r1, #3
 143 0124 01F19F97 		ldrls	pc, [pc, r1, asl #2]
 144 0128 170000EA 		b	.L33
 145              		.p2align 2
 146              	.L31:
 147 012c 3C010000 		.word	.L27
 148 0130 98010000 		.word	.L28
 149 0134 A0010000 		.word	.L29
 150 0138 A8010000 		.word	.L30
 151              	.L27:
 152 013c 1230A0E3 		mov	r3, #18
 153              	.L32:
 154 0140 B030CDE1 		strh	r3, [sp, #0]	@ movhi
 155 0144 0430A0E3 		mov	r3, #4
 156 0148 1130CDE5 		strb	r3, [sp, #17]
 157 014c 64309FE5 		ldr	r3, .L35+8
 158 0150 14308DE5 		str	r3, [sp, #20]
 159 0154 60309FE5 		ldr	r3, .L35+12
 160 0158 0520A0E3 		mov	r2, #5
 161 015c 1020CDE5 		strb	r2, [sp, #16]
 162 0160 1C308DE5 		str	r3, [sp, #28]
 163 0164 54209FE5 		ldr	r2, .L35+16
 164 0168 1C30A0E3 		mov	r3, #28	@ movhi
 165 016c B230CDE1 		strh	r3, [sp, #2]	@ movhi
 166 0170 0D00A0E1 		mov	r0, sp
 167 0174 0030A0E3 		mov	r3, #0	@ movhi
 168 0178 18208DE5 		str	r2, [sp, #24]
 169 017c B430CDE1 		strh	r3, [sp, #4]	@ movhi
 170 0180 B630CDE1 		strh	r3, [sp, #6]	@ movhi
 171 0184 B830CDE1 		strh	r3, [sp, #8]	@ movhi
 172 0188 FEFFFFEB 		bl	spi_transmit
 173              	.L33:
 174 018c 20D08DE2 		add	sp, sp, #32
 175 0190 04E09DE4 		ldr	lr, [sp], #4
 176 0194 1EFF2FE1 		bx	lr
 177              	.L28:
 178 0198 1A30A0E3 		mov	r3, #26
 179 019c E7FFFFEA 		b	.L32
 180              	.L29:
 181 01a0 1430A0E3 		mov	r3, #20
 182 01a4 E5FFFFEA 		b	.L32
 183              	.L30:
 184 01a8 1C30A0E3 		mov	r3, #28
 185 01ac E3FFFFEA 		b	.L32
 186              	.L36:
 187              		.align	2
 188              	.L35:
 189 01b0 00000000 		.word	ads8341_current_adc_id
 190 01b4 00000000 		.word	ads8341_current_channel
 191 01b8 00000000 		.word	ads8341_select
 192 01bc 00000000 		.word	ads8341_on_spi_int
 193 01c0 00000000 		.word	ads8341_unselect
 195              		.comm	ads8341_value,24,2
 196              		.comm	ads8341_current_channel,1,1
 197              		.comm	ads8341_current_adc_id,1,1
 198              		.ident	"GCC: (GNU) 4.1.1 (WinARM)"
DEFINED SYMBOLS
                            *ABS*:00000000 ads8341.c
C:\Users\Srdjan\AppData\Local\Temp/ccURaaaa.s:5      .text:00000000 ads8341_unselect
C:\Users\Srdjan\AppData\Local\Temp/ccURaaaa.s:10     .text:00000000 $a
C:\Users\Srdjan\AppData\Local\Temp/ccURaaaa.s:23     .text:00000024 $d
                            *COM*:00000001 ads8341_current_adc_id
C:\Users\Srdjan\AppData\Local\Temp/ccURaaaa.s:28     .text:00000028 ads8341_init
C:\Users\Srdjan\AppData\Local\Temp/ccURaaaa.s:33     .text:00000028 $a
C:\Users\Srdjan\AppData\Local\Temp/ccURaaaa.s:46     .text:0000004c $d
C:\Users\Srdjan\AppData\Local\Temp/ccURaaaa.s:50     .text:00000050 ads8341_select
C:\Users\Srdjan\AppData\Local\Temp/ccURaaaa.s:55     .text:00000050 $a
C:\Users\Srdjan\AppData\Local\Temp/ccURaaaa.s:68     .text:00000074 $d
C:\Users\Srdjan\AppData\Local\Temp/ccURaaaa.s:72     .text:00000078 ads8341_on_spi_int
C:\Users\Srdjan\AppData\Local\Temp/ccURaaaa.s:76     .text:00000078 $a
C:\Users\Srdjan\AppData\Local\Temp/ccURaaaa.s:102    .text:000000d4 $d
                            *COM*:00000001 ads8341_current_channel
                            *COM*:00000018 ads8341_value
C:\Users\Srdjan\AppData\Local\Temp/ccURaaaa.s:109    .text:000000e0 ads8341_get_value
C:\Users\Srdjan\AppData\Local\Temp/ccURaaaa.s:114    .text:000000e0 $a
C:\Users\Srdjan\AppData\Local\Temp/ccURaaaa.s:126    .text:00000100 $d
C:\Users\Srdjan\AppData\Local\Temp/ccURaaaa.s:131    .text:00000104 ads8341_read
C:\Users\Srdjan\AppData\Local\Temp/ccURaaaa.s:135    .text:00000104 $a
C:\Users\Srdjan\AppData\Local\Temp/ccURaaaa.s:147    .text:0000012c $d
C:\Users\Srdjan\AppData\Local\Temp/ccURaaaa.s:152    .text:0000013c $a
C:\Users\Srdjan\AppData\Local\Temp/ccURaaaa.s:189    .text:000001b0 $d

UNDEFINED SYMBOLS
spi_transmit
