   1              		.file	"armVIC.c"
   2              		.text
   3              		.align	2
   4              		.global	restoreIRQ
   6              	restoreIRQ:
   7              		@ Function supports interworking.
   8              		@ args = 0, pretend = 0, frame = 0
   9              		@ frame_needed = 0, uses_anonymous_args = 0
  10              		@ link register save eliminated.
  11              		@ lr needed for prologue
  12 0000 00200FE1 		 mrs  r2, cpsr
  13 0004 800000E2 		and	r0, r0, #128
  14 0008 8030C2E3 		bic	r3, r2, #128
  15 000c 003083E1 		orr	r3, r3, r0
  16 0010 03F029E1 		 msr  cpsr, r3
  17 0014 0200A0E1 		mov	r0, r2
  18 0018 1EFF2FE1 		bx	lr
  20              		.align	2
  21              		.global	restoreFIQ
  23              	restoreFIQ:
  24              		@ Function supports interworking.
  25              		@ args = 0, pretend = 0, frame = 0
  26              		@ frame_needed = 0, uses_anonymous_args = 0
  27              		@ link register save eliminated.
  28              		@ lr needed for prologue
  29 001c 00200FE1 		 mrs  r2, cpsr
  30 0020 400000E2 		and	r0, r0, #64
  31 0024 4030C2E3 		bic	r3, r2, #64
  32 0028 003083E1 		orr	r3, r3, r0
  33 002c 03F029E1 		 msr  cpsr, r3
  34 0030 0200A0E1 		mov	r0, r2
  35 0034 1EFF2FE1 		bx	lr
  37              		.align	2
  38              		.global	disableFIQ
  40              	disableFIQ:
  41              		@ Function supports interworking.
  42              		@ args = 0, pretend = 0, frame = 0
  43              		@ frame_needed = 0, uses_anonymous_args = 0
  44              		@ link register save eliminated.
  45              		@ lr needed for prologue
  46 0038 00000FE1 		 mrs  r0, cpsr
  47 003c 403080E3 		orr	r3, r0, #64
  48 0040 03F029E1 		 msr  cpsr, r3
  49 0044 1EFF2FE1 		bx	lr
  51              		.align	2
  52              		.global	enableFIQ
  54              	enableFIQ:
  55              		@ Function supports interworking.
  56              		@ args = 0, pretend = 0, frame = 0
  57              		@ frame_needed = 0, uses_anonymous_args = 0
  58              		@ link register save eliminated.
  59              		@ lr needed for prologue
  60 0048 00000FE1 		 mrs  r0, cpsr
  61 004c 4030C0E3 		bic	r3, r0, #64
  62 0050 03F029E1 		 msr  cpsr, r3
  63 0054 1EFF2FE1 		bx	lr
  65              		.align	2
  66              		.global	disableIRQ
  68              	disableIRQ:
  69              		@ Function supports interworking.
  70              		@ args = 0, pretend = 0, frame = 0
  71              		@ frame_needed = 0, uses_anonymous_args = 0
  72              		@ link register save eliminated.
  73              		@ lr needed for prologue
  74 0058 00000FE1 		 mrs  r0, cpsr
  75 005c 803080E3 		orr	r3, r0, #128
  76 0060 03F029E1 		 msr  cpsr, r3
  77 0064 1EFF2FE1 		bx	lr
  79              		.align	2
  80              		.global	enableIRQ
  82              	enableIRQ:
  83              		@ Function supports interworking.
  84              		@ args = 0, pretend = 0, frame = 0
  85              		@ frame_needed = 0, uses_anonymous_args = 0
  86              		@ link register save eliminated.
  87              		@ lr needed for prologue
  88 0068 00000FE1 		 mrs  r0, cpsr
  89 006c 8030C0E3 		bic	r3, r0, #128
  90 0070 03F029E1 		 msr  cpsr, r3
  91 0074 1EFF2FE1 		bx	lr
  93              		.ident	"GCC: (GNU) 4.1.1 (WinARM)"
DEFINED SYMBOLS
                            *ABS*:00000000 armVIC.c
C:\Users\scurcic\AppData\Local\Temp/cc0Saaaa.s:6      .text:00000000 restoreIRQ
C:\Users\scurcic\AppData\Local\Temp/cc0Saaaa.s:12     .text:00000000 $a
C:\Users\scurcic\AppData\Local\Temp/cc0Saaaa.s:23     .text:0000001c restoreFIQ
C:\Users\scurcic\AppData\Local\Temp/cc0Saaaa.s:40     .text:00000038 disableFIQ
C:\Users\scurcic\AppData\Local\Temp/cc0Saaaa.s:54     .text:00000048 enableFIQ
C:\Users\scurcic\AppData\Local\Temp/cc0Saaaa.s:68     .text:00000058 disableIRQ
C:\Users\scurcic\AppData\Local\Temp/cc0Saaaa.s:82     .text:00000068 enableIRQ

NO UNDEFINED SYMBOLS
