   1              		.file	"i2c_motor_mikrokopter.c"
   2              		.text
   3              		.align	2
   4              		.global	motor_i2c_set_pwm
   6              	motor_i2c_set_pwm:
   7              		@ Function supports interworking.
   8              		@ args = 0, pretend = 0, frame = 48
   9              		@ frame_needed = 0, uses_anonymous_args = 0
  10 0000 04E02DE5 		str	lr, [sp, #-4]!
  11 0004 30D04DE2 		sub	sp, sp, #48
  12 0008 0020A0E3 		mov	r2, #0
  13 000c 2200CDE5 		strb	r0, [sp, #34]
  14 0010 0130A0E3 		mov	r3, #1
  15 0014 0D00A0E1 		mov	r0, sp
  16 0018 0010CDE5 		strb	r1, [sp, #0]
  17 001c 2030CDE5 		strb	r3, [sp, #32]
  18 0020 28208DE5 		str	r2, [sp, #40]
  19 0024 2120CDE5 		strb	r2, [sp, #33]
  20 0028 2320CDE5 		strb	r2, [sp, #35]
  21 002c 2420CDE5 		strb	r2, [sp, #36]
  22 0030 FEFFFFEB 		bl	i2c_op
  23 0034 30D08DE2 		add	sp, sp, #48
  24 0038 04E09DE4 		ldr	lr, [sp], #4
  25 003c 1EFF2FE1 		bx	lr
  27              		.comm	mavlink_system,8,4
  28              		.ident	"GCC: (GNU) 4.1.1 (WinARM)"
DEFINED SYMBOLS
                            *ABS*:00000000 i2c_motor_mikrokopter.c
C:\Users\scurcic\AppData\Local\Temp/cc5mdaaa.s:6      .text:00000000 motor_i2c_set_pwm
C:\Users\scurcic\AppData\Local\Temp/cc5mdaaa.s:10     .text:00000000 $a
                            *COM*:00000008 mavlink_system

UNDEFINED SYMBOLS
i2c_op
