   1              		.file	"main.c"
   2              		.text
   3              		.align	2
   4              		.global	main
   6              	main:
   7              		@ Function supports interworking.
   8              		@ args = 0, pretend = 0, frame = 0
   9              		@ frame_needed = 0, uses_anonymous_args = 0
  10 0000 04E02DE5 		str	lr, [sp, #-4]!
  11 0004 FEFFFFEB 		bl	main_init_ground_car
  12 0008 FEFFFFEB 		bl	main_loop_ground_car
  13 000c 0000A0E3 		mov	r0, #0
  14 0010 04E09DE4 		ldr	lr, [sp], #4
  15 0014 1EFF2FE1 		bx	lr
  17              		.ident	"GCC: (GNU) 4.1.1 (WinARM)"
DEFINED SYMBOLS
                            *ABS*:00000000 main.c
C:\Users\Srdjan\AppData\Local\Temp/cc8oaaaa.s:6      .text:00000000 main
C:\Users\Srdjan\AppData\Local\Temp/cc8oaaaa.s:10     .text:00000000 $a

UNDEFINED SYMBOLS
main_init_ground_car
main_loop_ground_car
