   1              		.file	"mainloop_ground_car.c"
   2              		.section	.rodata.str1.4,"aMS",%progbits,1
   3              		.align	2
   4              	.LC0:
   5 0000 53746172 		.ascii	"Starting main loop\000"
   5      74696E67 
   5      206D6169 
   5      6E206C6F 
   5      6F7000
   6              		.global	__eqsf2
   7              		.global	__floatsidf
   8              		.global	__floatsisf
   9              		.global	__muldf3
  10              		.global	__extendsfdf2
  11              		.global	__adddf3
  12              		.global	__truncdfsf2
  13              		.global	__subsf3
  14 0013 00       		.align	2
  15              	.LC1:
  16 0014 4759524F 		.ascii	"GYRO_RAW_X was ZERO!!!\000"
  16      5F524157 
  16      5F582077 
  16      6173205A 
  16      45524F21 
  17 002b 00       		.align	2
  18              	.LC2:
  19 002c 4759524F 		.ascii	"GYRO_RAW_Y was ZERO!!!\000"
  19      5F524157 
  19      5F592077 
  19      6173205A 
  19      45524F21 
  20 0043 00       		.align	2
  21              	.LC3:
  22 0044 4759524F 		.ascii	"GYRO_RAW_Z was ZERO!!!\000"
  22      5F524157 
  22      5F5A2077 
  22      6173205A 
  22      45524F21 
  23              		.global	__mulsf3
  24              		.global	__divsf3
  25              		.global	__fixsfsi
  26              		.global	__nesf2
  27              		.global	__addsf3
  28              		.global	__gtsf2
  29 005b 00       		.align	2
  30              	.LC4:
  31 005c 626D7030 		.ascii	"bmp085 pressure spike rejected\000"
  31      38352070 
  31      72657373 
  31      75726520 
  31      7370696B 
  32 007b 00       		.align	2
  33              	.LC5:
  34 007c 43524954 		.ascii	"CRITICAL WARNING! CPU LOAD TO HIGH. STARVATION!\000"
  34      4943414C 
  34      20574152 
  34      4E494E47 
  34      21204350 
  35              		.align	2
  36              	.LC6:
  37 00ac 43524954 		.ascii	"CRITICAL WARNING! CPU LOAD HIGHER THAN 80%\000"
  37      4943414C 
  37      20574152 
  37      4E494E47 
  37      21204350 
  38 00d7 00       		.text
  39              		.align	2
  40              		.global	main_loop_ground_car
  42              	main_loop_ground_car:
  43              		@ Function supports interworking.
  44              		@ args = 0, pretend = 0, frame = 16
  45              		@ frame_needed = 0, uses_anonymous_args = 0
  46 0000 F04F2DE9 		stmfd	sp!, {r4, r5, r6, r7, r8, r9, sl, fp, lr}
  47 0004 18D04DE2 		sub	sp, sp, #24
  48 0008 FEFFFFEB 		bl	sys_time_clock_get_time_usec
  49 000c F0249FE5 		ldr	r2, .L83+76
  50 0010 030082E8 		stmia	r2, {r0-r1}
  51 0014 BC049FE5 		ldr	r0, .L83+32
  52 0018 FEFFFFEB 		bl	debug_message_buffer
  53 001c B8A49FE5 		ldr	sl, .L83+36
  54              	.L77:
  55 0020 FEFFFFEB 		bl	sys_time_clock_get_time_usec
  56 0024 0080A0E1 		mov	r8, r0
  57 0028 4E0DA0E3 		mov	r0, #4992
  58 002c 0190A0E1 		mov	r9, r1
  59 0030 080080E2 		add	r0, r0, #8
  60 0034 0110A0E3 		mov	r1, #1
  61 0038 0820A0E1 		mov	r2, r8
  62 003c FEFFFFEB 		bl	us_run_every
  63 0040 000050E3 		cmp	r0, #0
  64 0044 0E01000A 		beq	.L3
  65 0048 0000A0E3 		mov	r0, #0
  66 004c 0110A0E3 		mov	r1, #1
  67 0050 FEFFFFEB 		bl	ads8341_read
  68              	.L5:
  69 0054 FEFFFFEB 		bl	spi_running
  70 0058 004050E2 		subs	r4, r0, #0
  71 005c FCFFFF1A 		bne	.L5
  72 0060 0110A0E3 		mov	r1, #1
  73 0064 FEFFFFEB 		bl	ads8341_get_value
  74 0068 0410A0E1 		mov	r1, r4
  75 006c B001CAE1 		strh	r0, [sl, #16]	@ movhi
  76 0070 0400A0E1 		mov	r0, r4
  77 0074 FEFFFFEB 		bl	ads8341_read
  78              	.L7:
  79 0078 FEFFFFEB 		bl	spi_running
  80 007c 004050E2 		subs	r4, r0, #0
  81 0080 FCFFFF1A 		bne	.L7
  82 0084 0410A0E1 		mov	r1, r4
  83 0088 FEFFFFEB 		bl	ads8341_get_value
  84 008c 0210A0E3 		mov	r1, #2
  85 0090 B201CAE1 		strh	r0, [sl, #18]	@ movhi
  86 0094 0400A0E1 		mov	r0, r4
  87 0098 FEFFFFEB 		bl	ads8341_read
  88              	.L9:
  89 009c FEFFFFEB 		bl	spi_running
  90 00a0 004050E2 		subs	r4, r0, #0
  91 00a4 FCFFFF1A 		bne	.L9
  92 00a8 0210A0E3 		mov	r1, #2
  93 00ac FEFFFFEB 		bl	ads8341_get_value
  94 00b0 0310A0E3 		mov	r1, #3
  95 00b4 B401CAE1 		strh	r0, [sl, #20]	@ movhi
  96 00b8 0400A0E1 		mov	r0, r4
  97 00bc FEFFFFEB 		bl	ads8341_read
  98              	.L11:
  99 00c0 FEFFFFEB 		bl	spi_running
 100 00c4 000050E3 		cmp	r0, #0
 101 00c8 FCFFFF1A 		bne	.L11
 102 00cc 0310A0E3 		mov	r1, #3
 103 00d0 FEFFFFEB 		bl	ads8341_get_value
 104 00d4 FE15A0E3 		mov	r1, #1065353216
 105 00d8 0040A0E1 		mov	r4, r0
 106 00dc 48039AE5 		ldr	r0, [sl, #840]	@ float
 107 00e0 BA42CAE1 		strh	r4, [sl, #42]	@ movhi
 108 00e4 FEFFFFEB 		bl	__eqsf2
 109 00e8 000050E3 		cmp	r0, #0
 110 00ec E8739FE5 		ldr	r7, .L83+36
 111 00f0 0F01001A 		bne	.L13
 112 00f4 0400A0E1 		mov	r0, r4
 113 00f8 FEFFFFEB 		bl	__floatsidf
 114 00fc 08008DE5 		str	r0, [sp, #8]
 115 0100 0C108DE5 		str	r1, [sp, #12]
 116 0104 B001D7E1 		ldrh	r0, [r7, #16]
 117 0108 303397E5 		ldr	r3, [r7, #816]	@ float
 118 010c 344397E5 		ldr	r4, [r7, #820]	@ float
 119 0110 010B50E3 		cmp	r0, #1024
 120 0114 2CB397E5 		ldr	fp, [r7, #812]	@ float
 121 0118 14308DE5 		str	r3, [sp, #20]	@ float
 122 011c 10408DE5 		str	r4, [sp, #16]	@ float
 123 0120 5401003A 		bcc	.L16
 124 0124 FEFFFFEB 		bl	__floatsisf
 125 0128 E22F8FE2 		adr	r2, .L83
 126 012c 0C0092E8 		ldmia	r2, {r2-r3}
 127 0130 0060A0E1 		mov	r6, r0
 128 0134 08008DE2 		add	r0, sp, #8
 129 0138 030090E8 		ldmia	r0, {r0-r1}
 130 013c FEFFFFEB 		bl	__muldf3
 131 0140 0040A0E1 		mov	r4, r0
 132 0144 0B00A0E1 		mov	r0, fp
 133 0148 0150A0E1 		mov	r5, r1
 134 014c FEFFFFEB 		bl	__extendsfdf2
 135 0150 0020A0E1 		mov	r2, r0
 136 0154 0130A0E1 		mov	r3, r1
 137 0158 0400A0E1 		mov	r0, r4
 138 015c 0510A0E1 		mov	r1, r5
 139 0160 FEFFFFEB 		bl	__adddf3
 140 0164 FEFFFFEB 		bl	__truncdfsf2
 141 0168 0010A0E1 		mov	r1, r0
 142 016c 0600A0E1 		mov	r0, r6
 143 0170 FEFFFFEB 		bl	__subsf3
 144 0174 FEFFFFEB 		bl	__extendsfdf2
 145 0178 E72F8FE2 		adr	r2, .L83+100
 146 017c 0C0092E8 		ldmia	r2, {r2-r3}
 147 0180 FEFFFFEB 		bl	__muldf3
 148 0184 FEFFFFEB 		bl	__truncdfsf2
 149 0188 3C0087E5 		str	r0, [r7, #60]	@ float
 150              	.L18:
 151 018c B201DAE1 		ldrh	r0, [sl, #18]
 152 0190 010B50E3 		cmp	r0, #1024
 153 0194 3401003A 		bcc	.L19
 154 0198 FEFFFFEB 		bl	__floatsisf
 155 019c C72F8FE2 		adr	r2, .L83+8
 156 01a0 0C0092E8 		ldmia	r2, {r2-r3}
 157 01a4 0060A0E1 		mov	r6, r0
 158 01a8 08008DE2 		add	r0, sp, #8
 159 01ac 030090E8 		ldmia	r0, {r0-r1}
 160 01b0 FEFFFFEB 		bl	__muldf3
 161 01b4 0040A0E1 		mov	r4, r0
 162 01b8 14009DE5 		ldr	r0, [sp, #20]	@ float
 163 01bc 0150A0E1 		mov	r5, r1
 164 01c0 FEFFFFEB 		bl	__extendsfdf2
 165 01c4 0020A0E1 		mov	r2, r0
 166 01c8 0130A0E1 		mov	r3, r1
 167 01cc 0400A0E1 		mov	r0, r4
 168 01d0 0510A0E1 		mov	r1, r5
 169 01d4 FEFFFFEB 		bl	__adddf3
 170 01d8 FEFFFFEB 		bl	__truncdfsf2
 171 01dc 0010A0E1 		mov	r1, r0
 172 01e0 0600A0E1 		mov	r0, r6
 173 01e4 FEFFFFEB 		bl	__subsf3
 174 01e8 FEFFFFEB 		bl	__extendsfdf2
 175 01ec 332E8FE2 		adr	r2, .L83+108
 176 01f0 0C0092E8 		ldmia	r2, {r2-r3}
 177 01f4 FEFFFFEB 		bl	__muldf3
 178 01f8 FEFFFFEB 		bl	__truncdfsf2
 179 01fc D8329FE5 		ldr	r3, .L83+36
 180 0200 400083E5 		str	r0, [r3, #64]	@ float
 181              	.L21:
 182 0204 B401DAE1 		ldrh	r0, [sl, #20]
 183 0208 010B50E3 		cmp	r0, #1024
 184 020c 1301003A 		bcc	.L22
 185 0210 FEFFFFEB 		bl	__floatsisf
 186 0214 AB2F8FE2 		adr	r2, .L83+16
 187 0218 0C0092E8 		ldmia	r2, {r2-r3}
 188 021c 0060A0E1 		mov	r6, r0
 189 0220 08008DE2 		add	r0, sp, #8
 190 0224 030090E8 		ldmia	r0, {r0-r1}
 191 0228 FEFFFFEB 		bl	__muldf3
 192 022c 0040A0E1 		mov	r4, r0
 193 0230 10009DE5 		ldr	r0, [sp, #16]	@ float
 194 0234 0150A0E1 		mov	r5, r1
 195 0238 FEFFFFEB 		bl	__extendsfdf2
 196 023c 0020A0E1 		mov	r2, r0
 197 0240 0130A0E1 		mov	r3, r1
 198 0244 0400A0E1 		mov	r0, r4
 199 0248 0510A0E1 		mov	r1, r5
 200 024c FEFFFFEB 		bl	__adddf3
 201 0250 FEFFFFEB 		bl	__truncdfsf2
 202 0254 0010A0E1 		mov	r1, r0
 203 0258 0600A0E1 		mov	r0, r6
 204 025c FEFFFFEB 		bl	__subsf3
 205 0260 FEFFFFEB 		bl	__extendsfdf2
 206 0264 0B2D8FE2 		adr	r2, .L83+116
 207 0268 0C0092E8 		ldmia	r2, {r2-r3}
 208 026c FEFFFFEB 		bl	__muldf3
 209 0270 FEFFFFEB 		bl	__truncdfsf2
 210 0274 60329FE5 		ldr	r3, .L83+36
 211 0278 440083E5 		str	r0, [r3, #68]	@ float
 212              	.L24:
 213 027c FEFFFFEB 		bl	sca3100_read_res
 214              	.L25:
 215 0280 FEFFFFEB 		bl	spi_running
 216 0284 007050E2 		subs	r7, r0, #0
 217 0288 FCFFFF1A 		bne	.L25
 218 028c FEFFFFEB 		bl	sca3100_get_value
 219 0290 B801CAE1 		strh	r0, [sl, #24]	@ movhi
 220 0294 0100A0E3 		mov	r0, #1
 221 0298 FEFFFFEB 		bl	sca3100_get_value
 222 029c BA01CAE1 		strh	r0, [sl, #26]	@ movhi
 223 02a0 0200A0E3 		mov	r0, #2
 224 02a4 FEFFFFEB 		bl	sca3100_get_value
 225 02a8 003060E2 		rsb	r3, r0, #0
 226 02ac F801DAE1 		ldrsh	r0, [sl, #24]
 227 02b0 BC31CAE1 		strh	r3, [sl, #28]	@ movhi
 228 02b4 FEFFFFEB 		bl	__floatsisf
 229 02b8 20129FE5 		ldr	r1, .L83+40
 230 02bc FEFFFFEB 		bl	__mulsf3
 231 02c0 1113A0E3 		mov	r1, #1140850688
 232 02c4 8A1981E2 		add	r1, r1, #2260992
 233 02c8 FEFFFFEB 		bl	__divsf3
 234 02cc 48008AE5 		str	r0, [sl, #72]	@ float
 235 02d0 FA01DAE1 		ldrsh	r0, [sl, #26]
 236 02d4 FEFFFFEB 		bl	__floatsisf
 237 02d8 00129FE5 		ldr	r1, .L83+40
 238 02dc FEFFFFEB 		bl	__mulsf3
 239 02e0 1113A0E3 		mov	r1, #1140850688
 240 02e4 8A1981E2 		add	r1, r1, #2260992
 241 02e8 FEFFFFEB 		bl	__divsf3
 242 02ec 4C008AE5 		str	r0, [sl, #76]	@ float
 243 02f0 FC01DAE1 		ldrsh	r0, [sl, #28]
 244 02f4 FEFFFFEB 		bl	__floatsisf
 245 02f8 E0119FE5 		ldr	r1, .L83+40
 246 02fc FEFFFFEB 		bl	__mulsf3
 247 0300 1113A0E3 		mov	r1, #1140850688
 248 0304 8A1981E2 		add	r1, r1, #2260992
 249 0308 FEFFFFEB 		bl	__divsf3
 250 030c D0519FE5 		ldr	r5, .L83+44
 251 0310 0030D5E5 		ldrb	r3, [r5, #0]	@ zero_extendqisi2
 252 0314 030053E3 		cmp	r3, #3
 253 0318 01308312 		addne	r3, r3, #1
 254 031c 50008AE5 		str	r0, [sl, #80]	@ float
 255 0320 B4619FE5 		ldr	r6, .L83+36
 256 0324 0030C515 		strneb	r3, [r5, #0]
 257 0328 D500000A 		beq	.L79
 258              	.L29:
 259 032c B4419FE5 		ldr	r4, .L83+48
 260 0330 18008AE2 		add	r0, sl, #24
 261 0334 030090E8 		ldmia	r0, {r0-r1}
 262 0338 FEFFFFEB 		bl	attitude_observer_correct_accel
 263 033c 0400A0E1 		mov	r0, r4
 264 0340 FEFFFFEB 		bl	attitude_observer_get_angles
 265 0344 003094E5 		ldr	r3, [r4, #0]	@ float
 266 0348 042094E5 		ldr	r2, [r4, #4]	@ float
 267 034c 28039AE5 		ldr	r0, [sl, #808]	@ float
 268 0350 0010A0E3 		mov	r1, #0
 269 0354 5C308AE5 		str	r3, [sl, #92]	@ float
 270 0358 60208AE5 		str	r2, [sl, #96]	@ float
 271 035c FEFFFFEB 		bl	__nesf2
 272 0360 000050E3 		cmp	r0, #0
 273 0364 70619FE5 		ldr	r6, .L83+36
 274 0368 08309405 		ldreq	r3, [r4, #8]	@ float
 275 036c 64308605 		streq	r3, [r6, #100]	@ float
 276 0370 0F00000A 		beq	.L33
 277 0374 640096E5 		ldr	r0, [r6, #100]	@ float
 278 0378 FEFFFFEB 		bl	__extendsfdf2
 279 037c 0040A0E1 		mov	r4, r0
 280 0380 440096E5 		ldr	r0, [r6, #68]	@ float
 281 0384 0150A0E1 		mov	r5, r1
 282 0388 FEFFFFEB 		bl	__extendsfdf2
 283 038c 4F2F8FE2 		adr	r2, .L83+24
 284 0390 0C0092E8 		ldmia	r2, {r2-r3}
 285 0394 FEFFFFEB 		bl	__muldf3
 286 0398 0020A0E1 		mov	r2, r0
 287 039c 0130A0E1 		mov	r3, r1
 288 03a0 0400A0E1 		mov	r0, r4
 289 03a4 0510A0E1 		mov	r1, r5
 290 03a8 FEFFFFEB 		bl	__adddf3
 291 03ac FEFFFFEB 		bl	__truncdfsf2
 292 03b0 640086E5 		str	r0, [r6, #100]	@ float
 293              	.L33:
 294 03b4 30619FE5 		ldr	r6, .L83+52
 295 03b8 070096E8 		ldmia	r6, {r0, r1, r2}
 296 03bc FEFFFFEB 		bl	attitude_observer_predict
 297              	.L34:
 298 03c0 FEFFFFEB 		bl	communication_receive
 299 03c4 FEFFFFEB 		bl	sys_time_clock_get_time_usec
 300 03c8 4E6DA0E3 		mov	r6, #4992
 301 03cc 0040A0E1 		mov	r4, r0
 302 03d0 0020A0E1 		mov	r2, r0
 303 03d4 0130A0E1 		mov	r3, r1
 304 03d8 0070A0E3 		mov	r7, #0
 305 03dc 0150A0E1 		mov	r5, r1
 306 03e0 086086E2 		add	r6, r6, #8
 307 03e4 0910A0E1 		mov	r1, r9
 308 03e8 0800A0E1 		mov	r0, r8
 309 03ec C0008DE8 		stmia	sp, {r6-r7}
 310 03f0 FEFFFFEB 		bl	measure_avg_cpu_load
 311 03f4 1A3EA0E3 		mov	r3, #416
 312 03f8 023083E2 		add	r3, r3, #2
 313 03fc B3008AE1 		strh	r0, [sl, r3]	@ movhi
 314 0400 0420A0E1 		mov	r2, r4
 315 0404 0530A0E1 		mov	r3, r5
 316 0408 0910A0E1 		mov	r1, r9
 317 040c 0800A0E1 		mov	r0, r8
 318 0410 C0008DE8 		stmia	sp, {r6-r7}
 319 0414 FEFFFFEB 		bl	measure_peak_cpu_load
 320 0418 E4709FE5 		ldr	r7, .L83+76
 321 041c 180097E8 		ldmia	r7, {r3-r4}
 322 0420 0810A0E1 		mov	r1, r8
 323 0424 0920A0E1 		mov	r2, r9
 324 0428 031051E0 		subs	r1, r1, r3
 325 042c 0420C2E0 		sbc	r2, r2, r4
 326 0430 000052E3 		cmp	r2, #0
 327 0434 693FA0E3 		mov	r3, #420
 328 0438 B3008AE1 		strh	r0, [sl, r3]	@ movhi
 329 043c 0400008A 		bhi	.L58
 330 0440 0700001A 		bne	.L56
 331 0444 4E3DA0E3 		mov	r3, #4992
 332 0448 073083E2 		add	r3, r3, #7
 333 044c 030051E1 		cmp	r1, r3
 334 0450 0300009A 		bls	.L56
 335              	.L58:
 336 0454 94009FE5 		ldr	r0, .L83+56
 337 0458 FEFFFFEB 		bl	debug_message_buffer
 338 045c A0109FE5 		ldr	r1, .L83+76
 339 0460 000381E8 		stmia	r1, {r8-r9}
 340              	.L56:
 341 0464 1A3EA0E3 		mov	r3, #416
 342 0468 023083E2 		add	r3, r3, #2
 343 046c B3209AE1 		ldrh	r2, [sl, r3]
 344 0470 320E52E3 		cmp	r2, #800
 345 0474 E9FEFF9A 		bls	.L77
 346 0478 74009FE5 		ldr	r0, .L83+60
 347 047c FEFFFFEB 		bl	debug_message_buffer
 348 0480 E6FEFFEA 		b	.L77
 349              	.L3:
 350 0484 4E0CA0E3 		mov	r0, #19968
 351 0488 200080E2 		add	r0, r0, #32
 352 048c 0210A0E3 		mov	r1, #2
 353 0490 0820A0E1 		mov	r2, r8
 354 0494 FEFFFFEB 		bl	us_run_every
 355 0498 000050E3 		cmp	r0, #0
 356 049c 4300000A 		beq	.L35
 357 04a0 FEFFFFEB 		bl	adc_read
 358 04a4 FEFFFFEB 		bl	remote_control
 359 04a8 0800A0E1 		mov	r0, r8
 360 04ac 0910A0E1 		mov	r1, r9
 361 04b0 FEFFFFEB 		bl	communication_send_raw_data
 362 04b4 C1FFFFEA 		b	.L34
 363              	.L84:
 364              		.align	2
 365              	.L83:
 366 04b8 13E4AEBF 		.word	-1079057389
 367 04bc AAB1218D 		.word	-1927171670
 368 04c0 0803953F 		.word	1066730248
 369 04c4 3020DF3C 		.word	1021255728
 370 04c8 81C898BF 		.word	-1080506239
 371 04cc 6E3526AD 		.word	-1390004882
 372 04d0 E17A743F 		.word	1064598241
 373 04d4 7B14AE47 		.word	1202590843
 374 04d8 00000000 		.word	.LC0
 375 04dc 00000000 		.word	global_data
 376 04e0 C3F51C41 		.word	1092416963
 377 04e4 14000000 		.word	mag_count.20801
 378 04e8 08000000 		.word	att.20802
 379 04ec 3C000000 		.word	global_data+60
 380 04f0 7C000000 		.word	.LC5
 381 04f4 AC000000 		.word	.LC6
 382 04f8 44000000 		.word	.LC3
 383 04fc 2C000000 		.word	.LC2
 384 0500 14000000 		.word	.LC1
 385 0504 00000000 		.word	last_mainloop_idle
 386 0508 A4707D3F 		.word	1065185444
 387 050c 0AD7233C 		.word	1008981770
 388 0510 00000000 		.word	pressure_lowpass.19290
 389 0514 00000000 		.word	bmp085_measurement_mode
 390 0518 5C000000 		.word	.LC4
 391 051c 1E4B4FBF 		.word	-1085322466
 392 0520 975643E2 		.word	-498903401
 393 0524 1E4B4F3F 		.word	1062161182
 394 0528 975643E2 		.word	-498903401
 395 052c 3F8C50BF 		.word	-1085240257
 396 0530 CE70033E 		.word	1040412878
 397              	.L13:
 398 0534 B001D7E1 		ldrh	r0, [r7, #16]
 399 0538 FEFFFFEB 		bl	__floatsisf
 400 053c 2C1397E5 		ldr	r1, [r7, #812]	@ float
 401 0540 FEFFFFEB 		bl	__subsf3
 402 0544 FEFFFFEB 		bl	__extendsfdf2
 403 0548 34204FE2 		adr	r2, .L83+100
 404 054c 0C0092E8 		ldmia	r2, {r2-r3}
 405 0550 FEFFFFEB 		bl	__muldf3
 406 0554 FEFFFFEB 		bl	__truncdfsf2
 407 0558 3C0087E5 		str	r0, [r7, #60]	@ float
 408 055c B201D7E1 		ldrh	r0, [r7, #18]
 409 0560 FEFFFFEB 		bl	__floatsisf
 410 0564 301397E5 		ldr	r1, [r7, #816]	@ float
 411 0568 FEFFFFEB 		bl	__subsf3
 412 056c FEFFFFEB 		bl	__extendsfdf2
 413 0570 54204FE2 		adr	r2, .L83+108
 414 0574 0C0092E8 		ldmia	r2, {r2-r3}
 415 0578 FEFFFFEB 		bl	__muldf3
 416 057c FEFFFFEB 		bl	__truncdfsf2
 417 0580 400087E5 		str	r0, [r7, #64]	@ float
 418 0584 B401D7E1 		ldrh	r0, [r7, #20]
 419 0588 FEFFFFEB 		bl	__floatsisf
 420 058c 341397E5 		ldr	r1, [r7, #820]	@ float
 421 0590 FEFFFFEB 		bl	__subsf3
 422 0594 FEFFFFEB 		bl	__extendsfdf2
 423 0598 74204FE2 		adr	r2, .L83+116
 424 059c 0C0092E8 		ldmia	r2, {r2-r3}
 425 05a0 FEFFFFEB 		bl	__muldf3
 426 05a4 FEFFFFEB 		bl	__truncdfsf2
 427 05a8 440087E5 		str	r0, [r7, #68]	@ float
 428 05ac 32FFFFEA 		b	.L24
 429              	.L35:
 430 05b0 C30BA0E3 		mov	r0, #199680
 431 05b4 050D80E2 		add	r0, r0, #320
 432 05b8 0710A0E3 		mov	r1, #7
 433 05bc 0820A0E1 		mov	r2, r8
 434 05c0 FEFFFFEB 		bl	us_run_every
 435 05c4 000050E3 		cmp	r0, #0
 436 05c8 1700000A 		beq	.L37
 437 05cc FEFFFFEB 		bl	communication_queued_send
 438 05d0 FEFFFFEB 		bl	debug_message_send_one
 439 05d4 1100A0E3 		mov	r0, #17
 440 05d8 FEFFFFEB 		bl	led_toggle
 441 05dc 50319AE5 		ldr	r3, [sl, #336]
 442 05e0 023043E2 		sub	r3, r3, #2
 443 05e4 020053E3 		cmp	r3, #2
 444 05e8 5100008A 		bhi	.L39
 445 05ec E0701FE5 		ldr	r7, .L83+92
 446 05f0 1000A0E3 		mov	r0, #16
 447 05f4 FEFFFFEB 		bl	led_on
 448 05f8 FEFFFFEB 		bl	handle_eeprom_write_request
 449 05fc FEFFFFEB 		bl	handle_reset_request
 450 0600 FEFFFFEB 		bl	communication_send_remote_control
 451 0604 0030D7E5 		ldrb	r3, [r7, #0]	@ zero_extendqisi2
 452 0608 0A0053E3 		cmp	r3, #10
 453 060c 5100000A 		beq	.L43
 454              	.L81:
 455 0610 0B0053E3 		cmp	r3, #11
 456 0614 6200000A 		beq	.L80
 457 0618 FEFFFFEB 		bl	bmp085_start_temp_measurement
 458 061c 10611FE5 		ldr	r6, .L83+92
 459 0620 0A30A0E3 		mov	r3, #10
 460 0624 0030C6E5 		strb	r3, [r6, #0]
 461 0628 64FFFFEA 		b	.L34
 462              	.L37:
 463 062c C30CA0E3 		mov	r0, #49920
 464 0630 500080E2 		add	r0, r0, #80
 465 0634 0610A0E3 		mov	r1, #6
 466 0638 0820A0E1 		mov	r2, r8
 467 063c FEFFFFEB 		bl	us_run_every
 468 0640 000050E3 		cmp	r0, #0
 469 0644 2E00000A 		beq	.L51
 470 0648 1700A0E3 		mov	r0, #23
 471 064c FEFFFFEB 		bl	led_toggle
 472 0650 0800A0E1 		mov	r0, r8
 473 0654 0910A0E1 		mov	r1, r9
 474 0658 FEFFFFEB 		bl	communication_send_attitude_position
 475 065c 57FFFFEA 		b	.L34
 476              	.L22:
 477 0660 70011FE5 		ldr	r0, .L83+64
 478 0664 FEFFFFEB 		bl	debug_message_buffer
 479 0668 03FFFFEA 		b	.L24
 480              	.L19:
 481 066c 78011FE5 		ldr	r0, .L83+68
 482 0670 FEFFFFEB 		bl	debug_message_buffer
 483 0674 E2FEFFEA 		b	.L21
 484              	.L16:
 485 0678 80011FE5 		ldr	r0, .L83+72
 486 067c FEFFFFEB 		bl	debug_message_buffer
 487 0680 C1FEFFEA 		b	.L18
 488              	.L79:
 489 0684 FEFFFFEB 		bl	hmc5843_data_ok
 490 0688 3001C6E5 		strb	r0, [r6, #304]
 491 068c 200086E2 		add	r0, r6, #32
 492 0690 FEFFFFEB 		bl	hmc5843_get_data
 493 0694 3041D6E5 		ldrb	r4, [r6, #304]	@ zero_extendqisi2
 494 0698 FEFFFFEB 		bl	hmc5843_data_ok
 495 069c 043000E0 		and	r3, r0, r4
 496 06a0 3031C6E5 		strb	r3, [r6, #304]
 497 06a4 F002D6E1 		ldrsh	r0, [r6, #32]
 498 06a8 FEFFFFEB 		bl	__floatsisf
 499 06ac 4C1396E5 		ldr	r1, [r6, #844]	@ float
 500 06b0 FEFFFFEB 		bl	__subsf3
 501 06b4 FEFFFFEB 		bl	__fixsfsi
 502 06b8 B405C6E1 		strh	r0, [r6, #84]	@ movhi
 503 06bc F202D6E1 		ldrsh	r0, [r6, #34]
 504 06c0 FEFFFFEB 		bl	__floatsisf
 505 06c4 501396E5 		ldr	r1, [r6, #848]	@ float
 506 06c8 FEFFFFEB 		bl	__subsf3
 507 06cc 020180E2 		add	r0, r0, #-2147483648
 508 06d0 FEFFFFEB 		bl	__fixsfsi
 509 06d4 B605C6E1 		strh	r0, [r6, #86]	@ movhi
 510 06d8 F402D6E1 		ldrsh	r0, [r6, #36]
 511 06dc FEFFFFEB 		bl	__floatsisf
 512 06e0 541396E5 		ldr	r1, [r6, #852]	@ float
 513 06e4 FEFFFFEB 		bl	__subsf3
 514 06e8 FEFFFFEB 		bl	__fixsfsi
 515 06ec B805C6E1 		strh	r0, [r6, #88]	@ movhi
 516 06f0 540086E2 		add	r0, r6, #84
 517 06f4 030090E8 		ldmia	r0, {r0-r1}
 518 06f8 FEFFFFEB 		bl	attitude_observer_correct_magnet
 519 06fc 0070C5E5 		strb	r7, [r5, #0]
 520 0700 09FFFFEA 		b	.L29
 521              	.L51:
 522 0704 4E0DA0E3 		mov	r0, #4992
 523 0708 080080E2 		add	r0, r0, #8
 524 070c 0410A0E3 		mov	r1, #4
 525 0710 0820A0E1 		mov	r2, r8
 526 0714 FEFFFFEB 		bl	us_run_every
 527 0718 000050E3 		cmp	r0, #0
 528 071c 1D00000A 		beq	.L53
 529 0720 5C319AE5 		ldr	r3, [sl, #348]
 530 0724 030053E3 		cmp	r3, #3
 531 0728 24FFFF1A 		bne	.L34
 532 072c FEFFFFEB 		bl	param_handler
 533 0730 22FFFFEA 		b	.L34
 534              	.L39:
 535 0734 28721FE5 		ldr	r7, .L83+92
 536 0738 1000A0E3 		mov	r0, #16
 537 073c FEFFFFEB 		bl	led_off
 538 0740 FEFFFFEB 		bl	handle_eeprom_write_request
 539 0744 FEFFFFEB 		bl	handle_reset_request
 540 0748 FEFFFFEB 		bl	communication_send_remote_control
 541 074c 0030D7E5 		ldrb	r3, [r7, #0]	@ zero_extendqisi2
 542 0750 0A0053E3 		cmp	r3, #10
 543 0754 ADFFFF1A 		bne	.L81
 544              	.L43:
 545 0758 FEFFFFEB 		bl	bmp085_get_temperature
 546 075c 0038A0E1 		mov	r3, r0, asl #16
 547 0760 2338A0E1 		mov	r3, r3, lsr #16
 548 0764 0308A0E1 		mov	r0, r3, asl #16
 549 0768 4008A0E1 		mov	r0, r0, asr #16
 550 076c BC32CAE1 		strh	r3, [sl, #44]	@ movhi
 551 0770 FEFFFFEB 		bl	__floatsisf
 552 0774 4114A0E3 		mov	r1, #1090519040
 553 0778 021681E2 		add	r1, r1, #2097152
 554 077c FEFFFFEB 		bl	__divsf3
 555 0780 30008AE5 		str	r0, [sl, #48]	@ float
 556 0784 FEFFFFEB 		bl	bmp085_start_pressure_measurement
 557 0788 7C321FE5 		ldr	r3, .L83+92
 558 078c 0B20A0E3 		mov	r2, #11
 559 0790 0020C3E5 		strb	r2, [r3, #0]
 560 0794 09FFFFEA 		b	.L34
 561              	.L53:
 562 0798 9C721FE5 		ldr	r7, .L83+76
 563 079c 000387E8 		stmia	r7, {r8-r9}
 564 07a0 06FFFFEA 		b	.L34
 565              	.L80:
 566 07a4 FEFFFFEB 		bl	bmp085_get_pressure
 567 07a8 000050E3 		cmp	r0, #0
 568 07ac 0030A0E1 		mov	r3, r0
 569 07b0 00008AE5 		str	r0, [sl, #0]
 570 07b4 240000BA 		blt	.L46
 571 07b8 FEFFFFEB 		bl	__floatsisf
 572 07bc 0060A0E1 		mov	r6, r0
 573              	.L45:
 574 07c0 B8221FE5 		ldr	r2, .L83+88
 575 07c4 C4021FE5 		ldr	r0, .L83+80
 576 07c8 001092E5 		ldr	r1, [r2, #0]	@ float
 577 07cc FEFFFFEB 		bl	__mulsf3
 578 07d0 CC121FE5 		ldr	r1, .L83+84
 579 07d4 0040A0E1 		mov	r4, r0
 580 07d8 0600A0E1 		mov	r0, r6
 581 07dc FEFFFFEB 		bl	__mulsf3
 582 07e0 0010A0E1 		mov	r1, r0
 583 07e4 0400A0E1 		mov	r0, r4
 584 07e8 FEFFFFEB 		bl	__addsf3
 585 07ec E4421FE5 		ldr	r4, .L83+88
 586 07f0 0030A0E1 		mov	r3, r0
 587 07f4 003084E5 		str	r3, [r4, #0]	@ float
 588 07f8 0610A0E1 		mov	r1, r6
 589 07fc FEFFFFEB 		bl	__subsf3
 590 0800 1113A0E3 		mov	r1, #1140850688
 591 0804 BB1881E2 		add	r1, r1, #12255232
 592 0808 0201C0E3 		bic	r0, r0, #-2147483648
 593 080c 021981E2 		add	r1, r1, #32768
 594 0810 FEFFFFEB 		bl	__gtsf2
 595 0814 000050E3 		cmp	r0, #0
 596 0818 0130A0D3 		movle	r3, #1
 597 081c 3131CAD5 		strleb	r3, [sl, #305]
 598 0820 040000CA 		bgt	.L82
 599              	.L50:
 600 0824 FEFFFFEB 		bl	bmp085_start_temp_measurement
 601 0828 1C531FE5 		ldr	r5, .L83+92
 602 082c 0A30A0E3 		mov	r3, #10
 603 0830 0030C5E5 		strb	r3, [r5, #0]
 604 0834 E1FEFFEA 		b	.L34
 605              	.L82:
 606 0838 0030A0E3 		mov	r3, #0
 607 083c 2C031FE5 		ldr	r0, .L83+96
 608 0840 3131CAE5 		strb	r3, [sl, #305]
 609 0844 FEFFFFEB 		bl	debug_message_buffer
 610 0848 F5FFFFEA 		b	.L50
 611              	.L46:
 612 084c 010000E2 		and	r0, r0, #1
 613 0850 A30080E1 		orr	r0, r0, r3, lsr #1
 614 0854 FEFFFFEB 		bl	__floatsisf
 615 0858 0010A0E1 		mov	r1, r0
 616 085c FEFFFFEB 		bl	__addsf3
 617 0860 0060A0E1 		mov	r6, r0
 618 0864 D5FFFFEA 		b	.L45
 620              		.align	2
 621              		.global	main_init_ground_car
 623              	main_init_ground_car:
 624              		@ Function supports interworking.
 625              		@ args = 0, pretend = 0, frame = 0
 626              		@ frame_needed = 0, uses_anonymous_args = 0
 627 0868 04E02DE5 		str	lr, [sp, #-4]!
 628 086c FEFFFFEB 		bl	main_init_generic
 629 0870 04E09DE4 		ldr	lr, [sp], #4
 630 0874 1EFF2FE1 		bx	lr
 632              		.global	last_mainloop_idle
 633              		.bss
 634              		.align	2
 637              	last_mainloop_idle:
 638 0000 00000000 		.space	8
 638      00000000 
 639              		.align	2
 640              	att.20802:
 641 0008 00000000 		.space	12
 641      00000000 
 641      00000000 
 642              	mag_count.20801:
 643 0014 00       		.space	1
 644 0015 000000   		.data
 645              		.align	2
 648              	pressure_lowpass.19290:
 649 0000 0050C347 		.word	1203982336
 650              		.comm	mavlink_system,8,4
 651              		.comm	global_param_id,4,4
 652              		.comm	state_fly_id,4,4
 653              		.comm	global_data,2684,4
 654              		.comm	mag_axis,1,1
 655              		.comm	bmp085_measurement_mode,1,1
 656              		.comm	gps_device_mode,1,1
 657              		.comm	yaw_pos_controller,32,4
 658              		.comm	yaw_speed_controller,32,4
 659              		.comm	nick_controller,32,4
 660              		.comm	roll_controller,32,4
 661              		.comm	fw_yaw_controller,32,4
 662              		.comm	fw_nick_controller,32,4
 663              		.comm	fw_roll_controller,32,4
 664              		.comm	x_axis_controller,32,4
 665              		.comm	y_axis_controller,32,4
 666              		.comm	z_axis_controller,32,4
 667              		.ident	"GCC: (GNU) 4.1.1 (WinARM)"
DEFINED SYMBOLS
                            *ABS*:00000000 mainloop_ground_car.c
C:\Users\Srdjan\AppData\Local\Temp/cccVaaaa.s:42     .text:00000000 main_loop_ground_car
C:\Users\Srdjan\AppData\Local\Temp/cccVaaaa.s:46     .text:00000000 $a
C:\Users\Srdjan\AppData\Local\Temp/cccVaaaa.s:366    .text:000004b8 $d
                            *COM*:00000a7c global_data
C:\Users\Srdjan\AppData\Local\Temp/cccVaaaa.s:642    .bss:00000014 mag_count.20801
C:\Users\Srdjan\AppData\Local\Temp/cccVaaaa.s:640    .bss:00000008 att.20802
C:\Users\Srdjan\AppData\Local\Temp/cccVaaaa.s:637    .bss:00000000 last_mainloop_idle
C:\Users\Srdjan\AppData\Local\Temp/cccVaaaa.s:648    .data:00000000 pressure_lowpass.19290
                            *COM*:00000001 bmp085_measurement_mode
C:\Users\Srdjan\AppData\Local\Temp/cccVaaaa.s:398    .text:00000534 $a
C:\Users\Srdjan\AppData\Local\Temp/cccVaaaa.s:623    .text:00000868 main_init_ground_car
                             .bss:00000000 $d
C:\Users\Srdjan\AppData\Local\Temp/cccVaaaa.s:649    .data:00000000 $d
                            *COM*:00000008 mavlink_system
                            *COM*:00000004 global_param_id
                            *COM*:00000004 state_fly_id
                            *COM*:00000001 mag_axis
                            *COM*:00000001 gps_device_mode
                            *COM*:00000020 yaw_pos_controller
                            *COM*:00000020 yaw_speed_controller
                            *COM*:00000020 nick_controller
                            *COM*:00000020 roll_controller
                            *COM*:00000020 fw_yaw_controller
                            *COM*:00000020 fw_nick_controller
                            *COM*:00000020 fw_roll_controller
                            *COM*:00000020 x_axis_controller
                            *COM*:00000020 y_axis_controller
                            *COM*:00000020 z_axis_controller

UNDEFINED SYMBOLS
__eqsf2
__floatsidf
__floatsisf
__muldf3
__extendsfdf2
__adddf3
__truncdfsf2
__subsf3
__mulsf3
__divsf3
__fixsfsi
__nesf2
__addsf3
__gtsf2
sys_time_clock_get_time_usec
debug_message_buffer
us_run_every
ads8341_read
spi_running
ads8341_get_value
sca3100_read_res
sca3100_get_value
attitude_observer_correct_accel
attitude_observer_get_angles
attitude_observer_predict
communication_receive
measure_avg_cpu_load
measure_peak_cpu_load
adc_read
remote_control
communication_send_raw_data
communication_queued_send
debug_message_send_one
led_toggle
led_on
handle_eeprom_write_request
handle_reset_request
communication_send_remote_control
bmp085_start_temp_measurement
communication_send_attitude_position
hmc5843_data_ok
hmc5843_get_data
attitude_observer_correct_magnet
param_handler
led_off
bmp085_get_temperature
bmp085_start_pressure_measurement
bmp085_get_pressure
main_init_generic
