   1              		.file	"pid.c"
   2              		.text
   3              		.align	2
   4              		.global	pid_init
   6              	pid_init:
   7              		@ Function supports interworking.
   8              		@ args = 12, pretend = 0, frame = 0
   9              		@ frame_needed = 0, uses_anonymous_args = 0
  10 0000 30402DE9 		stmfd	sp!, {r4, r5, lr}
  11 0004 083080E5 		str	r3, [r0, #8]	@ float
  12 0008 1040DDE5 		ldrb	r4, [sp, #16]	@ zero_extendqisi2
  13 000c 1450DDE5 		ldrb	r5, [sp, #20]	@ zero_extendqisi2
  14 0010 0C309DE5 		ldr	r3, [sp, #12]	@ float
  15 0014 00C0A0E3 		mov	ip, #0
  16 0018 00E0A0E3 		mov	lr, #0
  17 001c 14C080E5 		str	ip, [r0, #20]	@ float
  18 0020 001080E5 		str	r1, [r0, #0]	@ float
  19 0024 042080E5 		str	r2, [r0, #4]	@ float
  20 0028 0C3080E5 		str	r3, [r0, #12]	@ float
  21 002c 1C40C0E5 		strb	r4, [r0, #28]
  22 0030 1D50C0E5 		strb	r5, [r0, #29]
  23 0034 1FE0C0E5 		strb	lr, [r0, #31]
  24 0038 1EE0C0E5 		strb	lr, [r0, #30]
  25 003c 10C080E5 		str	ip, [r0, #16]	@ float
  26 0040 18C080E5 		str	ip, [r0, #24]	@ float
  27 0044 3040BDE8 		ldmfd	sp!, {r4, r5, lr}
  28 0048 1EFF2FE1 		bx	lr
  30              		.align	2
  31              		.global	pid_set_parameters
  33              	pid_set_parameters:
  34              		@ Function supports interworking.
  35              		@ args = 4, pretend = 0, frame = 0
  36              		@ frame_needed = 0, uses_anonymous_args = 0
  37              		@ link register save eliminated.
  38 004c 00C09DE5 		ldr	ip, [sp, #0]	@ float
  39              		@ lr needed for prologue
  40 0050 0CC080E5 		str	ip, [r0, #12]	@ float
  41 0054 001080E5 		str	r1, [r0, #0]	@ float
  42 0058 042080E5 		str	r2, [r0, #4]	@ float
  43 005c 083080E5 		str	r3, [r0, #8]	@ float
  44 0060 1EFF2FE1 		bx	lr
  46              		.global	__subsf3
  47              		.global	__mulsf3
  48              		.global	__gtsf2
  49              		.global	__addsf3
  50              		.global	__nesf2
  51              		.global	__ltsf2
  52              		.global	__divsf3
  53              		.align	2
  54              		.global	pid_calculate
  56              	pid_calculate:
  57              		@ Function supports interworking.
  58              		@ args = 4, pretend = 0, frame = 0
  59              		@ frame_needed = 0, uses_anonymous_args = 0
  60 0064 F0452DE9 		stmfd	sp!, {r4, r5, r6, r7, r8, sl, lr}
  61 0068 101080E5 		str	r1, [r0, #16]	@ float
  62 006c 0050A0E1 		mov	r5, r0
  63 0070 0100A0E1 		mov	r0, r1
  64 0074 0210A0E1 		mov	r1, r2
  65 0078 0360A0E1 		mov	r6, r3
  66 007c FEFFFFEB 		bl	__subsf3
  67 0080 1F30D5E5 		ldrb	r3, [r5, #31]	@ zero_extendqisi2
  68 0084 000053E3 		cmp	r3, #0
  69 0088 0070A0E1 		mov	r7, r0
  70 008c 1CA09DE5 		ldr	sl, [sp, #28]	@ float
  71 0090 3100000A 		beq	.L6
  72 0094 148095E5 		ldr	r8, [r5, #20]	@ float
  73 0098 0810A0E1 		mov	r1, r8
  74 009c FEFFFFEB 		bl	__mulsf3
  75 00a0 0010A0E3 		mov	r1, #0
  76 00a4 FEFFFFEB 		bl	__gtsf2
  77 00a8 000050E3 		cmp	r0, #0
  78 00ac 0030A0C3 		movgt	r3, #0
  79 00b0 1F30C5C5 		strgtb	r3, [r5, #31]
  80 00b4 280000DA 		ble	.L6
  81              	.L10:
  82 00b8 0C4095E5 		ldr	r4, [r5, #12]	@ float
  83 00bc 0010A0E3 		mov	r1, #0
  84 00c0 0400A0E1 		mov	r0, r4
  85 00c4 FEFFFFEB 		bl	__nesf2
  86 00c8 000050E3 		cmp	r0, #0
  87 00cc 0500000A 		beq	.L11
  88 00d0 0800A0E1 		mov	r0, r8
  89 00d4 0410A0E1 		mov	r1, r4
  90 00d8 FEFFFFEB 		bl	__gtsf2
  91 00dc 000050E3 		cmp	r0, #0
  92 00e0 280000DA 		ble	.L28
  93              	.L26:
  94 00e4 144085E5 		str	r4, [r5, #20]	@ float
  95              	.L11:
  96 00e8 1C30D5E5 		ldrb	r3, [r5, #28]	@ zero_extendqisi2
  97 00ec 000053E3 		cmp	r3, #0
  98 00f0 2000001A 		bne	.L20
  99 00f4 181095E5 		ldr	r1, [r5, #24]	@ float
 100 00f8 0700A0E1 		mov	r0, r7
 101 00fc FEFFFFEB 		bl	__subsf3
 102 0100 0A10A0E1 		mov	r1, sl
 103 0104 FEFFFFEB 		bl	__divsf3
 104 0108 0060A0E1 		mov	r6, r0
 105              	.L22:
 106 010c 001095E5 		ldr	r1, [r5, #0]	@ float
 107 0110 187085E5 		str	r7, [r5, #24]	@ float
 108 0114 0700A0E1 		mov	r0, r7
 109 0118 FEFFFFEB 		bl	__mulsf3
 110 011c 041095E5 		ldr	r1, [r5, #4]	@ float
 111 0120 0040A0E1 		mov	r4, r0
 112 0124 0800A0E1 		mov	r0, r8
 113 0128 FEFFFFEB 		bl	__mulsf3
 114 012c 0010A0E1 		mov	r1, r0
 115 0130 0400A0E1 		mov	r0, r4
 116 0134 FEFFFFEB 		bl	__addsf3
 117 0138 081095E5 		ldr	r1, [r5, #8]	@ float
 118 013c 0040A0E1 		mov	r4, r0
 119 0140 0600A0E1 		mov	r0, r6
 120 0144 FEFFFFEB 		bl	__mulsf3
 121 0148 0010A0E1 		mov	r1, r0
 122 014c 0400A0E1 		mov	r0, r4
 123 0150 FEFFFFEB 		bl	__addsf3
 124 0154 F045BDE8 		ldmfd	sp!, {r4, r5, r6, r7, r8, sl, lr}
 125 0158 1EFF2FE1 		bx	lr
 126              	.L6:
 127 015c 0A10A0E1 		mov	r1, sl
 128 0160 0700A0E1 		mov	r0, r7
 129 0164 FEFFFFEB 		bl	__mulsf3
 130 0168 141095E5 		ldr	r1, [r5, #20]	@ float
 131 016c FEFFFFEB 		bl	__addsf3
 132 0170 0080A0E1 		mov	r8, r0
 133 0174 CFFFFFEA 		b	.L10
 134              	.L20:
 135 0178 010053E3 		cmp	r3, #1
 136 017c 0060A013 		movne	r6, #0
 137 0180 02618602 		addeq	r6, r6, #-2147483648
 138 0184 E0FFFFEA 		b	.L22
 139              	.L28:
 140 0188 024184E2 		add	r4, r4, #-2147483648
 141 018c 0410A0E1 		mov	r1, r4
 142 0190 0800A0E1 		mov	r0, r8
 143 0194 FEFFFFEB 		bl	__ltsf2
 144 0198 000050E3 		cmp	r0, #0
 145 019c 0840A0A1 		movge	r4, r8
 146 01a0 CFFFFFEA 		b	.L26
 148              		.comm	mavlink_system,8,4
 149              		.comm	global_param_id,4,4
 150              		.comm	state_fly_id,4,4
 151              		.comm	global_data,2700,4
 152              		.ident	"GCC: (GNU) 4.1.1 (WinARM)"
DEFINED SYMBOLS
                            *ABS*:00000000 pid.c
C:\Users\Srdjan\AppData\Local\Temp/ccE7aaaa.s:6      .text:00000000 pid_init
C:\Users\Srdjan\AppData\Local\Temp/ccE7aaaa.s:10     .text:00000000 $a
C:\Users\Srdjan\AppData\Local\Temp/ccE7aaaa.s:33     .text:0000004c pid_set_parameters
C:\Users\Srdjan\AppData\Local\Temp/ccE7aaaa.s:56     .text:00000064 pid_calculate
                            *COM*:00000008 mavlink_system
                            *COM*:00000004 global_param_id
                            *COM*:00000004 state_fly_id
                            *COM*:00000a8c global_data

UNDEFINED SYMBOLS
__subsf3
__mulsf3
__gtsf2
__addsf3
__nesf2
__ltsf2
__divsf3
