   1              		.file	"position_kalman.c"
   2              		.text
   3              		.align	2
   4              		.global	position_kalman_init
   6              	position_kalman_init:
   7              		@ Function supports interworking.
   8              		@ args = 0, pretend = 0, frame = 0
   9              		@ frame_needed = 0, uses_anonymous_args = 0
  10              		@ link register save eliminated.
  11 0000 30209FE5 		ldr	r2, .L3
  12 0004 30109FE5 		ldr	r1, .L3+4
  13 0008 30009FE5 		ldr	r0, .L3+8
  14 000c 0030A0E3 		mov	r3, #0
  15              		@ lr needed for prologue
  16 0010 083080E5 		str	r3, [r0, #8]	@ float
  17 0014 083082E5 		str	r3, [r2, #8]	@ float
  18 0018 083081E5 		str	r3, [r1, #8]	@ float
  19 001c 003082E5 		str	r3, [r2, #0]	@ float
  20 0020 043082E5 		str	r3, [r2, #4]	@ float
  21 0024 003081E5 		str	r3, [r1, #0]	@ float
  22 0028 043081E5 		str	r3, [r1, #4]	@ float
  23 002c 003080E5 		str	r3, [r0, #0]	@ float
  24 0030 043080E5 		str	r3, [r0, #4]	@ float
  25 0034 1EFF2FE1 		bx	lr
  26              	.L4:
  27              		.align	2
  28              	.L3:
  29 0038 00000000 		.word	state
  30 003c 00000000 		.word	state_dot
  31 0040 00000000 		.word	state_ddot
  33              		.global	__addsf3
  34              		.global	__gtsf2
  35              		.global	__mulsf3
  36              		.global	__cmpdi2
  37              		.global	__floatdisf
  38              		.global	__subsf3
  39              		.global	__divsf3
  40              		.align	2
  41              		.global	x_position_kalman
  43              	x_position_kalman:
  44              		@ Function supports interworking.
  45              		@ args = 68, pretend = 4, frame = 176
  46              		@ frame_needed = 0, uses_anonymous_args = 0
  47 0044 04D04DE2 		sub	sp, sp, #4
  48 0048 F04F2DE9 		stmfd	sp!, {r4, r5, r6, r7, r8, r9, sl, fp, lr}
  49 004c B0D04DE2 		sub	sp, sp, #176
  50 0050 A4C08DE2 		add	ip, sp, #164
  51 0054 07008CE8 		stmia	ip, {r0, r1, r2}
  52 0058 D4308DE5 		str	r3, [sp, #212]
  53 005c 14319DE5 		ldr	r3, [sp, #276]
  54 0060 010053E3 		cmp	r3, #1
  55 0064 413F8DE2 		add	r3, sp, #260
  56 0068 180093E8 		ldmia	r3, {r3-r4}
  57 006c A4109DE5 		ldr	r1, [sp, #164]	@ float
  58 0070 D4209DE5 		ldr	r2, [sp, #212]	@ float
  59 0074 98308DE5 		str	r3, [sp, #152]
  60 0078 9C408DE5 		str	r4, [sp, #156]
  61 007c 0C419DE5 		ldr	r4, [sp, #268]
  62 0080 90108DE5 		str	r1, [sp, #144]	@ float
  63 0084 94208DE5 		str	r2, [sp, #148]	@ float
  64 0088 A0408DE5 		str	r4, [sp, #160]
  65 008c 4403000A 		beq	.L20
  66 0090 202E9FE5 		ldr	r2, .L23
  67 0094 204E9FE5 		ldr	r4, .L23+4
  68 0098 000092E5 		ldr	r0, [r2, #0]	@ float
  69 009c 001094E5 		ldr	r1, [r4, #0]	@ float
  70 00a0 FEFFFFEB 		bl	__addsf3
  71 00a4 143E9FE5 		ldr	r3, .L23+8
  72 00a8 001093E5 		ldr	r1, [r3, #0]	@ float
  73 00ac FEFFFFEB 		bl	__addsf3
  74 00b0 4614A0E3 		mov	r1, #1174405120
  75 00b4 711981E2 		add	r1, r1, #1851392
  76 00b8 FEFFFFEB 		bl	__gtsf2
  77 00bc 000050E3 		cmp	r0, #0
  78 00c0 FC5D9FD5 		ldrle	r5, .L23+12
  79 00c4 9C0100CA 		bgt	.L21
  80              	.L8:
  81 00c8 F83D9FE5 		ldr	r3, .L23+16
  82 00cc 003093E5 		ldr	r3, [r3, #0]	@ float
  83 00d0 F41D9FE5 		ldr	r1, .L23+20
  84 00d4 0300A0E1 		mov	r0, r3
  85 00d8 64308DE5 		str	r3, [sp, #100]	@ float
  86 00dc FEFFFFEB 		bl	__mulsf3
  87 00e0 E84D9FE5 		ldr	r4, .L23+24
  88 00e4 00B094E5 		ldr	fp, [r4, #0]	@ float
  89 00e8 60008DE5 		str	r0, [sp, #96]	@ float
  90 00ec D81D9FE5 		ldr	r1, .L23+20
  91 00f0 0B00A0E1 		mov	r0, fp
  92 00f4 FEFFFFEB 		bl	__mulsf3
  93 00f8 D42D9FE5 		ldr	r2, .L23+28
  94 00fc 001092E5 		ldr	r1, [r2, #0]	@ float
  95 0100 FEFFFFEB 		bl	__addsf3
  96 0104 C01D9FE5 		ldr	r1, .L23+20
  97 0108 0040A0E1 		mov	r4, r0
  98 010c 60009DE5 		ldr	r0, [sp, #96]	@ float
  99 0110 FEFFFFEB 		bl	__mulsf3
 100 0114 3F14A0E3 		mov	r1, #1056964608
 101 0118 FEFFFFEB 		bl	__mulsf3
 102 011c 0010A0E1 		mov	r1, r0
 103 0120 0400A0E1 		mov	r0, r4
 104 0124 FEFFFFEB 		bl	__addsf3
 105 0128 A03D9FE5 		ldr	r3, .L23+24
 106 012c 68008DE5 		str	r0, [sp, #104]	@ float
 107 0130 68209DE5 		ldr	r2, [sp, #104]	@ float
 108 0134 8C4D9FE5 		ldr	r4, .L23+16
 109 0138 043093E5 		ldr	r3, [r3, #4]	@ float
 110 013c 002085E5 		str	r2, [r5, #0]	@ float
 111 0140 041094E5 		ldr	r1, [r4, #4]	@ float
 112 0144 800D9FE5 		ldr	r0, .L23+20
 113 0148 14308DE5 		str	r3, [sp, #20]	@ float
 114 014c FEFFFFEB 		bl	__mulsf3
 115 0150 741D9FE5 		ldr	r1, .L23+20
 116 0154 5C008DE5 		str	r0, [sp, #92]	@ float
 117 0158 14009DE5 		ldr	r0, [sp, #20]	@ float
 118 015c FEFFFFEB 		bl	__mulsf3
 119 0160 6C3D9FE5 		ldr	r3, .L23+28
 120 0164 041093E5 		ldr	r1, [r3, #4]	@ float
 121 0168 FEFFFFEB 		bl	__addsf3
 122 016c 581D9FE5 		ldr	r1, .L23+20
 123 0170 0040A0E1 		mov	r4, r0
 124 0174 5C009DE5 		ldr	r0, [sp, #92]	@ float
 125 0178 FEFFFFEB 		bl	__mulsf3
 126 017c 3F14A0E3 		mov	r1, #1056964608
 127 0180 FEFFFFEB 		bl	__mulsf3
 128 0184 0010A0E1 		mov	r1, r0
 129 0188 0400A0E1 		mov	r0, r4
 130 018c FEFFFFEB 		bl	__addsf3
 131 0190 3C4D9FE5 		ldr	r4, .L23+28
 132 0194 2C2D9FE5 		ldr	r2, .L23+16
 133 0198 301D9FE5 		ldr	r1, .L23+24
 134 019c 040084E5 		str	r0, [r4, #4]	@ float
 135 01a0 086091E5 		ldr	r6, [r1, #8]	@ float
 136 01a4 200D9FE5 		ldr	r0, .L23+20
 137 01a8 081092E5 		ldr	r1, [r2, #8]	@ float
 138 01ac FEFFFFEB 		bl	__mulsf3
 139 01b0 141D9FE5 		ldr	r1, .L23+20
 140 01b4 0050A0E1 		mov	r5, r0
 141 01b8 0600A0E1 		mov	r0, r6
 142 01bc FEFFFFEB 		bl	__mulsf3
 143 01c0 081094E5 		ldr	r1, [r4, #8]	@ float
 144 01c4 FEFFFFEB 		bl	__addsf3
 145 01c8 FC1C9FE5 		ldr	r1, .L23+20
 146 01cc 0040A0E1 		mov	r4, r0
 147 01d0 0500A0E1 		mov	r0, r5
 148 01d4 FEFFFFEB 		bl	__mulsf3
 149 01d8 3F14A0E3 		mov	r1, #1056964608
 150 01dc FEFFFFEB 		bl	__mulsf3
 151 01e0 0010A0E1 		mov	r1, r0
 152 01e4 0400A0E1 		mov	r0, r4
 153 01e8 FEFFFFEB 		bl	__addsf3
 154 01ec E03C9FE5 		ldr	r3, .L23+28
 155 01f0 60109DE5 		ldr	r1, [sp, #96]	@ float
 156 01f4 080083E5 		str	r0, [r3, #8]	@ float
 157 01f8 0B00A0E1 		mov	r0, fp
 158 01fc FEFFFFEB 		bl	__addsf3
 159 0200 6C008DE5 		str	r0, [sp, #108]	@ float
 160 0204 6C209DE5 		ldr	r2, [sp, #108]	@ float
 161 0208 C84C9FE5 		ldr	r4, .L23+32
 162 020c 5C109DE5 		ldr	r1, [sp, #92]	@ float
 163 0210 002084E5 		str	r2, [r4, #0]	@ float
 164 0214 14009DE5 		ldr	r0, [sp, #20]	@ float
 165 0218 FEFFFFEB 		bl	__addsf3
 166 021c AC3C9FE5 		ldr	r3, .L23+24
 167 0220 0510A0E1 		mov	r1, r5
 168 0224 040083E5 		str	r0, [r3, #4]	@ float
 169 0228 0600A0E1 		mov	r0, r6
 170 022c FEFFFFEB 		bl	__addsf3
 171 0230 844C9FE5 		ldr	r4, .L23+4
 172 0234 64309DE5 		ldr	r3, [sp, #100]	@ float
 173 0238 004094E5 		ldr	r4, [r4, #0]	@ float
 174 023c 982C9FE5 		ldr	r2, .L23+36
 175 0240 881C9FE5 		ldr	r1, .L23+24
 176 0244 003082E5 		str	r3, [r2, #0]	@ float
 177 0248 080081E5 		str	r0, [r1, #8]	@ float
 178 024c 20408DE5 		str	r4, [sp, #32]	@ float
 179 0250 741C9FE5 		ldr	r1, .L23+20
 180 0254 0400A0E1 		mov	r0, r4
 181 0258 804C9FE5 		ldr	r4, .L23+40
 182 025c FEFFFFEB 		bl	__mulsf3
 183 0260 7C2C9FE5 		ldr	r2, .L23+44
 184 0264 004094E5 		ldr	r4, [r4, #0]	@ float
 185 0268 001092E5 		ldr	r1, [r2, #0]	@ float
 186 026c 18408DE5 		str	r4, [sp, #24]	@ float
 187 0270 FEFFFFEB 		bl	__addsf3
 188 0274 6C1C9FE5 		ldr	r1, .L23+48
 189 0278 0040A0E1 		mov	r4, r0
 190 027c 18009DE5 		ldr	r0, [sp, #24]	@ float
 191 0280 FEFFFFEB 		bl	__mulsf3
 192 0284 0010A0E1 		mov	r1, r0
 193 0288 0400A0E1 		mov	r0, r4
 194 028c FEFFFFEB 		bl	__addsf3
 195 0290 283C9FE5 		ldr	r3, .L23+8
 196 0294 003093E5 		ldr	r3, [r3, #0]	@ float
 197 0298 0060A0E1 		mov	r6, r0
 198 029c 441C9FE5 		ldr	r1, .L23+48
 199 02a0 0300A0E1 		mov	r0, r3
 200 02a4 1C308DE5 		str	r3, [sp, #28]	@ float
 201 02a8 FEFFFFEB 		bl	__mulsf3
 202 02ac 384C9FE5 		ldr	r4, .L23+52
 203 02b0 008094E5 		ldr	r8, [r4, #0]	@ float
 204 02b4 0090A0E1 		mov	r9, r0
 205 02b8 0C1C9FE5 		ldr	r1, .L23+20
 206 02bc 0800A0E1 		mov	r0, r8
 207 02c0 FEFFFFEB 		bl	__mulsf3
 208 02c4 242C9FE5 		ldr	r2, .L23+56
 209 02c8 001092E5 		ldr	r1, [r2, #0]	@ float
 210 02cc FEFFFFEB 		bl	__addsf3
 211 02d0 1C3C9FE5 		ldr	r3, .L23+60
 212 02d4 0910A0E1 		mov	r1, r9
 213 02d8 00A093E5 		ldr	sl, [r3, #0]	@ float
 214 02dc FEFFFFEB 		bl	__addsf3
 215 02e0 E41B9FE5 		ldr	r1, .L23+20
 216 02e4 00B0A0E1 		mov	fp, r0
 217 02e8 0A00A0E1 		mov	r0, sl
 218 02ec FEFFFFEB 		bl	__mulsf3
 219 02f0 C02B9FE5 		ldr	r2, .L23
 220 02f4 001092E5 		ldr	r1, [r2, #0]	@ float
 221 02f8 FEFFFFEB 		bl	__addsf3
 222 02fc F44B9FE5 		ldr	r4, .L23+64
 223 0300 005094E5 		ldr	r5, [r4, #0]	@ float
 224 0304 DC1B9FE5 		ldr	r1, .L23+48
 225 0308 0040A0E1 		mov	r4, r0
 226 030c 0500A0E1 		mov	r0, r5
 227 0310 FEFFFFEB 		bl	__mulsf3
 228 0314 0010A0E1 		mov	r1, r0
 229 0318 0400A0E1 		mov	r0, r4
 230 031c FEFFFFEB 		bl	__addsf3
 231 0320 A41B9FE5 		ldr	r1, .L23+20
 232 0324 0040A0E1 		mov	r4, r0
 233 0328 0600A0E1 		mov	r0, r6
 234 032c FEFFFFEB 		bl	__mulsf3
 235 0330 0010A0E1 		mov	r1, r0
 236 0334 0400A0E1 		mov	r0, r4
 237 0338 FEFFFFEB 		bl	__addsf3
 238 033c A41B9FE5 		ldr	r1, .L23+48
 239 0340 0040A0E1 		mov	r4, r0
 240 0344 0B00A0E1 		mov	r0, fp
 241 0348 FEFFFFEB 		bl	__mulsf3
 242 034c 0010A0E1 		mov	r1, r0
 243 0350 0400A0E1 		mov	r0, r4
 244 0354 FEFFFFEB 		bl	__addsf3
 245 0358 9C3B9FE5 		ldr	r3, .L23+68
 246 035c 001093E5 		ldr	r1, [r3, #0]	@ float
 247 0360 FEFFFFEB 		bl	__addsf3
 248 0364 70008DE5 		str	r0, [sp, #112]	@ float
 249 0368 903B9FE5 		ldr	r3, .L23+72
 250 036c 70409DE5 		ldr	r4, [sp, #112]	@ float
 251 0370 541B9FE5 		ldr	r1, .L23+20
 252 0374 004083E5 		str	r4, [r3, #0]	@ float
 253 0378 0B00A0E1 		mov	r0, fp
 254 037c FEFFFFEB 		bl	__mulsf3
 255 0380 0010A0E1 		mov	r1, r0
 256 0384 0600A0E1 		mov	r0, r6
 257 0388 FEFFFFEB 		bl	__addsf3
 258 038c 74008DE5 		str	r0, [sp, #116]	@ float
 259 0390 6C3B9FE5 		ldr	r3, .L23+76
 260 0394 74209DE5 		ldr	r2, [sp, #116]	@ float
 261 0398 002083E5 		str	r2, [r3, #0]	@ float
 262 039c 642B9FE5 		ldr	r2, .L23+80
 263 03a0 241B9FE5 		ldr	r1, .L23+20
 264 03a4 00B082E5 		str	fp, [r2, #0]	@ float
 265 03a8 18009DE5 		ldr	r0, [sp, #24]	@ float
 266 03ac FEFFFFEB 		bl	__mulsf3
 267 03b0 58008DE5 		str	r0, [sp, #88]	@ float
 268 03b4 58109DE5 		ldr	r1, [sp, #88]	@ float
 269 03b8 20009DE5 		ldr	r0, [sp, #32]	@ float
 270 03bc FEFFFFEB 		bl	__addsf3
 271 03c0 041B9FE5 		ldr	r1, .L23+20
 272 03c4 0060A0E1 		mov	r6, r0
 273 03c8 1C009DE5 		ldr	r0, [sp, #28]	@ float
 274 03cc FEFFFFEB 		bl	__mulsf3
 275 03d0 54008DE5 		str	r0, [sp, #84]	@ float
 276 03d4 54109DE5 		ldr	r1, [sp, #84]	@ float
 277 03d8 0800A0E1 		mov	r0, r8
 278 03dc FEFFFFEB 		bl	__addsf3
 279 03e0 E41A9FE5 		ldr	r1, .L23+20
 280 03e4 78008DE5 		str	r0, [sp, #120]	@ float
 281 03e8 0500A0E1 		mov	r0, r5
 282 03ec FEFFFFEB 		bl	__mulsf3
 283 03f0 0010A0E1 		mov	r1, r0
 284 03f4 0A00A0E1 		mov	r0, sl
 285 03f8 FEFFFFEB 		bl	__addsf3
 286 03fc C81A9FE5 		ldr	r1, .L23+20
 287 0400 0040A0E1 		mov	r4, r0
 288 0404 0600A0E1 		mov	r0, r6
 289 0408 FEFFFFEB 		bl	__mulsf3
 290 040c 0010A0E1 		mov	r1, r0
 291 0410 0400A0E1 		mov	r0, r4
 292 0414 FEFFFFEB 		bl	__addsf3
 293 0418 C81A9FE5 		ldr	r1, .L23+48
 294 041c 0040A0E1 		mov	r4, r0
 295 0420 78009DE5 		ldr	r0, [sp, #120]	@ float
 296 0424 FEFFFFEB 		bl	__mulsf3
 297 0428 0010A0E1 		mov	r1, r0
 298 042c 0400A0E1 		mov	r0, r4
 299 0430 FEFFFFEB 		bl	__addsf3
 300 0434 7C008DE5 		str	r0, [sp, #124]	@ float
 301 0438 CC3A9FE5 		ldr	r3, .L23+84
 302 043c 7C409DE5 		ldr	r4, [sp, #124]	@ float
 303 0440 841A9FE5 		ldr	r1, .L23+20
 304 0444 004083E5 		str	r4, [r3, #0]	@ float
 305 0448 78009DE5 		ldr	r0, [sp, #120]	@ float
 306 044c FEFFFFEB 		bl	__mulsf3
 307 0450 0010A0E1 		mov	r1, r0
 308 0454 0600A0E1 		mov	r0, r6
 309 0458 FEFFFFEB 		bl	__addsf3
 310 045c AC2A9FE5 		ldr	r2, .L23+88
 311 0460 001092E5 		ldr	r1, [r2, #0]	@ float
 312 0464 FEFFFFEB 		bl	__addsf3
 313 0468 80008DE5 		str	r0, [sp, #128]	@ float
 314 046c A03A9FE5 		ldr	r3, .L23+92
 315 0470 80409DE5 		ldr	r4, [sp, #128]	@ float
 316 0474 9C2A9FE5 		ldr	r2, .L23+96
 317 0478 004083E5 		str	r4, [r3, #0]	@ float
 318 047c 78309DE5 		ldr	r3, [sp, #120]	@ float
 319 0480 58109DE5 		ldr	r1, [sp, #88]	@ float
 320 0484 003082E5 		str	r3, [r2, #0]	@ float
 321 0488 0500A0E1 		mov	r0, r5
 322 048c FEFFFFEB 		bl	__addsf3
 323 0490 0010A0E1 		mov	r1, r0
 324 0494 0900A0E1 		mov	r0, r9
 325 0498 FEFFFFEB 		bl	__addsf3
 326 049c 84008DE5 		str	r0, [sp, #132]	@ float
 327 04a0 743A9FE5 		ldr	r3, .L23+100
 328 04a4 84409DE5 		ldr	r4, [sp, #132]	@ float
 329 04a8 54109DE5 		ldr	r1, [sp, #84]	@ float
 330 04ac 004083E5 		str	r4, [r3, #0]	@ float
 331 04b0 18009DE5 		ldr	r0, [sp, #24]	@ float
 332 04b4 FEFFFFEB 		bl	__addsf3
 333 04b8 88008DE5 		str	r0, [sp, #136]	@ float
 334 04bc 5C3A9FE5 		ldr	r3, .L23+104
 335 04c0 5C2A9FE5 		ldr	r2, .L23+108
 336 04c4 88409DE5 		ldr	r4, [sp, #136]	@ float
 337 04c8 001092E5 		ldr	r1, [r2, #0]	@ float
 338 04cc 004083E5 		str	r4, [r3, #0]	@ float
 339 04d0 1C009DE5 		ldr	r0, [sp, #28]	@ float
 340 04d4 FEFFFFEB 		bl	__addsf3
 341 04d8 A0109DE5 		ldr	r1, [sp, #160]
 342 04dc 443A9FE5 		ldr	r3, .L23+112
 343 04e0 010051E3 		cmp	r1, #1
 344 04e4 8C008DE5 		str	r0, [sp, #140]	@ float
 345 04e8 000083E5 		str	r0, [r3, #0]	@ float
 346 04ec A900000A 		beq	.L22
 347 04f0 A0409DE5 		ldr	r4, [sp, #160]
 348 04f4 000054E3 		cmp	r4, #0
 349 04f8 8700001A 		bne	.L15
 350 04fc 283A9FE5 		ldr	r3, .L23+116
 351 0500 8C009DE5 		ldr	r0, [sp, #140]	@ float
 352 0504 001093E5 		ldr	r1, [r3, #0]	@ float
 353 0508 FEFFFFEB 		bl	__addsf3
 354 050c 0050A0E1 		mov	r5, r0
 355 0510 0510A0E1 		mov	r1, r5
 356 0514 0B00A0E1 		mov	r0, fp
 357 0518 FEFFFFEB 		bl	__divsf3
 358 051c 0510A0E1 		mov	r1, r5
 359 0520 0060A0E1 		mov	r6, r0
 360 0524 78009DE5 		ldr	r0, [sp, #120]	@ float
 361 0528 FEFFFFEB 		bl	__divsf3
 362 052c 0510A0E1 		mov	r1, r5
 363 0530 28008DE5 		str	r0, [sp, #40]	@ float
 364 0534 8C009DE5 		ldr	r0, [sp, #140]	@ float
 365 0538 FEFFFFEB 		bl	__divsf3
 366 053c 64109DE5 		ldr	r1, [sp, #100]	@ float
 367 0540 24008DE5 		str	r0, [sp, #36]	@ float
 368 0544 90009DE5 		ldr	r0, [sp, #144]	@ float
 369 0548 FEFFFFEB 		bl	__subsf3
 370 054c 0040A0E1 		mov	r4, r0
 371 0550 0410A0E1 		mov	r1, r4
 372 0554 0600A0E1 		mov	r0, r6
 373 0558 FEFFFFEB 		bl	__mulsf3
 374 055c 0010A0E1 		mov	r1, r0
 375 0560 68009DE5 		ldr	r0, [sp, #104]	@ float
 376 0564 FEFFFFEB 		bl	__addsf3
 377 0568 04008DE5 		str	r0, [sp, #4]	@ float
 378 056c 04209DE5 		ldr	r2, [sp, #4]	@ float
 379 0570 B8399FE5 		ldr	r3, .L23+120
 380 0574 0410A0E1 		mov	r1, r4
 381 0578 002083E5 		str	r2, [r3, #0]	@ float
 382 057c 28009DE5 		ldr	r0, [sp, #40]	@ float
 383 0580 FEFFFFEB 		bl	__mulsf3
 384 0584 0010A0E1 		mov	r1, r0
 385 0588 6C009DE5 		ldr	r0, [sp, #108]	@ float
 386 058c FEFFFFEB 		bl	__addsf3
 387 0590 00008DE5 		str	r0, [sp, #0]	@ float
 388 0594 98399FE5 		ldr	r3, .L23+124
 389 0598 0410A0E1 		mov	r1, r4
 390 059c 00409DE5 		ldr	r4, [sp, #0]	@ float
 391 05a0 24009DE5 		ldr	r0, [sp, #36]	@ float
 392 05a4 004083E5 		str	r4, [r3, #0]	@ float
 393 05a8 FEFFFFEB 		bl	__mulsf3
 394 05ac 0010A0E1 		mov	r1, r0
 395 05b0 64009DE5 		ldr	r0, [sp, #100]	@ float
 396 05b4 FEFFFFEB 		bl	__addsf3
 397 05b8 78399FE5 		ldr	r3, .L23+128
 398 05bc 0070A0E1 		mov	r7, r0
 399 05c0 007083E5 		str	r7, [r3, #0]	@ float
 400 05c4 0610A0E1 		mov	r1, r6
 401 05c8 0600A0E1 		mov	r0, r6
 402 05cc FEFFFFEB 		bl	__mulsf3
 403 05d0 0510A0E1 		mov	r1, r5
 404 05d4 FEFFFFEB 		bl	__divsf3
 405 05d8 0010A0E1 		mov	r1, r0
 406 05dc 70009DE5 		ldr	r0, [sp, #112]	@ float
 407 05e0 FEFFFFEB 		bl	__subsf3
 408 05e4 CC389FE5 		ldr	r3, .L23
 409 05e8 28109DE5 		ldr	r1, [sp, #40]	@ float
 410 05ec 000083E5 		str	r0, [r3, #0]	@ float
 411 05f0 0600A0E1 		mov	r0, r6
 412 05f4 FEFFFFEB 		bl	__mulsf3
 413 05f8 0510A0E1 		mov	r1, r5
 414 05fc FEFFFFEB 		bl	__divsf3
 415 0600 0040A0E1 		mov	r4, r0
 416 0604 0410A0E1 		mov	r1, r4
 417 0608 74009DE5 		ldr	r0, [sp, #116]	@ float
 418 060c FEFFFFEB 		bl	__subsf3
 419 0610 CC389FE5 		ldr	r3, .L23+44
 420 0614 24109DE5 		ldr	r1, [sp, #36]	@ float
 421 0618 000083E5 		str	r0, [r3, #0]	@ float
 422 061c 0600A0E1 		mov	r0, r6
 423 0620 FEFFFFEB 		bl	__mulsf3
 424 0624 0510A0E1 		mov	r1, r5
 425 0628 FEFFFFEB 		bl	__divsf3
 426 062c 0060A0E1 		mov	r6, r0
 427 0630 0610A0E1 		mov	r1, r6
 428 0634 0B00A0E1 		mov	r0, fp
 429 0638 FEFFFFEB 		bl	__subsf3
 430 063c AC389FE5 		ldr	r3, .L23+56
 431 0640 0410A0E1 		mov	r1, r4
 432 0644 000083E5 		str	r0, [r3, #0]	@ float
 433 0648 7C009DE5 		ldr	r0, [sp, #124]	@ float
 434 064c FEFFFFEB 		bl	__subsf3
 435 0650 9C389FE5 		ldr	r3, .L23+60
 436 0654 28109DE5 		ldr	r1, [sp, #40]	@ float
 437 0658 000083E5 		str	r0, [r3, #0]	@ float
 438 065c 0100A0E1 		mov	r0, r1
 439 0660 FEFFFFEB 		bl	__mulsf3
 440 0664 0510A0E1 		mov	r1, r5
 441 0668 FEFFFFEB 		bl	__divsf3
 442 066c 0010A0E1 		mov	r1, r0
 443 0670 80009DE5 		ldr	r0, [sp, #128]	@ float
 444 0674 FEFFFFEB 		bl	__subsf3
 445 0678 3C389FE5 		ldr	r3, .L23+4
 446 067c 24109DE5 		ldr	r1, [sp, #36]	@ float
 447 0680 000083E5 		str	r0, [r3, #0]	@ float
 448 0684 28009DE5 		ldr	r0, [sp, #40]	@ float
 449 0688 FEFFFFEB 		bl	__mulsf3
 450 068c 0510A0E1 		mov	r1, r5
 451 0690 FEFFFFEB 		bl	__divsf3
 452 0694 0040A0E1 		mov	r4, r0
 453 0698 0410A0E1 		mov	r1, r4
 454 069c 78009DE5 		ldr	r0, [sp, #120]	@ float
 455 06a0 FEFFFFEB 		bl	__subsf3
 456 06a4 40389FE5 		ldr	r3, .L23+52
 457 06a8 0610A0E1 		mov	r1, r6
 458 06ac 000083E5 		str	r0, [r3, #0]	@ float
 459 06b0 84009DE5 		ldr	r0, [sp, #132]	@ float
 460 06b4 FEFFFFEB 		bl	__subsf3
 461 06b8 38389FE5 		ldr	r3, .L23+64
 462 06bc 0410A0E1 		mov	r1, r4
 463 06c0 000083E5 		str	r0, [r3, #0]	@ float
 464 06c4 88009DE5 		ldr	r0, [sp, #136]	@ float
 465 06c8 FEFFFFEB 		bl	__subsf3
 466 06cc 0C389FE5 		ldr	r3, .L23+40
 467 06d0 000083E5 		str	r0, [r3, #0]	@ float
 468 06d4 24009DE5 		ldr	r0, [sp, #36]	@ float
 469 06d8 0010A0E1 		mov	r1, r0
 470 06dc FEFFFFEB 		bl	__mulsf3
 471 06e0 0510A0E1 		mov	r1, r5
 472 06e4 FEFFFFEB 		bl	__divsf3
 473 06e8 0010A0E1 		mov	r1, r0
 474 06ec 8C009DE5 		ldr	r0, [sp, #140]	@ float
 475 06f0 FEFFFFEB 		bl	__subsf3
 476 06f4 D4179FE5 		ldr	r1, .L23+24
 477 06f8 C0379FE5 		ldr	r3, .L23+8
 478 06fc 00209DE5 		ldr	r2, [sp, #0]	@ float
 479 0700 000083E5 		str	r0, [r3, #0]	@ float
 480 0704 002081E5 		str	r2, [r1, #0]	@ float
 481 0708 B8379FE5 		ldr	r3, .L23+16
 482 070c 04109DE5 		ldr	r1, [sp, #4]	@ float
 483 0710 BC479FE5 		ldr	r4, .L23+28
 484 0714 007083E5 		str	r7, [r3, #0]	@ float
 485 0718 001084E5 		str	r1, [r4, #0]	@ float
 486              	.L15:
 487 071c B0379FE5 		ldr	r3, .L23+28
 488 0720 002093E5 		ldr	r2, [r3, #0]	@ float
 489 0724 10319DE5 		ldr	r3, [sp, #272]
 490 0728 002083E5 		str	r2, [r3, #0]	@ float
 491 072c B0D08DE2 		add	sp, sp, #176
 492 0730 F04FBDE8 		ldmfd	sp!, {r4, r5, r6, r7, r8, r9, sl, fp, lr}
 493 0734 04D08DE2 		add	sp, sp, #4
 494 0738 1EFF2FE1 		bx	lr
 495              	.L21:
 496 073c 9C479FE5 		ldr	r4, .L23+40
 497 0740 0030A0E3 		mov	r3, #0
 498 0744 74179FE5 		ldr	r1, .L23+8
 499 0748 4224A0E3 		mov	r2, #1107296256
 500 074c 003084E5 		str	r3, [r4, #0]	@ float
 501 0750 60479FE5 		ldr	r4, .L23
 502 0754 322782E2 		add	r2, r2, #13107200
 503 0758 002081E5 		str	r2, [r1, #0]	@ float
 504 075c 002084E5 		str	r2, [r4, #0]	@ float
 505 0760 7C179FE5 		ldr	r1, .L23+44
 506 0764 84479FE5 		ldr	r4, .L23+56
 507 0768 003081E5 		str	r3, [r1, #0]	@ float
 508 076c 003084E5 		str	r3, [r4, #0]	@ float
 509 0770 7C179FE5 		ldr	r1, .L23+60
 510 0774 40479FE5 		ldr	r4, .L23+4
 511 0778 003081E5 		str	r3, [r1, #0]	@ float
 512 077c 002084E5 		str	r2, [r4, #0]	@ float
 513 0780 64179FE5 		ldr	r1, .L23+52
 514 0784 6C279FE5 		ldr	r2, .L23+64
 515 0788 34579FE5 		ldr	r5, .L23+12
 516 078c 003081E5 		str	r3, [r1, #0]	@ float
 517 0790 003082E5 		str	r3, [r2, #0]	@ float
 518 0794 4BFEFFEA 		b	.L8
 519              	.L22:
 520 0798 98008DE2 		add	r0, sp, #152
 521 079c 030090E8 		ldmia	r0, {r0-r1}
 522 07a0 0020A0E3 		mov	r2, #0
 523 07a4 0030A0E3 		mov	r3, #0
 524 07a8 FEFFFFEB 		bl	__cmpdi2
 525 07ac 000050E3 		cmp	r0, #0
 526 07b0 AF0100DA 		ble	.L14
 527 07b4 98008DE2 		add	r0, sp, #152
 528 07b8 030090E8 		ldmia	r0, {r0-r1}
 529 07bc FEFFFFEB 		bl	__floatdisf
 530 07c0 0020A0E1 		mov	r2, r0
 531              	.L13:
 532 07c4 70379FE5 		ldr	r3, .L23+132
 533 07c8 001093E5 		ldr	r1, [r3, #0]	@ float
 534 07cc 6C379FE5 		ldr	r3, .L23+136
 535 07d0 70009DE5 		ldr	r0, [sp, #112]	@ float
 536 07d4 002083E5 		str	r2, [r3, #0]	@ float
 537 07d8 FEFFFFEB 		bl	__addsf3
 538 07dc 48379FE5 		ldr	r3, .L23+116
 539 07e0 0060A0E1 		mov	r6, r0
 540 07e4 001093E5 		ldr	r1, [r3, #0]	@ float
 541 07e8 8C009DE5 		ldr	r0, [sp, #140]	@ float
 542 07ec FEFFFFEB 		bl	__addsf3
 543 07f0 0050A0E1 		mov	r5, r0
 544 07f4 0510A0E1 		mov	r1, r5
 545 07f8 0600A0E1 		mov	r0, r6
 546 07fc FEFFFFEB 		bl	__mulsf3
 547 0800 84109DE5 		ldr	r1, [sp, #132]	@ float
 548 0804 0040A0E1 		mov	r4, r0
 549 0808 0B00A0E1 		mov	r0, fp
 550 080c FEFFFFEB 		bl	__mulsf3
 551 0810 0010A0E1 		mov	r1, r0
 552 0814 0400A0E1 		mov	r0, r4
 553 0818 FEFFFFEB 		bl	__subsf3
 554 081c 0040A0E1 		mov	r4, r0
 555 0820 0410A0E1 		mov	r1, r4
 556 0824 0500A0E1 		mov	r0, r5
 557 0828 FEFFFFEB 		bl	__divsf3
 558 082c 0410A0E1 		mov	r1, r4
 559 0830 50008DE5 		str	r0, [sp, #80]	@ float
 560 0834 02018BE2 		add	r0, fp, #-2147483648
 561 0838 FEFFFFEB 		bl	__divsf3
 562 083c 84209DE5 		ldr	r2, [sp, #132]
 563 0840 0410A0E1 		mov	r1, r4
 564 0844 4C008DE5 		str	r0, [sp, #76]	@ float
 565 0848 020182E2 		add	r0, r2, #-2147483648
 566 084c FEFFFFEB 		bl	__divsf3
 567 0850 0410A0E1 		mov	r1, r4
 568 0854 48008DE5 		str	r0, [sp, #72]	@ float
 569 0858 0600A0E1 		mov	r0, r6
 570 085c FEFFFFEB 		bl	__divsf3
 571 0860 50109DE5 		ldr	r1, [sp, #80]	@ float
 572 0864 44008DE5 		str	r0, [sp, #68]	@ float
 573 0868 70009DE5 		ldr	r0, [sp, #112]	@ float
 574 086c FEFFFFEB 		bl	__mulsf3
 575 0870 48109DE5 		ldr	r1, [sp, #72]	@ float
 576 0874 0040A0E1 		mov	r4, r0
 577 0878 0B00A0E1 		mov	r0, fp
 578 087c FEFFFFEB 		bl	__mulsf3
 579 0880 0010A0E1 		mov	r1, r0
 580 0884 0400A0E1 		mov	r0, r4
 581 0888 FEFFFFEB 		bl	__addsf3
 582 088c 4C109DE5 		ldr	r1, [sp, #76]	@ float
 583 0890 40008DE5 		str	r0, [sp, #64]	@ float
 584 0894 70009DE5 		ldr	r0, [sp, #112]	@ float
 585 0898 FEFFFFEB 		bl	__mulsf3
 586 089c 44109DE5 		ldr	r1, [sp, #68]	@ float
 587 08a0 0040A0E1 		mov	r4, r0
 588 08a4 0B00A0E1 		mov	r0, fp
 589 08a8 FEFFFFEB 		bl	__mulsf3
 590 08ac 0010A0E1 		mov	r1, r0
 591 08b0 0400A0E1 		mov	r0, r4
 592 08b4 FEFFFFEB 		bl	__addsf3
 593 08b8 50109DE5 		ldr	r1, [sp, #80]	@ float
 594 08bc 3C008DE5 		str	r0, [sp, #60]	@ float
 595 08c0 7C009DE5 		ldr	r0, [sp, #124]	@ float
 596 08c4 FEFFFFEB 		bl	__mulsf3
 597 08c8 48109DE5 		ldr	r1, [sp, #72]	@ float
 598 08cc 0040A0E1 		mov	r4, r0
 599 08d0 78009DE5 		ldr	r0, [sp, #120]	@ float
 600 08d4 FEFFFFEB 		bl	__mulsf3
 601 08d8 0010A0E1 		mov	r1, r0
 602 08dc 0400A0E1 		mov	r0, r4
 603 08e0 FEFFFFEB 		bl	__addsf3
 604 08e4 4C109DE5 		ldr	r1, [sp, #76]	@ float
 605 08e8 38008DE5 		str	r0, [sp, #56]	@ float
 606 08ec 7C009DE5 		ldr	r0, [sp, #124]	@ float
 607 08f0 FEFFFFEB 		bl	__mulsf3
 608 08f4 44109DE5 		ldr	r1, [sp, #68]	@ float
 609 08f8 0040A0E1 		mov	r4, r0
 610 08fc 78009DE5 		ldr	r0, [sp, #120]	@ float
 611 0900 FEFFFFEB 		bl	__mulsf3
 612 0904 0010A0E1 		mov	r1, r0
 613 0908 0400A0E1 		mov	r0, r4
 614 090c FEFFFFEB 		bl	__addsf3
 615 0910 50109DE5 		ldr	r1, [sp, #80]	@ float
 616 0914 34008DE5 		str	r0, [sp, #52]	@ float
 617 0918 84009DE5 		ldr	r0, [sp, #132]	@ float
 618 091c FEFFFFEB 		bl	__mulsf3
 619 0920 48109DE5 		ldr	r1, [sp, #72]	@ float
 620 0924 0040A0E1 		mov	r4, r0
 621 0928 8C009DE5 		ldr	r0, [sp, #140]	@ float
 622 092c FEFFFFEB 		bl	__mulsf3
 623 0930 0010A0E1 		mov	r1, r0
 624 0934 0400A0E1 		mov	r0, r4
 625 0938 FEFFFFEB 		bl	__addsf3
 626 093c 4C109DE5 		ldr	r1, [sp, #76]	@ float
 627 0940 30008DE5 		str	r0, [sp, #48]	@ float
 628 0944 84009DE5 		ldr	r0, [sp, #132]	@ float
 629 0948 FEFFFFEB 		bl	__mulsf3
 630 094c 44109DE5 		ldr	r1, [sp, #68]	@ float
 631 0950 0040A0E1 		mov	r4, r0
 632 0954 8C009DE5 		ldr	r0, [sp, #140]	@ float
 633 0958 FEFFFFEB 		bl	__mulsf3
 634 095c 0010A0E1 		mov	r1, r0
 635 0960 0400A0E1 		mov	r0, r4
 636 0964 FEFFFFEB 		bl	__addsf3
 637 0968 68109DE5 		ldr	r1, [sp, #104]	@ float
 638 096c 2C008DE5 		str	r0, [sp, #44]	@ float
 639 0970 94009DE5 		ldr	r0, [sp, #148]	@ float
 640 0974 FEFFFFEB 		bl	__subsf3
 641 0978 64109DE5 		ldr	r1, [sp, #100]	@ float
 642 097c 0050A0E1 		mov	r5, r0
 643 0980 90009DE5 		ldr	r0, [sp, #144]	@ float
 644 0984 FEFFFFEB 		bl	__subsf3
 645 0988 0510A0E1 		mov	r1, r5
 646 098c 0060A0E1 		mov	r6, r0
 647 0990 40009DE5 		ldr	r0, [sp, #64]	@ float
 648 0994 FEFFFFEB 		bl	__mulsf3
 649 0998 0610A0E1 		mov	r1, r6
 650 099c 0040A0E1 		mov	r4, r0
 651 09a0 3C009DE5 		ldr	r0, [sp, #60]	@ float
 652 09a4 FEFFFFEB 		bl	__mulsf3
 653 09a8 0010A0E1 		mov	r1, r0
 654 09ac 0400A0E1 		mov	r0, r4
 655 09b0 FEFFFFEB 		bl	__addsf3
 656 09b4 0010A0E1 		mov	r1, r0
 657 09b8 68009DE5 		ldr	r0, [sp, #104]	@ float
 658 09bc FEFFFFEB 		bl	__addsf3
 659 09c0 10008DE5 		str	r0, [sp, #16]	@ float
 660 09c4 64359FE5 		ldr	r3, .L23+120
 661 09c8 10409DE5 		ldr	r4, [sp, #16]	@ float
 662 09cc 0510A0E1 		mov	r1, r5
 663 09d0 004083E5 		str	r4, [r3, #0]	@ float
 664 09d4 38009DE5 		ldr	r0, [sp, #56]	@ float
 665 09d8 FEFFFFEB 		bl	__mulsf3
 666 09dc 0610A0E1 		mov	r1, r6
 667 09e0 0040A0E1 		mov	r4, r0
 668 09e4 34009DE5 		ldr	r0, [sp, #52]	@ float
 669 09e8 FEFFFFEB 		bl	__mulsf3
 670 09ec 0010A0E1 		mov	r1, r0
 671 09f0 0400A0E1 		mov	r0, r4
 672 09f4 FEFFFFEB 		bl	__addsf3
 673 09f8 0010A0E1 		mov	r1, r0
 674 09fc 6C009DE5 		ldr	r0, [sp, #108]	@ float
 675 0a00 FEFFFFEB 		bl	__addsf3
 676 0a04 0C008DE5 		str	r0, [sp, #12]	@ float
 677 0a08 0C209DE5 		ldr	r2, [sp, #12]	@ float
 678 0a0c 20359FE5 		ldr	r3, .L23+124
 679 0a10 0510A0E1 		mov	r1, r5
 680 0a14 002083E5 		str	r2, [r3, #0]	@ float
 681 0a18 30009DE5 		ldr	r0, [sp, #48]	@ float
 682 0a1c FEFFFFEB 		bl	__mulsf3
 683 0a20 0610A0E1 		mov	r1, r6
 684 0a24 0040A0E1 		mov	r4, r0
 685 0a28 2C009DE5 		ldr	r0, [sp, #44]	@ float
 686 0a2c FEFFFFEB 		bl	__mulsf3
 687 0a30 0010A0E1 		mov	r1, r0
 688 0a34 0400A0E1 		mov	r0, r4
 689 0a38 FEFFFFEB 		bl	__addsf3
 690 0a3c 0010A0E1 		mov	r1, r0
 691 0a40 64009DE5 		ldr	r0, [sp, #100]	@ float
 692 0a44 FEFFFFEB 		bl	__addsf3
 693 0a48 08008DE5 		str	r0, [sp, #8]	@ float
 694 0a4c E4349FE5 		ldr	r3, .L23+128
 695 0a50 08409DE5 		ldr	r4, [sp, #8]	@ float
 696 0a54 40109DE5 		ldr	r1, [sp, #64]	@ float
 697 0a58 004083E5 		str	r4, [r3, #0]	@ float
 698 0a5c 50009DE5 		ldr	r0, [sp, #80]	@ float
 699 0a60 FEFFFFEB 		bl	__mulsf3
 700 0a64 3C109DE5 		ldr	r1, [sp, #60]	@ float
 701 0a68 0040A0E1 		mov	r4, r0
 702 0a6c 48009DE5 		ldr	r0, [sp, #72]	@ float
 703 0a70 FEFFFFEB 		bl	__mulsf3
 704 0a74 0010A0E1 		mov	r1, r0
 705 0a78 0400A0E1 		mov	r0, r4
 706 0a7c FEFFFFEB 		bl	__addsf3
 707 0a80 40109DE5 		ldr	r1, [sp, #64]	@ float
 708 0a84 0060A0E1 		mov	r6, r0
 709 0a88 4C009DE5 		ldr	r0, [sp, #76]	@ float
 710 0a8c FEFFFFEB 		bl	__mulsf3
 711 0a90 3C109DE5 		ldr	r1, [sp, #60]	@ float
 712 0a94 0040A0E1 		mov	r4, r0
 713 0a98 44009DE5 		ldr	r0, [sp, #68]	@ float
 714 0a9c FEFFFFEB 		bl	__mulsf3
 715 0aa0 0010A0E1 		mov	r1, r0
 716 0aa4 0400A0E1 		mov	r0, r4
 717 0aa8 FEFFFFEB 		bl	__addsf3
 718 0aac 0610A0E1 		mov	r1, r6
 719 0ab0 0050A0E1 		mov	r5, r0
 720 0ab4 40009DE5 		ldr	r0, [sp, #64]	@ float
 721 0ab8 FEFFFFEB 		bl	__mulsf3
 722 0abc 0510A0E1 		mov	r1, r5
 723 0ac0 0040A0E1 		mov	r4, r0
 724 0ac4 3C009DE5 		ldr	r0, [sp, #60]	@ float
 725 0ac8 FEFFFFEB 		bl	__mulsf3
 726 0acc 0010A0E1 		mov	r1, r0
 727 0ad0 0400A0E1 		mov	r0, r4
 728 0ad4 FEFFFFEB 		bl	__addsf3
 729 0ad8 0010A0E1 		mov	r1, r0
 730 0adc 70009DE5 		ldr	r0, [sp, #112]	@ float
 731 0ae0 FEFFFFEB 		bl	__subsf3
 732 0ae4 CC139FE5 		ldr	r1, .L23
 733 0ae8 000081E5 		str	r0, [r1, #0]	@ float
 734 0aec 0610A0E1 		mov	r1, r6
 735 0af0 38009DE5 		ldr	r0, [sp, #56]	@ float
 736 0af4 FEFFFFEB 		bl	__mulsf3
 737 0af8 0510A0E1 		mov	r1, r5
 738 0afc 0040A0E1 		mov	r4, r0
 739 0b00 34009DE5 		ldr	r0, [sp, #52]	@ float
 740 0b04 FEFFFFEB 		bl	__mulsf3
 741 0b08 0010A0E1 		mov	r1, r0
 742 0b0c 0400A0E1 		mov	r0, r4
 743 0b10 FEFFFFEB 		bl	__addsf3
 744 0b14 0010A0E1 		mov	r1, r0
 745 0b18 74009DE5 		ldr	r0, [sp, #116]	@ float
 746 0b1c FEFFFFEB 		bl	__subsf3
 747 0b20 BC239FE5 		ldr	r2, .L23+44
 748 0b24 0610A0E1 		mov	r1, r6
 749 0b28 000082E5 		str	r0, [r2, #0]	@ float
 750 0b2c 30009DE5 		ldr	r0, [sp, #48]	@ float
 751 0b30 FEFFFFEB 		bl	__mulsf3
 752 0b34 0510A0E1 		mov	r1, r5
 753 0b38 0040A0E1 		mov	r4, r0
 754 0b3c 2C009DE5 		ldr	r0, [sp, #44]	@ float
 755 0b40 FEFFFFEB 		bl	__mulsf3
 756 0b44 0010A0E1 		mov	r1, r0
 757 0b48 0400A0E1 		mov	r0, r4
 758 0b4c FEFFFFEB 		bl	__addsf3
 759 0b50 0010A0E1 		mov	r1, r0
 760 0b54 0B00A0E1 		mov	r0, fp
 761 0b58 FEFFFFEB 		bl	__subsf3
 762 0b5c 8C339FE5 		ldr	r3, .L23+56
 763 0b60 38109DE5 		ldr	r1, [sp, #56]	@ float
 764 0b64 000083E5 		str	r0, [r3, #0]	@ float
 765 0b68 50009DE5 		ldr	r0, [sp, #80]	@ float
 766 0b6c FEFFFFEB 		bl	__mulsf3
 767 0b70 34109DE5 		ldr	r1, [sp, #52]	@ float
 768 0b74 0040A0E1 		mov	r4, r0
 769 0b78 48009DE5 		ldr	r0, [sp, #72]	@ float
 770 0b7c FEFFFFEB 		bl	__mulsf3
 771 0b80 0010A0E1 		mov	r1, r0
 772 0b84 0400A0E1 		mov	r0, r4
 773 0b88 FEFFFFEB 		bl	__addsf3
 774 0b8c 38109DE5 		ldr	r1, [sp, #56]	@ float
 775 0b90 0060A0E1 		mov	r6, r0
 776 0b94 4C009DE5 		ldr	r0, [sp, #76]	@ float
 777 0b98 FEFFFFEB 		bl	__mulsf3
 778 0b9c 34109DE5 		ldr	r1, [sp, #52]	@ float
 779 0ba0 0040A0E1 		mov	r4, r0
 780 0ba4 44009DE5 		ldr	r0, [sp, #68]	@ float
 781 0ba8 FEFFFFEB 		bl	__mulsf3
 782 0bac 0010A0E1 		mov	r1, r0
 783 0bb0 0400A0E1 		mov	r0, r4
 784 0bb4 FEFFFFEB 		bl	__addsf3
 785 0bb8 0610A0E1 		mov	r1, r6
 786 0bbc 0050A0E1 		mov	r5, r0
 787 0bc0 40009DE5 		ldr	r0, [sp, #64]	@ float
 788 0bc4 FEFFFFEB 		bl	__mulsf3
 789 0bc8 0510A0E1 		mov	r1, r5
 790 0bcc 0040A0E1 		mov	r4, r0
 791 0bd0 3C009DE5 		ldr	r0, [sp, #60]	@ float
 792 0bd4 FEFFFFEB 		bl	__mulsf3
 793 0bd8 0010A0E1 		mov	r1, r0
 794 0bdc 0400A0E1 		mov	r0, r4
 795 0be0 FEFFFFEB 		bl	__addsf3
 796 0be4 0010A0E1 		mov	r1, r0
 797 0be8 7C009DE5 		ldr	r0, [sp, #124]	@ float
 798 0bec FEFFFFEB 		bl	__subsf3
 799 0bf0 FC429FE5 		ldr	r4, .L23+60
 800 0bf4 0610A0E1 		mov	r1, r6
 801 0bf8 000084E5 		str	r0, [r4, #0]	@ float
 802 0bfc 38009DE5 		ldr	r0, [sp, #56]	@ float
 803 0c00 FEFFFFEB 		bl	__mulsf3
 804 0c04 0510A0E1 		mov	r1, r5
 805 0c08 0040A0E1 		mov	r4, r0
 806 0c0c 34009DE5 		ldr	r0, [sp, #52]	@ float
 807 0c10 FEFFFFEB 		bl	__mulsf3
 808 0c14 0010A0E1 		mov	r1, r0
 809 0c18 0400A0E1 		mov	r0, r4
 810 0c1c FEFFFFEB 		bl	__addsf3
 811 0c20 0010A0E1 		mov	r1, r0
 812 0c24 80009DE5 		ldr	r0, [sp, #128]	@ float
 813 0c28 FEFFFFEB 		bl	__subsf3
 814 0c2c 88129FE5 		ldr	r1, .L23+4
 815 0c30 000081E5 		str	r0, [r1, #0]	@ float
 816 0c34 0610A0E1 		mov	r1, r6
 817 0c38 30009DE5 		ldr	r0, [sp, #48]	@ float
 818 0c3c FEFFFFEB 		bl	__mulsf3
 819 0c40 0510A0E1 		mov	r1, r5
 820 0c44 0040A0E1 		mov	r4, r0
 821 0c48 2C009DE5 		ldr	r0, [sp, #44]	@ float
 822 0c4c FEFFFFEB 		bl	__mulsf3
 823 0c50 0010A0E1 		mov	r1, r0
 824 0c54 0400A0E1 		mov	r0, r4
 825 0c58 FEFFFFEB 		bl	__addsf3
 826 0c5c 0010A0E1 		mov	r1, r0
 827 0c60 78009DE5 		ldr	r0, [sp, #120]	@ float
 828 0c64 FEFFFFEB 		bl	__subsf3
 829 0c68 7C229FE5 		ldr	r2, .L23+52
 830 0c6c 30109DE5 		ldr	r1, [sp, #48]	@ float
 831 0c70 000082E5 		str	r0, [r2, #0]	@ float
 832 0c74 50009DE5 		ldr	r0, [sp, #80]	@ float
 833 0c78 FEFFFFEB 		bl	__mulsf3
 834 0c7c 2C109DE5 		ldr	r1, [sp, #44]	@ float
 835 0c80 0040A0E1 		mov	r4, r0
 836 0c84 48009DE5 		ldr	r0, [sp, #72]	@ float
 837 0c88 FEFFFFEB 		bl	__mulsf3
 838 0c8c 0010A0E1 		mov	r1, r0
 839 0c90 0400A0E1 		mov	r0, r4
 840 0c94 FEFFFFEB 		bl	__addsf3
 841 0c98 30109DE5 		ldr	r1, [sp, #48]	@ float
 842 0c9c 0060A0E1 		mov	r6, r0
 843 0ca0 4C009DE5 		ldr	r0, [sp, #76]	@ float
 844 0ca4 FEFFFFEB 		bl	__mulsf3
 845 0ca8 2C109DE5 		ldr	r1, [sp, #44]	@ float
 846 0cac 0040A0E1 		mov	r4, r0
 847 0cb0 44009DE5 		ldr	r0, [sp, #68]	@ float
 848 0cb4 FEFFFFEB 		bl	__mulsf3
 849 0cb8 0010A0E1 		mov	r1, r0
 850 0cbc 0400A0E1 		mov	r0, r4
 851 0cc0 FEFFFFEB 		bl	__addsf3
 852 0cc4 0610A0E1 		mov	r1, r6
 853 0cc8 0050A0E1 		mov	r5, r0
 854 0ccc 40009DE5 		ldr	r0, [sp, #64]	@ float
 855 0cd0 FEFFFFEB 		bl	__mulsf3
 856 0cd4 0510A0E1 		mov	r1, r5
 857 0cd8 0040A0E1 		mov	r4, r0
 858 0cdc 3C009DE5 		ldr	r0, [sp, #60]	@ float
 859 0ce0 FEFFFFEB 		bl	__mulsf3
 860 0ce4 0010A0E1 		mov	r1, r0
 861 0ce8 0400A0E1 		mov	r0, r4
 862 0cec FEFFFFEB 		bl	__addsf3
 863 0cf0 0010A0E1 		mov	r1, r0
 864 0cf4 84009DE5 		ldr	r0, [sp, #132]	@ float
 865 0cf8 FEFFFFEB 		bl	__subsf3
 866 0cfc F4319FE5 		ldr	r3, .L23+64
 867 0d00 0610A0E1 		mov	r1, r6
 868 0d04 000083E5 		str	r0, [r3, #0]	@ float
 869 0d08 38009DE5 		ldr	r0, [sp, #56]	@ float
 870 0d0c FEFFFFEB 		bl	__mulsf3
 871 0d10 0510A0E1 		mov	r1, r5
 872 0d14 0040A0E1 		mov	r4, r0
 873 0d18 34009DE5 		ldr	r0, [sp, #52]	@ float
 874 0d1c FEFFFFEB 		bl	__mulsf3
 875 0d20 0010A0E1 		mov	r1, r0
 876 0d24 0400A0E1 		mov	r0, r4
 877 0d28 FEFFFFEB 		bl	__addsf3
 878 0d2c 0010A0E1 		mov	r1, r0
 879 0d30 88009DE5 		ldr	r0, [sp, #136]	@ float
 880 0d34 FEFFFFEB 		bl	__subsf3
 881 0d38 A0419FE5 		ldr	r4, .L23+40
 882 0d3c 0610A0E1 		mov	r1, r6
 883 0d40 000084E5 		str	r0, [r4, #0]	@ float
 884 0d44 30009DE5 		ldr	r0, [sp, #48]	@ float
 885 0d48 FEFFFFEB 		bl	__mulsf3
 886 0d4c 0510A0E1 		mov	r1, r5
 887 0d50 0040A0E1 		mov	r4, r0
 888 0d54 2C009DE5 		ldr	r0, [sp, #44]	@ float
 889 0d58 FEFFFFEB 		bl	__mulsf3
 890 0d5c 0010A0E1 		mov	r1, r0
 891 0d60 0400A0E1 		mov	r0, r4
 892 0d64 FEFFFFEB 		bl	__addsf3
 893 0d68 0010A0E1 		mov	r1, r0
 894 0d6c 8C009DE5 		ldr	r0, [sp, #140]	@ float
 895 0d70 FEFFFFEB 		bl	__subsf3
 896 0d74 0C209DE5 		ldr	r2, [sp, #12]	@ float
 897 0d78 50119FE5 		ldr	r1, .L23+24
 898 0d7c 3C319FE5 		ldr	r3, .L23+8
 899 0d80 002081E5 		str	r2, [r1, #0]	@ float
 900 0d84 000083E5 		str	r0, [r3, #0]	@ float
 901 0d88 08109DE5 		ldr	r1, [sp, #8]	@ float
 902 0d8c 34419FE5 		ldr	r4, .L23+16
 903 0d90 10309DE5 		ldr	r3, [sp, #16]	@ float
 904 0d94 38219FE5 		ldr	r2, .L23+28
 905 0d98 001084E5 		str	r1, [r4, #0]	@ float
 906 0d9c 003082E5 		str	r3, [r2, #0]	@ float
 907 0da0 5DFEFFEA 		b	.L15
 908              	.L20:
 909 0da4 98219FE5 		ldr	r2, .L23+140
 910 0da8 8C319FE5 		ldr	r3, .L23+132
 911 0dac 002083E5 		str	r2, [r3, #0]	@ float
 912 0db0 78219FE5 		ldr	r2, .L23+120
 913 0db4 0000A0E3 		mov	r0, #0
 914 0db8 6C319FE5 		ldr	r3, .L23+116
 915 0dbc FE15A0E3 		mov	r1, #1065353216
 916 0dc0 000082E5 		str	r0, [r2, #0]	@ float
 917 0dc4 6C219FE5 		ldr	r2, .L23+128
 918 0dc8 001083E5 		str	r1, [r3, #0]	@ float
 919 0dcc 60319FE5 		ldr	r3, .L23+124
 920 0dd0 08119FE5 		ldr	r1, .L23+40
 921 0dd4 42C4A0E3 		mov	ip, #1107296256
 922 0dd8 000082E5 		str	r0, [r2, #0]	@ float
 923 0ddc DC209FE5 		ldr	r2, .L23+8
 924 0de0 32C78CE2 		add	ip, ip, #13107200
 925 0de4 000083E5 		str	r0, [r3, #0]	@ float
 926 0de8 B233E0E3 		mvn	r3, #-939524094
 927 0dec 08419FE5 		ldr	r4, .L23+68
 928 0df0 000081E5 		str	r0, [r1, #0]	@ float
 929 0df4 00C082E5 		str	ip, [r2, #0]	@ float
 930 0df8 10119FE5 		ldr	r1, .L23+88
 931 0dfc 44219FE5 		ldr	r2, .L23+144
 932 0e00 513843E2 		sub	r3, r3, #5308416
 933 0e04 F33D43E2 		sub	r3, r3, #15552
 934 0e08 003084E5 		str	r3, [r4, #0]	@ float
 935 0e0c 002081E5 		str	r2, [r1, #0]	@ float
 936 0e10 0131A0E3 		mov	r3, #1073741824
 937 0e14 08219FE5 		ldr	r2, .L23+108
 938 0e18 0A3683E2 		add	r3, r3, #10485760
 939 0e1c 003082E5 		str	r3, [r2, #0]	@ float
 940 0e20 B0309FE5 		ldr	r3, .L23+32
 941 0e24 B0409FE5 		ldr	r4, .L23+36
 942 0e28 88109FE5 		ldr	r1, .L23
 943 0e2c B0209FE5 		ldr	r2, .L23+44
 944 0e30 000083E5 		str	r0, [r3, #0]	@ float
 945 0e34 B4309FE5 		ldr	r3, .L23+56
 946 0e38 84509FE5 		ldr	r5, .L23+12
 947 0e3c 000084E5 		str	r0, [r4, #0]	@ float
 948 0e40 00C081E5 		str	ip, [r1, #0]	@ float
 949 0e44 000082E5 		str	r0, [r2, #0]	@ float
 950 0e48 000083E5 		str	r0, [r3, #0]	@ float
 951 0e4c A0409FE5 		ldr	r4, .L23+60
 952 0e50 64109FE5 		ldr	r1, .L23+4
 953 0e54 90209FE5 		ldr	r2, .L23+52
 954 0e58 98309FE5 		ldr	r3, .L23+64
 955 0e5c 000085E5 		str	r0, [r5, #0]	@ float
 956 0e60 000084E5 		str	r0, [r4, #0]	@ float
 957 0e64 00C081E5 		str	ip, [r1, #0]	@ float
 958 0e68 000082E5 		str	r0, [r2, #0]	@ float
 959 0e6c 000083E5 		str	r0, [r3, #0]	@ float
 960 0e70 94FCFFEA 		b	.L8
 961              	.L14:
 962 0e74 98508DE2 		add	r5, sp, #152
 963 0e78 600095E8 		ldmia	r5, {r5-r6}
 964 0e7c 98308DE2 		add	r3, sp, #152
 965 0e80 180093E8 		ldmia	r3, {r3-r4}
 966 0e84 0020A0E3 		mov	r2, #0
 967 0e88 0110A0E3 		mov	r1, #1
 968 0e8c A440B0E1 		movs	r4, r4, lsr #1
 969 0e90 6330A0E1 		mov	r3, r3, rrx
 970 0e94 026006E0 		and	r6, r6, r2
 971 0e98 015005E0 		and	r5, r5, r1
 972 0e9c 030085E1 		orr	r0, r5, r3
 973 0ea0 041086E1 		orr	r1, r6, r4
 974 0ea4 FEFFFFEB 		bl	__floatdisf
 975 0ea8 0010A0E1 		mov	r1, r0
 976 0eac FEFFFFEB 		bl	__addsf3
 977 0eb0 0020A0E1 		mov	r2, r0
 978 0eb4 42FEFFEA 		b	.L13
 979              	.L24:
 980              		.align	2
 981              	.L23:
 982 0eb8 4C000000 		.word	p11.2931
 983 0ebc 3C000000 		.word	p22.2935
 984 0ec0 2C000000 		.word	p33.2939
 985 0ec4 08000000 		.word	x_prior.2962
 986 0ec8 00000000 		.word	state_ddot
 987 0ecc 0AD7A33B 		.word	1000593162
 988 0ed0 00000000 		.word	state_dot
 989 0ed4 00000000 		.word	state
 990 0ed8 04000000 		.word	xd_prior.2963
 991 0edc 00000000 		.word	xdd_prior.2964
 992 0ee0 30000000 		.word	p32.2938
 993 0ee4 48000000 		.word	p12.2932
 994 0ee8 17B75137 		.word	928102167
 995 0eec 38000000 		.word	p23.2936
 996 0ef0 44000000 		.word	p13.2933
 997 0ef4 40000000 		.word	p21.2934
 998 0ef8 34000000 		.word	p31.2937
 999 0efc 28000000 		.word	q11.2940
 1000 0f00 70000000 		.word	a11.2922
 1001 0f04 6C000000 		.word	a12.2923
 1002 0f08 68000000 		.word	a13.2924
 1003 0f0c 64000000 		.word	a21.2925
 1004 0f10 24000000 		.word	q22.2941
 1005 0f14 60000000 		.word	a22.2926
 1006 0f18 5C000000 		.word	a23.2927
 1007 0f1c 58000000 		.word	a31.2928
 1008 0f20 54000000 		.word	a32.2929
 1009 0f24 20000000 		.word	q33.2942
 1010 0f28 50000000 		.word	a33.2930
 1011 0f2c 18000000 		.word	r22.2944
 1012 0f30 14000000 		.word	x_est.2959
 1013 0f34 10000000 		.word	xd_est.2960
 1014 0f38 0C000000 		.word	xdd_est.2961
 1015 0f3c 1C000000 		.word	r11.2943
 1016 0f40 00000000 		.word	tprev
 1017 0f44 0AD7233C 		.word	1008981770
 1018 0f48 CCCC4C3C 		.word	1011666124
 1020              		.global	__eqsf2
 1021              		.align	2
 1022              		.global	position_kalman
 1024              	position_kalman:
 1025              		@ Function supports interworking.
 1026              		@ args = 0, pretend = 0, frame = 8
 1027              		@ frame_needed = 0, uses_anonymous_args = 0
 1028 0f4c F04F2DE9 		stmfd	sp!, {r4, r5, r6, r7, r8, r9, sl, fp, lr}
 1029 0f50 E4739FE5 		ldr	r7, .L43
 1030 0f54 48D04DE2 		sub	sp, sp, #72
 1031 0f58 0060A0E1 		mov	r6, r0
 1032 0f5c 01A0A0E1 		mov	sl, r1
 1033 0f60 000090E5 		ldr	r0, [r0, #0]	@ float
 1034 0f64 681397E5 		ldr	r1, [r7, #872]	@ float
 1035 0f68 44208DE5 		str	r2, [sp, #68]
 1036 0f6c 40308DE5 		str	r3, [sp, #64]
 1037 0f70 FEFFFFEB 		bl	__subsf3
 1038 0f74 4214A0E3 		mov	r1, #1107296256
 1039 0f78 321781E2 		add	r1, r1, #13107200
 1040 0f7c FEFFFFEB 		bl	__divsf3
 1041 0f80 B8439FE5 		ldr	r4, .L43+4
 1042 0f84 0090A0E1 		mov	r9, r0
 1043 0f88 6C1397E5 		ldr	r1, [r7, #876]	@ float
 1044 0f8c 040096E5 		ldr	r0, [r6, #4]	@ float
 1045 0f90 009084E5 		str	r9, [r4, #0]	@ float
 1046 0f94 FEFFFFEB 		bl	__subsf3
 1047 0f98 4214A0E3 		mov	r1, #1107296256
 1048 0f9c 321781E2 		add	r1, r1, #13107200
 1049 0fa0 FEFFFFEB 		bl	__divsf3
 1050 0fa4 0050A0E1 		mov	r5, r0
 1051 0fa8 701397E5 		ldr	r1, [r7, #880]	@ float
 1052 0fac 080096E5 		ldr	r0, [r6, #8]	@ float
 1053 0fb0 045084E5 		str	r5, [r4, #4]	@ float
 1054 0fb4 FEFFFFEB 		bl	__subsf3
 1055 0fb8 4214A0E3 		mov	r1, #1107296256
 1056 0fbc 321781E2 		add	r1, r1, #13107200
 1057 0fc0 FEFFFFEB 		bl	__divsf3
 1058 0fc4 0080A0E1 		mov	r8, r0
 1059 0fc8 0010A0E3 		mov	r1, #0
 1060 0fcc A40397E5 		ldr	r0, [r7, #932]	@ float
 1061 0fd0 088084E5 		str	r8, [r4, #8]	@ float
 1062 0fd4 FEFFFFEB 		bl	__eqsf2
 1063 0fd8 000050E3 		cmp	r0, #0
 1064 0fdc 4600001A 		bne	.L26
 1065 0fe0 38309AE5 		ldr	r3, [sl, #56]
 1066 0fe4 010053E3 		cmp	r3, #1
 1067 0fe8 8200000A 		beq	.L41
 1068 0fec 50B39FE5 		ldr	fp, .L43+8
 1069 0ff0 0900A0E1 		mov	r0, r9
 1070 0ff4 4C139FE5 		ldr	r1, .L43+12
 1071 0ff8 FEFFFFEB 		bl	__mulsf3
 1072 0ffc 00109BE5 		ldr	r1, [fp, #0]	@ float
 1073 1000 FEFFFFEB 		bl	__addsf3
 1074 1004 0040A0E1 		mov	r4, r0
 1075 1008 38139FE5 		ldr	r1, .L43+12
 1076 100c 0500A0E1 		mov	r0, r5
 1077 1010 00408BE5 		str	r4, [fp, #0]	@ float
 1078 1014 FEFFFFEB 		bl	__mulsf3
 1079 1018 04109BE5 		ldr	r1, [fp, #4]	@ float
 1080 101c FEFFFFEB 		bl	__addsf3
 1081 1020 0050A0E1 		mov	r5, r0
 1082 1024 1C139FE5 		ldr	r1, .L43+12
 1083 1028 0800A0E1 		mov	r0, r8
 1084 102c 04508BE5 		str	r5, [fp, #4]	@ float
 1085 1030 FEFFFFEB 		bl	__mulsf3
 1086 1034 08109BE5 		ldr	r1, [fp, #8]	@ float
 1087 1038 FEFFFFEB 		bl	__addsf3
 1088 103c 0060A0E1 		mov	r6, r0
 1089 1040 141397E5 		ldr	r1, [r7, #788]	@ float
 1090 1044 0400A0E1 		mov	r0, r4
 1091 1048 08608BE5 		str	r6, [fp, #8]	@ float
 1092 104c FEFFFFEB 		bl	__subsf3
 1093 1050 F0129FE5 		ldr	r1, .L43+12
 1094 1054 FEFFFFEB 		bl	__mulsf3
 1095 1058 EC929FE5 		ldr	r9, .L43+16
 1096 105c 0010A0E1 		mov	r1, r0
 1097 1060 000099E5 		ldr	r0, [r9, #0]	@ float
 1098 1064 FEFFFFEB 		bl	__addsf3
 1099 1068 181397E5 		ldr	r1, [r7, #792]	@ float
 1100 106c 000089E5 		str	r0, [r9, #0]	@ float
 1101 1070 0500A0E1 		mov	r0, r5
 1102 1074 FEFFFFEB 		bl	__subsf3
 1103 1078 C8129FE5 		ldr	r1, .L43+12
 1104 107c FEFFFFEB 		bl	__mulsf3
 1105 1080 0010A0E1 		mov	r1, r0
 1106 1084 040099E5 		ldr	r0, [r9, #4]	@ float
 1107 1088 FEFFFFEB 		bl	__addsf3
 1108 108c 1C1397E5 		ldr	r1, [r7, #796]	@ float
 1109 1090 040089E5 		str	r0, [r9, #4]	@ float
 1110 1094 0600A0E1 		mov	r0, r6
 1111 1098 FEFFFFEB 		bl	__subsf3
 1112 109c A4129FE5 		ldr	r1, .L43+12
 1113 10a0 FEFFFFEB 		bl	__mulsf3
 1114 10a4 0010A0E1 		mov	r1, r0
 1115 10a8 080099E5 		ldr	r0, [r9, #8]	@ float
 1116 10ac FEFFFFEB 		bl	__addsf3
 1117 10b0 080089E5 		str	r0, [r9, #8]	@ float
 1118              	.L35:
 1119 10b4 80C29FE5 		ldr	ip, .L43
 1120 10b8 20439CE5 		ldr	r4, [ip, #800]	@ float
 1121 10bc 00009BE5 		ldr	r0, [fp, #0]	@ float
 1122 10c0 0410A0E1 		mov	r1, r4
 1123 10c4 FEFFFFEB 		bl	__mulsf3
 1124 10c8 04109BE5 		ldr	r1, [fp, #4]	@ float
 1125 10cc 00008BE5 		str	r0, [fp, #0]	@ float
 1126 10d0 0400A0E1 		mov	r0, r4
 1127 10d4 FEFFFFEB 		bl	__mulsf3
 1128 10d8 08109BE5 		ldr	r1, [fp, #8]	@ float
 1129 10dc 04008BE5 		str	r0, [fp, #4]	@ float
 1130 10e0 0400A0E1 		mov	r0, r4
 1131 10e4 FEFFFFEB 		bl	__mulsf3
 1132 10e8 60329FE5 		ldr	r3, .L43+20
 1133 10ec 0120A0E3 		mov	r2, #1
 1134 10f0 002083E5 		str	r2, [r3, #0]
 1135 10f4 08008BE5 		str	r0, [fp, #8]	@ float
 1136 10f8 210000EA 		b	.L36
 1137              	.L26:
 1138 10fc 38309AE5 		ldr	r3, [sl, #56]
 1139 1100 010053E3 		cmp	r3, #1
 1140 1104 40929F15 		ldrne	r9, .L43+16
 1141 1108 2E00000A 		beq	.L42
 1142              	.L37:
 1143 110c 204397E5 		ldr	r4, [r7, #800]	@ float
 1144 1110 2CB29FE5 		ldr	fp, .L43+8
 1145 1114 0410A0E1 		mov	r1, r4
 1146 1118 04009BE5 		ldr	r0, [fp, #4]	@ float
 1147 111c FEFFFFEB 		bl	__mulsf3
 1148 1120 08109BE5 		ldr	r1, [fp, #8]	@ float
 1149 1124 04008BE5 		str	r0, [fp, #4]	@ float
 1150 1128 0400A0E1 		mov	r0, r4
 1151 112c FEFFFFEB 		bl	__mulsf3
 1152 1130 08008BE5 		str	r0, [fp, #8]	@ float
 1153 1134 04C08AE2 		add	ip, sl, #4
 1154 1138 0F00BCE8 		ldmia	ip!, {r0, r1, r2, r3}
 1155 113c 0DE0A0E1 		mov	lr, sp
 1156 1140 0F00AEE8 		stmia	lr!, {r0, r1, r2, r3}
 1157 1144 04529FE5 		ldr	r5, .L43+20
 1158 1148 004095E5 		ldr	r4, [r5, #0]
 1159 114c 0F00BCE8 		ldmia	ip!, {r0, r1, r2, r3}
 1160 1150 3C408DE5 		str	r4, [sp, #60]
 1161 1154 44409DE5 		ldr	r4, [sp, #68]
 1162 1158 38408DE5 		str	r4, [sp, #56]
 1163 115c 0F00AEE8 		stmia	lr!, {r0, r1, r2, r3}
 1164 1160 0F00BCE8 		ldmia	ip!, {r0, r1, r2, r3}
 1165 1164 0F00AEE8 		stmia	lr!, {r0, r1, r2, r3}
 1166 1168 03009CE8 		ldmia	ip, {r0, r1}
 1167 116c 03008EE8 		stmia	lr, {r0, r1}
 1168 1170 00309AE5 		ldr	r3, [sl, #0]
 1169 1174 070096E8 		ldmia	r6, {r0, r1, r2}
 1170 1178 FEFFFFEB 		bl	x_position_kalman
 1171 117c 0030A0E3 		mov	r3, #0
 1172 1180 003085E5 		str	r3, [r5, #0]
 1173              	.L36:
 1174 1184 083099E5 		ldr	r3, [r9, #8]	@ float
 1175 1188 002099E5 		ldr	r2, [r9, #0]	@ float
 1176 118c 041099E5 		ldr	r1, [r9, #4]	@ float
 1177 1190 44C09DE5 		ldr	ip, [sp, #68]
 1178 1194 08308CE5 		str	r3, [ip, #8]	@ float
 1179 1198 00208CE5 		str	r2, [ip, #0]	@ float
 1180 119c 04108CE5 		str	r1, [ip, #4]	@ float
 1181 11a0 40009DE5 		ldr	r0, [sp, #64]
 1182 11a4 08309BE5 		ldr	r3, [fp, #8]	@ float
 1183 11a8 00209BE5 		ldr	r2, [fp, #0]	@ float
 1184 11ac 04109BE5 		ldr	r1, [fp, #4]	@ float
 1185 11b0 083080E5 		str	r3, [r0, #8]	@ float
 1186 11b4 002080E5 		str	r2, [r0, #0]	@ float
 1187 11b8 041080E5 		str	r1, [r0, #4]	@ float
 1188 11bc 48D08DE2 		add	sp, sp, #72
 1189 11c0 F04FBDE8 		ldmfd	sp!, {r4, r5, r6, r7, r8, r9, sl, fp, lr}
 1190 11c4 1EFF2FE1 		bx	lr
 1191              	.L42:
 1192 11c8 7C919FE5 		ldr	r9, .L43+16
 1193 11cc 04C09AE5 		ldr	ip, [sl, #4]	@ float
 1194 11d0 08E09AE5 		ldr	lr, [sl, #8]	@ float
 1195 11d4 041099E5 		ldr	r1, [r9, #4]	@ float
 1196 11d8 080099E5 		ldr	r0, [r9, #8]	@ float
 1197 11dc 70319FE5 		ldr	r3, .L43+24
 1198 11e0 70219FE5 		ldr	r2, .L43+28
 1199 11e4 001083E5 		str	r1, [r3, #0]	@ float
 1200 11e8 000082E5 		str	r0, [r2, #0]	@ float
 1201 11ec 04C089E5 		str	ip, [r9, #4]	@ float
 1202 11f0 08E089E5 		str	lr, [r9, #8]	@ float
 1203 11f4 C4FFFFEA 		b	.L37
 1204              	.L41:
 1205 11f8 30008AE2 		add	r0, sl, #48
 1206 11fc 030090E8 		ldmia	r0, {r0-r1}
 1207 1200 0020A0E3 		mov	r2, #0
 1208 1204 0030A0E3 		mov	r3, #0
 1209 1208 FEFFFFEB 		bl	__cmpdi2
 1210 120c 000050E3 		cmp	r0, #0
 1211 1210 2C0000DA 		ble	.L32
 1212 1214 30008AE2 		add	r0, sl, #48
 1213 1218 030090E8 		ldmia	r0, {r0-r1}
 1214 121c FEFFFFEB 		bl	__floatdisf
 1215              	.L31:
 1216 1220 34719FE5 		ldr	r7, .L43+32
 1217 1224 001097E5 		ldr	r1, [r7, #0]	@ float
 1218 1228 FEFFFFEB 		bl	__subsf3
 1219 122c 4914A0E3 		mov	r1, #1224736768
 1220 1230 1D1781E2 		add	r1, r1, #7602176
 1221 1234 091B81E2 		add	r1, r1, #9216
 1222 1238 FEFFFFEB 		bl	__divsf3
 1223 123c 08919FE5 		ldr	r9, .L43+16
 1224 1240 18C19FE5 		ldr	ip, .L43+36
 1225 1244 004099E5 		ldr	r4, [r9, #0]	@ float
 1226 1248 14319FE5 		ldr	r3, .L43+40
 1227 124c 00408CE5 		str	r4, [ip, #0]	@ float
 1228 1250 FCE09FE5 		ldr	lr, .L43+24
 1229 1254 FCC09FE5 		ldr	ip, .L43+28
 1230 1258 045099E5 		ldr	r5, [r9, #4]	@ float
 1231 125c 086099E5 		ldr	r6, [r9, #8]	@ float
 1232 1260 000083E5 		str	r0, [r3, #0]	@ float
 1233 1264 0020A0E3 		mov	r2, #0
 1234 1268 0030A0E3 		mov	r3, #0
 1235 126c 30008AE2 		add	r0, sl, #48
 1236 1270 030090E8 		ldmia	r0, {r0-r1}
 1237 1274 00508EE5 		str	r5, [lr, #0]	@ float
 1238 1278 00608CE5 		str	r6, [ip, #0]	@ float
 1239 127c FEFFFFEB 		bl	__cmpdi2
 1240 1280 000050E3 		cmp	r0, #0
 1241 1284 1D0000DA 		ble	.L34
 1242 1288 30008AE2 		add	r0, sl, #48
 1243 128c 030090E8 		ldmia	r0, {r0-r1}
 1244 1290 FEFFFFEB 		bl	__floatdisf
 1245 1294 0030A0E1 		mov	r3, r0
 1246              	.L33:
 1247 1298 BC409FE5 		ldr	r4, .L43+32
 1248 129c 00209AE5 		ldr	r2, [sl, #0]	@ float
 1249 12a0 04109AE5 		ldr	r1, [sl, #4]	@ float
 1250 12a4 08009AE5 		ldr	r0, [sl, #8]	@ float
 1251 12a8 94B09FE5 		ldr	fp, .L43+8
 1252 12ac 003084E5 		str	r3, [r4, #0]	@ float
 1253 12b0 0030A0E3 		mov	r3, #0
 1254 12b4 38308AE5 		str	r3, [sl, #56]
 1255 12b8 002089E5 		str	r2, [r9, #0]	@ float
 1256 12bc 041089E5 		str	r1, [r9, #4]	@ float
 1257 12c0 080089E5 		str	r0, [r9, #8]	@ float
 1258 12c4 7AFFFFEA 		b	.L35
 1259              	.L32:
 1260 12c8 30108AE2 		add	r1, sl, #48
 1261 12cc 060091E8 		ldmia	r1, {r1-r2}
 1262 12d0 0130A0E3 		mov	r3, #1
 1263 12d4 0040A0E3 		mov	r4, #0
 1264 12d8 A280B0E1 		movs	r8, r2, lsr #1
 1265 12dc 6170A0E1 		mov	r7, r1, rrx
 1266 12e0 035001E0 		and	r5, r1, r3
 1267 12e4 046002E0 		and	r6, r2, r4
 1268 12e8 081086E1 		orr	r1, r6, r8
 1269 12ec 070085E1 		orr	r0, r5, r7
 1270 12f0 FEFFFFEB 		bl	__floatdisf
 1271 12f4 0010A0E1 		mov	r1, r0
 1272 12f8 FEFFFFEB 		bl	__addsf3
 1273 12fc C7FFFFEA 		b	.L31
 1274              	.L34:
 1275 1300 30108AE2 		add	r1, sl, #48
 1276 1304 060091E8 		ldmia	r1, {r1-r2}
 1277 1308 0130A0E3 		mov	r3, #1
 1278 130c 0040A0E3 		mov	r4, #0
 1279 1310 035001E0 		and	r5, r1, r3
 1280 1314 A280B0E1 		movs	r8, r2, lsr #1
 1281 1318 6170A0E1 		mov	r7, r1, rrx
 1282 131c 046002E0 		and	r6, r2, r4
 1283 1320 081086E1 		orr	r1, r6, r8
 1284 1324 070085E1 		orr	r0, r5, r7
 1285 1328 FEFFFFEB 		bl	__floatdisf
 1286 132c 0010A0E1 		mov	r1, r0
 1287 1330 FEFFFFEB 		bl	__addsf3
 1288 1334 0030A0E1 		mov	r3, r0
 1289 1338 D6FFFFEA 		b	.L33
 1290              	.L44:
 1291              		.align	2
 1292              	.L43:
 1293 133c 00000000 		.word	global_data
 1294 1340 00000000 		.word	state_ddot
 1295 1344 00000000 		.word	state_dot
 1296 1348 0AD7A33B 		.word	1000593162
 1297 134c 00000000 		.word	state
 1298 1350 00000000 		.word	xN
 1299 1354 00000000 		.word	yprev
 1300 1358 00000000 		.word	zprev
 1301 135c 00000000 		.word	tprev
 1302 1360 00000000 		.word	xprev
 1303 1364 00000000 		.word	Delta_T
 1305              		.global	xN
 1306              		.data
 1307              		.align	2
 1310              	xN:
 1311 0000 01000000 		.word	1
 1312              		.bss
 1313              		.align	2
 1314              	xdd_prior.2964:
 1315 0000 00000000 		.space	4
 1316              		.align	2
 1317              	xd_prior.2963:
 1318 0004 00000000 		.space	4
 1319              		.align	2
 1320              	x_prior.2962:
 1321 0008 00000000 		.space	4
 1322              		.align	2
 1323              	xdd_est.2961:
 1324 000c 00000000 		.space	4
 1325              		.align	2
 1326              	xd_est.2960:
 1327 0010 00000000 		.space	4
 1328              		.align	2
 1329              	x_est.2959:
 1330 0014 00000000 		.space	4
 1331              		.align	2
 1332              	r22.2944:
 1333 0018 00000000 		.space	4
 1334              		.align	2
 1335              	r11.2943:
 1336 001c 00000000 		.space	4
 1337              		.align	2
 1338              	q33.2942:
 1339 0020 00000000 		.space	4
 1340              		.align	2
 1341              	q22.2941:
 1342 0024 00000000 		.space	4
 1343              		.align	2
 1344              	q11.2940:
 1345 0028 00000000 		.space	4
 1346              		.align	2
 1347              	p33.2939:
 1348 002c 00000000 		.space	4
 1349              		.align	2
 1350              	p32.2938:
 1351 0030 00000000 		.space	4
 1352              		.align	2
 1353              	p31.2937:
 1354 0034 00000000 		.space	4
 1355              		.align	2
 1356              	p23.2936:
 1357 0038 00000000 		.space	4
 1358              		.align	2
 1359              	p22.2935:
 1360 003c 00000000 		.space	4
 1361              		.align	2
 1362              	p21.2934:
 1363 0040 00000000 		.space	4
 1364              		.align	2
 1365              	p13.2933:
 1366 0044 00000000 		.space	4
 1367              		.align	2
 1368              	p12.2932:
 1369 0048 00000000 		.space	4
 1370              		.align	2
 1371              	p11.2931:
 1372 004c 00000000 		.space	4
 1373              		.align	2
 1374              	a33.2930:
 1375 0050 00000000 		.space	4
 1376              		.align	2
 1377              	a32.2929:
 1378 0054 00000000 		.space	4
 1379              		.align	2
 1380              	a31.2928:
 1381 0058 00000000 		.space	4
 1382              		.align	2
 1383              	a23.2927:
 1384 005c 00000000 		.space	4
 1385              		.align	2
 1386              	a22.2926:
 1387 0060 00000000 		.space	4
 1388              		.align	2
 1389              	a21.2925:
 1390 0064 00000000 		.space	4
 1391              		.align	2
 1392              	a13.2924:
 1393 0068 00000000 		.space	4
 1394              		.align	2
 1395              	a12.2923:
 1396 006c 00000000 		.space	4
 1397              		.align	2
 1398              	a11.2922:
 1399 0070 00000000 		.space	4
 1400              		.comm	global_param_id,4,4
 1401              		.comm	state_fly_id,4,4
 1402              		.comm	global_data,2700,4
 1403              		.comm	state,12,4
 1404              		.comm	state_dot,12,4
 1405              		.comm	state_ddot,12,4
 1406              		.comm	xprev,4,4
 1407              		.comm	yprev,4,4
 1408              		.comm	zprev,4,4
 1409              		.comm	tprev,4,4
 1410              		.comm	Delta_T,4,4
 1411              		.ident	"GCC: (GNU) 4.1.1 (WinARM)"
DEFINED SYMBOLS
                            *ABS*:00000000 position_kalman.c
C:\Users\Srdjan\AppData\Local\Temp/cc4Oaaaa.s:6      .text:00000000 position_kalman_init
C:\Users\Srdjan\AppData\Local\Temp/cc4Oaaaa.s:11     .text:00000000 $a
C:\Users\Srdjan\AppData\Local\Temp/cc4Oaaaa.s:29     .text:00000038 $d
                            *COM*:0000000c state
                            *COM*:0000000c state_dot
                            *COM*:0000000c state_ddot
C:\Users\Srdjan\AppData\Local\Temp/cc4Oaaaa.s:43     .text:00000044 x_position_kalman
C:\Users\Srdjan\AppData\Local\Temp/cc4Oaaaa.s:47     .text:00000044 $a
C:\Users\Srdjan\AppData\Local\Temp/cc4Oaaaa.s:982    .text:00000eb8 $d
C:\Users\Srdjan\AppData\Local\Temp/cc4Oaaaa.s:1371   .bss:0000004c p11.2931
C:\Users\Srdjan\AppData\Local\Temp/cc4Oaaaa.s:1359   .bss:0000003c p22.2935
C:\Users\Srdjan\AppData\Local\Temp/cc4Oaaaa.s:1347   .bss:0000002c p33.2939
C:\Users\Srdjan\AppData\Local\Temp/cc4Oaaaa.s:1320   .bss:00000008 x_prior.2962
C:\Users\Srdjan\AppData\Local\Temp/cc4Oaaaa.s:1317   .bss:00000004 xd_prior.2963
C:\Users\Srdjan\AppData\Local\Temp/cc4Oaaaa.s:1314   .bss:00000000 xdd_prior.2964
C:\Users\Srdjan\AppData\Local\Temp/cc4Oaaaa.s:1350   .bss:00000030 p32.2938
C:\Users\Srdjan\AppData\Local\Temp/cc4Oaaaa.s:1368   .bss:00000048 p12.2932
C:\Users\Srdjan\AppData\Local\Temp/cc4Oaaaa.s:1356   .bss:00000038 p23.2936
C:\Users\Srdjan\AppData\Local\Temp/cc4Oaaaa.s:1365   .bss:00000044 p13.2933
C:\Users\Srdjan\AppData\Local\Temp/cc4Oaaaa.s:1362   .bss:00000040 p21.2934
C:\Users\Srdjan\AppData\Local\Temp/cc4Oaaaa.s:1353   .bss:00000034 p31.2937
C:\Users\Srdjan\AppData\Local\Temp/cc4Oaaaa.s:1344   .bss:00000028 q11.2940
C:\Users\Srdjan\AppData\Local\Temp/cc4Oaaaa.s:1398   .bss:00000070 a11.2922
C:\Users\Srdjan\AppData\Local\Temp/cc4Oaaaa.s:1395   .bss:0000006c a12.2923
C:\Users\Srdjan\AppData\Local\Temp/cc4Oaaaa.s:1392   .bss:00000068 a13.2924
C:\Users\Srdjan\AppData\Local\Temp/cc4Oaaaa.s:1389   .bss:00000064 a21.2925
C:\Users\Srdjan\AppData\Local\Temp/cc4Oaaaa.s:1341   .bss:00000024 q22.2941
C:\Users\Srdjan\AppData\Local\Temp/cc4Oaaaa.s:1386   .bss:00000060 a22.2926
C:\Users\Srdjan\AppData\Local\Temp/cc4Oaaaa.s:1383   .bss:0000005c a23.2927
C:\Users\Srdjan\AppData\Local\Temp/cc4Oaaaa.s:1380   .bss:00000058 a31.2928
C:\Users\Srdjan\AppData\Local\Temp/cc4Oaaaa.s:1377   .bss:00000054 a32.2929
C:\Users\Srdjan\AppData\Local\Temp/cc4Oaaaa.s:1338   .bss:00000020 q33.2942
C:\Users\Srdjan\AppData\Local\Temp/cc4Oaaaa.s:1374   .bss:00000050 a33.2930
C:\Users\Srdjan\AppData\Local\Temp/cc4Oaaaa.s:1332   .bss:00000018 r22.2944
C:\Users\Srdjan\AppData\Local\Temp/cc4Oaaaa.s:1329   .bss:00000014 x_est.2959
C:\Users\Srdjan\AppData\Local\Temp/cc4Oaaaa.s:1326   .bss:00000010 xd_est.2960
C:\Users\Srdjan\AppData\Local\Temp/cc4Oaaaa.s:1323   .bss:0000000c xdd_est.2961
C:\Users\Srdjan\AppData\Local\Temp/cc4Oaaaa.s:1335   .bss:0000001c r11.2943
                            *COM*:00000004 tprev
C:\Users\Srdjan\AppData\Local\Temp/cc4Oaaaa.s:1024   .text:00000f4c position_kalman
C:\Users\Srdjan\AppData\Local\Temp/cc4Oaaaa.s:1028   .text:00000f4c $a
C:\Users\Srdjan\AppData\Local\Temp/cc4Oaaaa.s:1293   .text:0000133c $d
                            *COM*:00000a8c global_data
C:\Users\Srdjan\AppData\Local\Temp/cc4Oaaaa.s:1310   .data:00000000 xN
                            *COM*:00000004 yprev
                            *COM*:00000004 zprev
                            *COM*:00000004 xprev
                            *COM*:00000004 Delta_T
C:\Users\Srdjan\AppData\Local\Temp/cc4Oaaaa.s:1311   .data:00000000 $d
                            *COM*:00000004 global_param_id
                            *COM*:00000004 state_fly_id

UNDEFINED SYMBOLS
__addsf3
__gtsf2
__mulsf3
__cmpdi2
__floatdisf
__subsf3
__divsf3
__eqsf2
