   1              		.file	"pwm.c"
   2              		.text
   3              		.align	2
   4              		.global	pwm_set_channel
   6              	pwm_set_channel:
   7              		@ Function supports interworking.
   8              		@ args = 0, pretend = 0, frame = 0
   9              		@ frame_needed = 0, uses_anonymous_args = 0
  10              		@ link register save eliminated.
  11 0000 080051E3 		cmp	r1, #8
  12              		@ lr needed for prologue
  13 0004 1EFF2F81 		bxhi	lr
  14 0008 FA0F50E3 		cmp	r0, #1000
  15 000c FA0FA033 		movcc	r0, #1000
  16 0010 0300002A 		bcs	.L12
  17              	.L6:
  18 0014 24309FE5 		ldr	r3, .L13
  19 0018 002260E0 		rsb	r2, r0, r0, asl #4
  20 001c 012183E7 		str	r2, [r3, r1, asl #2]
  21 0020 1EFF2FE1 		bx	lr
  22              	.L12:
  23 0024 752CA0E3 		mov	r2, #29952
  24 0028 7D0E50E3 		cmp	r0, #2000
  25 002c 302082E2 		add	r2, r2, #48
  26 0030 F7FFFF9A 		bls	.L6
  27 0034 04309FE5 		ldr	r3, .L13
  28 0038 012183E7 		str	r2, [r3, r1, asl #2]
  29 003c 1EFF2FE1 		bx	lr
  30              	.L14:
  31              		.align	2
  32              	.L13:
  33 0040 00000000 		.word	pwm_values
  35              		.align	2
  36              		.global	pwm_init
  38              	pwm_init:
  39              		@ Function supports interworking.
  40              		@ args = 0, pretend = 0, frame = 0
  41              		@ frame_needed = 0, uses_anonymous_args = 0
  42 0044 0E02A0E3 		mov	r0, #-536870912
  43 0048 0B0980E2 		add	r0, r0, #180224
  44 004c 143090E5 		ldr	r3, [r0, #20]
  45 0050 0830C3E3 		bic	r3, r3, #8
  46 0054 143080E5 		str	r3, [r0, #20]
  47 0058 0E12A0E3 		mov	r1, #-536870912
  48 005c 0A1981E2 		add	r1, r1, #163840
  49 0060 183091E5 		ldr	r3, [r1, #24]
  50 0064 0126A0E3 		mov	r2, #1048576
  51 0068 013683E3 		orr	r3, r3, #1048576
  52 006c 183081E5 		str	r3, [r1, #24]
  53 0070 1C2081E5 		str	r2, [r1, #28]
  54 0074 083091E5 		ldr	r3, [r1, #8]
  55 0078 203083E3 		orr	r3, r3, #32
  56 007c 083081E5 		str	r3, [r1, #8]
  57 0080 002090E5 		ldr	r2, [r0, #0]
  58 0084 022B82E3 		orr	r2, r2, #2048
  59 0088 002080E5 		str	r2, [r0, #0]
  60 008c 0A1941E2 		sub	r1, r1, #163840
  61 0090 011981E2 		add	r1, r1, #16384
  62 0094 143091E5 		ldr	r3, [r1, #20]
  63 0098 083083E3 		orr	r3, r3, #8
  64 009c 143081E5 		str	r3, [r1, #20]
  65 00a0 3C2091E5 		ldr	r2, [r1, #60]
  66 00a4 0220C2E3 		bic	r2, r2, #2
  67 00a8 3C2081E5 		str	r2, [r1, #60]
  68 00ac 58309FE5 		ldr	r3, .L21
  69 00b0 492AA0E3 		mov	r2, #299008
  70 00b4 10402DE9 		stmfd	sp!, {r4, lr}
  71 00b8 3E2E82E2 		add	r2, r2, #992
  72 00bc 3CE091E5 		ldr	lr, [r1, #60]
  73 00c0 E7C8A0E3 		mov	ip, #15138816
  74 00c4 002083E5 		str	r2, [r3, #0]
  75 00c8 AECD8CE2 		add	ip, ip, #11136
  76 00cc 3C309FE5 		ldr	r3, .L21+4
  77 00d0 80E08EE3 		orr	lr, lr, #128
  78 00d4 30C08CE2 		add	ip, ip, #48
  79 00d8 34409FE5 		ldr	r4, .L21+8
  80 00dc 0000E0E3 		mvn	r0, #0
  81 00e0 000083E5 		str	r0, [r3, #0]
  82 00e4 3CE081E5 		str	lr, [r1, #60]
  83 00e8 573CA0E3 		mov	r3, #22272
  84 00ec 1CC081E5 		str	ip, [r1, #28]
  85 00f0 E43083E2 		add	r3, r3, #228
  86 00f4 242084E2 		add	r2, r4, #36
  87              	.L16:
  88 00f8 043084E4 		str	r3, [r4], #4
  89 00fc 020054E1 		cmp	r4, r2
  90 0100 FCFFFF1A 		bne	.L16
  91 0104 1040BDE8 		ldmfd	sp!, {r4, lr}
  92 0108 1EFF2FE1 		bx	lr
  93              	.L22:
  94              		.align	2
  95              	.L21:
  96 010c 00000000 		.word	pause_time
  97 0110 00000000 		.word	counter
  98 0114 00000000 		.word	pwm_values
 100              		.align	2
 101              		.global	PWM_ISR
 103              	PWM_ISR:
 104              		@ Function supports interworking.
 105              		@ args = 0, pretend = 0, frame = 0
 106              		@ frame_needed = 0, uses_anonymous_args = 0
 107 0118 30402DE9 		stmfd	sp!, {r4, r5, lr}
 108 011c 24419FE5 		ldr	r4, .L35
 109 0120 003094E5 		ldr	r3, [r4, #0]
 110 0124 0EC2A0E3 		mov	ip, #-536870912
 111 0128 491AA0E3 		mov	r1, #299008
 112 012c 0E02A0E3 		mov	r0, #-536870912
 113 0130 010073E3 		cmn	r3, #1
 114 0134 01C98CE2 		add	ip, ip, #16384
 115 0138 3E1E81E2 		add	r1, r1, #992
 116 013c 0A0980E2 		add	r0, r0, #163840
 117 0140 2E00000A 		beq	.L32
 118 0144 0EC2A0E3 		mov	ip, #-536870912
 119 0148 0E02A0E3 		mov	r0, #-536870912
 120 014c 000053E3 		cmp	r3, #0
 121 0150 01C98CE2 		add	ip, ip, #16384
 122 0154 0A0980E2 		add	r0, r0, #163840
 123 0158 ECE09FE5 		ldr	lr, .L35+4
 124 015c 1400000A 		beq	.L33
 125 0160 0EC2A0E3 		mov	ip, #-536870912
 126 0164 0E02A0E3 		mov	r0, #-536870912
 127 0168 090053E3 		cmp	r3, #9
 128 016c 01C98CE2 		add	ip, ip, #16384
 129 0170 D4509FE5 		ldr	r5, .L35+4
 130 0174 010980E2 		add	r0, r0, #16384
 131 0178 01E083E2 		add	lr, r3, #1
 132 017c 2A00000A 		beq	.L34
 133 0180 C8209FE5 		ldr	r2, .L35+8
 134 0184 031192E7 		ldr	r1, [r2, r3, asl #2]
 135 0188 1C309CE5 		ldr	r3, [ip, #28]
 136 018c 013083E0 		add	r3, r3, r1
 137 0190 1C308CE5 		str	r3, [ip, #28]
 138 0194 002095E5 		ldr	r2, [r5, #0]
 139 0198 3C309CE5 		ldr	r3, [ip, #60]
 140 019c 022061E0 		rsb	r2, r1, r2
 141 01a0 0230C3E3 		bic	r3, r3, #2
 142 01a4 002085E5 		str	r2, [r5, #0]
 143 01a8 3C308CE5 		str	r3, [ip, #60]
 144 01ac 00E084E5 		str	lr, [r4, #0]
 145 01b0 100000EA 		b	.L31
 146              	.L33:
 147 01b4 94209FE5 		ldr	r2, .L35+8
 148 01b8 1C309CE5 		ldr	r3, [ip, #28]
 149 01bc 001092E5 		ldr	r1, [r2, #0]
 150 01c0 013083E0 		add	r3, r3, r1
 151 01c4 5D3E43E2 		sub	r3, r3, #1488
 152 01c8 0C3043E2 		sub	r3, r3, #12
 153 01cc 0126A0E3 		mov	r2, #1048576
 154 01d0 1C308CE5 		str	r3, [ip, #28]
 155 01d4 1C2080E5 		str	r2, [r0, #28]
 156 01d8 00309EE5 		ldr	r3, [lr, #0]
 157 01dc 3C209CE5 		ldr	r2, [ip, #60]
 158 01e0 033061E0 		rsb	r3, r1, r3
 159 01e4 0220C2E3 		bic	r2, r2, #2
 160 01e8 00308EE5 		str	r3, [lr, #0]
 161 01ec 0130A0E3 		mov	r3, #1
 162 01f0 3C208CE5 		str	r2, [ip, #60]
 163 01f4 003084E5 		str	r3, [r4, #0]
 164              	.L31:
 165 01f8 3040BDE8 		ldmfd	sp!, {r4, r5, lr}
 166 01fc 1EFF2FE1 		bx	lr
 167              	.L32:
 168 0200 1C209CE5 		ldr	r2, [ip, #28]
 169 0204 40309FE5 		ldr	r3, .L35+4
 170 0208 5D2E82E2 		add	r2, r2, #1488
 171 020c 0C2082E2 		add	r2, r2, #12
 172 0210 1C208CE5 		str	r2, [ip, #28]
 173 0214 001083E5 		str	r1, [r3, #0]
 174 0218 0126A0E3 		mov	r2, #1048576
 175 021c 0030A0E3 		mov	r3, #0
 176 0220 142080E5 		str	r2, [r0, #20]
 177 0224 003084E5 		str	r3, [r4, #0]
 178 0228 F2FFFFEA 		b	.L31
 179              	.L34:
 180 022c 1C2090E5 		ldr	r2, [r0, #28]
 181 0230 001095E5 		ldr	r1, [r5, #0]
 182 0234 0030E0E3 		mvn	r3, #0
 183 0238 012082E0 		add	r2, r2, r1
 184 023c 1C2080E5 		str	r2, [r0, #28]
 185 0240 003084E5 		str	r3, [r4, #0]
 186 0244 EBFFFFEA 		b	.L31
 187              	.L36:
 188              		.align	2
 189              	.L35:
 190 0248 00000000 		.word	counter
 191 024c 00000000 		.word	pause_time
 192 0250 00000000 		.word	pwm_values
 194              		.comm	counter,4,4
 195              		.comm	pause_time,4,4
 196              		.comm	pwm_values,36,4
 197              		.ident	"GCC: (GNU) 4.1.1 (WinARM)"
DEFINED SYMBOLS
                            *ABS*:00000000 pwm.c
C:\Users\Srdjan\AppData\Local\Temp/cc0cbaaa.s:6      .text:00000000 pwm_set_channel
C:\Users\Srdjan\AppData\Local\Temp/cc0cbaaa.s:11     .text:00000000 $a
C:\Users\Srdjan\AppData\Local\Temp/cc0cbaaa.s:33     .text:00000040 $d
                            *COM*:00000024 pwm_values
C:\Users\Srdjan\AppData\Local\Temp/cc0cbaaa.s:38     .text:00000044 pwm_init
C:\Users\Srdjan\AppData\Local\Temp/cc0cbaaa.s:42     .text:00000044 $a
C:\Users\Srdjan\AppData\Local\Temp/cc0cbaaa.s:96     .text:0000010c $d
                            *COM*:00000004 pause_time
                            *COM*:00000004 counter
C:\Users\Srdjan\AppData\Local\Temp/cc0cbaaa.s:103    .text:00000118 PWM_ISR
C:\Users\Srdjan\AppData\Local\Temp/cc0cbaaa.s:107    .text:00000118 $a
C:\Users\Srdjan\AppData\Local\Temp/cc0cbaaa.s:190    .text:00000248 $d

NO UNDEFINED SYMBOLS
