   1              		.file	"shutter.c"
   2              		.text
   3              		.align	2
   4              		.global	shutter_control
   6              	shutter_control:
   7              		@ Function supports interworking.
   8              		@ args = 0, pretend = 0, frame = 0
   9              		@ frame_needed = 0, uses_anonymous_args = 0
  10              		@ link register save eliminated.
  11 0000 FF0000E2 		and	r0, r0, #255
  12 0004 10309FE5 		ldr	r3, .L5
  13 0008 000050E3 		cmp	r0, #0
  14 000c 0000C3E5 		strb	r0, [r3, #0]
  15 0010 08309F05 		ldreq	r3, .L5+4
  16              		@ lr needed for prologue
  17 0014 00008305 		streq	r0, [r3, #0]
  18 0018 1EFF2FE1 		bx	lr
  19              	.L6:
  20              		.align	2
  21              	.L5:
  22 001c 00000000 		.word	m_shutter_active
  23 0020 0C000000 		.word	m_shutter_seq
  25              		.global	__floatsisf
  26              		.global	__addsf3
  27              		.align	2
  28              		.global	shutter_set
  30              	shutter_set:
  31              		@ Function supports interworking.
  32              		@ args = 0, pretend = 0, frame = 0
  33              		@ frame_needed = 0, uses_anonymous_args = 0
  34 0024 003050E2 		subs	r3, r0, #0
  35 0028 10402DE9 		stmfd	sp!, {r4, lr}
  36 002c 012003E2 		and	r2, r3, #1
  37 0030 0140A0E1 		mov	r4, r1
  38 0034 0C0000BA 		blt	.L9
  39 0038 FEFFFFEB 		bl	__floatsisf
  40 003c 68309FE5 		ldr	r3, .L15
  41 0040 0020A0E1 		mov	r2, r0
  42 0044 000054E3 		cmp	r4, #0
  43 0048 0400A0E1 		mov	r0, r4
  44 004c 011004E2 		and	r1, r4, #1
  45 0050 D02383E5 		str	r2, [r3, #976]	@ float
  46 0054 0F0000BA 		blt	.L11
  47              	.L14:
  48 0058 FEFFFFEB 		bl	__floatsisf
  49              	.L10:
  50 005c 48309FE5 		ldr	r3, .L15
  51 0060 D40383E5 		str	r0, [r3, #980]	@ float
  52 0064 1040BDE8 		ldmfd	sp!, {r4, lr}
  53 0068 1EFF2FE1 		bx	lr
  54              	.L9:
  55 006c A30082E1 		orr	r0, r2, r3, lsr #1
  56 0070 FEFFFFEB 		bl	__floatsisf
  57 0074 0010A0E1 		mov	r1, r0
  58 0078 FEFFFFEB 		bl	__addsf3
  59 007c 28309FE5 		ldr	r3, .L15
  60 0080 0020A0E1 		mov	r2, r0
  61 0084 000054E3 		cmp	r4, #0
  62 0088 0400A0E1 		mov	r0, r4
  63 008c 011004E2 		and	r1, r4, #1
  64 0090 D02383E5 		str	r2, [r3, #976]	@ float
  65 0094 EFFFFFAA 		bge	.L14
  66              	.L11:
  67 0098 A40081E1 		orr	r0, r1, r4, lsr #1
  68 009c FEFFFFEB 		bl	__floatsisf
  69 00a0 0010A0E1 		mov	r1, r0
  70 00a4 FEFFFFEB 		bl	__addsf3
  71 00a8 EBFFFFEA 		b	.L10
  72              	.L16:
  73              		.align	2
  74              	.L15:
  75 00ac 00000000 		.word	global_data
  77              		.align	2
  78              		.global	shutter_get_seq
  80              	shutter_get_seq:
  81              		@ Function supports interworking.
  82              		@ args = 0, pretend = 0, frame = 0
  83              		@ frame_needed = 0, uses_anonymous_args = 0
  84              		@ link register save eliminated.
  85 00b0 04309FE5 		ldr	r3, .L19
  86 00b4 000093E5 		ldr	r0, [r3, #0]
  87              		@ lr needed for prologue
  88 00b8 1EFF2FE1 		bx	lr
  89              	.L20:
  90              		.align	2
  91              	.L19:
  92 00bc 0C000000 		.word	m_shutter_seq
  94              		.global	__fixunssfsi
  95              		.align	2
  96              		.global	shutter_loop
  98              	shutter_loop:
  99              		@ Function supports interworking.
 100              		@ args = 0, pretend = 0, frame = 0
 101              		@ frame_needed = 0, uses_anonymous_args = 0
 102 00c0 F0402DE9 		stmfd	sp!, {r4, r5, r6, r7, lr}
 103 00c4 C0309FE5 		ldr	r3, .L36
 104 00c8 0000D3E5 		ldrb	r0, [r3, #0]	@ zero_extendqisi2
 105 00cc 000050E3 		cmp	r0, #0
 106 00d0 0100001A 		bne	.L35
 107              	.L24:
 108 00d4 F040BDE8 		ldmfd	sp!, {r4, r5, r6, r7, lr}
 109 00d8 1EFF2FE1 		bx	lr
 110              	.L35:
 111 00dc FEFFFFEB 		bl	sys_time_clock_get_time_usec
 112 00e0 A8609FE5 		ldr	r6, .L36+4
 113 00e4 0040A0E1 		mov	r4, r0
 114 00e8 D00396E5 		ldr	r0, [r6, #976]	@ float
 115 00ec FEFFFFEB 		bl	__fixunssfsi
 116 00f0 9C509FE5 		ldr	r5, .L36+8
 117 00f4 003095E5 		ldr	r3, [r5, #0]
 118 00f8 030080E0 		add	r0, r0, r3
 119 00fc 000054E1 		cmp	r4, r0
 120 0100 0070A093 		movls	r7, #0
 121 0104 1000009A 		bls	.L27
 122 0108 88009FE5 		ldr	r0, .L36+12
 123 010c 0030D0E5 		ldrb	r3, [r0, #0]	@ zero_extendqisi2
 124 0110 000053E3 		cmp	r3, #0
 125 0114 80309F05 		ldreq	r3, .L36+16
 126 0118 00209305 		ldreq	r2, [r3, #0]
 127 011c 01208202 		addeq	r2, r2, #1
 128 0120 00208305 		streq	r2, [r3, #0]
 129 0124 0E22A0E3 		mov	r2, #-536870912
 130 0128 0A2982E2 		add	r2, r2, #163840
 131 012c 1C3092E5 		ldr	r3, [r2, #28]
 132 0130 0110A003 		moveq	r1, #1
 133 0134 013583E3 		orr	r3, r3, #4194304
 134 0138 1C3082E5 		str	r3, [r2, #28]
 135 013c 0010C005 		streqb	r1, [r0, #0]
 136 0140 004085E5 		str	r4, [r5, #0]
 137 0144 0070A013 		movne	r7, #0
 138 0148 0170A001 		moveq	r7, r1
 139              	.L27:
 140 014c D40396E5 		ldr	r0, [r6, #980]	@ float
 141 0150 FEFFFFEB 		bl	__fixunssfsi
 142 0154 003095E5 		ldr	r3, [r5, #0]
 143 0158 030080E0 		add	r0, r0, r3
 144 015c 000054E1 		cmp	r4, r0
 145 0160 0700009A 		bls	.L34
 146 0164 0E12A0E3 		mov	r1, #-536870912
 147 0168 0A1981E2 		add	r1, r1, #163840
 148 016c 142091E5 		ldr	r2, [r1, #20]
 149 0170 20309FE5 		ldr	r3, .L36+12
 150 0174 012582E3 		orr	r2, r2, #4194304
 151 0178 0000A0E3 		mov	r0, #0
 152 017c 0000C3E5 		strb	r0, [r3, #0]
 153 0180 142081E5 		str	r2, [r1, #20]
 154              	.L34:
 155 0184 0700A0E1 		mov	r0, r7
 156 0188 D1FFFFEA 		b	.L24
 157              	.L37:
 158              		.align	2
 159              	.L36:
 160 018c 00000000 		.word	m_shutter_active
 161 0190 00000000 		.word	global_data
 162 0194 04000000 		.word	m_last_shut
 163 0198 08000000 		.word	m_shutter_was_low
 164 019c 0C000000 		.word	m_shutter_seq
 166              		.align	2
 167              		.global	shutter_init
 169              	shutter_init:
 170              		@ Function supports interworking.
 171              		@ args = 0, pretend = 0, frame = 0
 172              		@ frame_needed = 0, uses_anonymous_args = 0
 173 01a0 0E12A0E3 		mov	r1, #-536870912
 174 01a4 0A1981E2 		add	r1, r1, #163840
 175 01a8 183091E5 		ldr	r3, [r1, #24]
 176 01ac 013583E3 		orr	r3, r3, #4194304
 177 01b0 183081E5 		str	r3, [r1, #24]
 178 01b4 142091E5 		ldr	r2, [r1, #20]
 179 01b8 012582E3 		orr	r2, r2, #4194304
 180 01bc 142081E5 		str	r2, [r1, #20]
 181 01c0 04E02DE5 		str	lr, [sp, #-4]!
 182 01c4 FEFFFFEB 		bl	sys_time_clock_get_time_usec
 183 01c8 14309FE5 		ldr	r3, .L40
 184 01cc 000083E5 		str	r0, [r3, #0]
 185 01d0 10309FE5 		ldr	r3, .L40+4
 186 01d4 0120A0E3 		mov	r2, #1
 187 01d8 0020C3E5 		strb	r2, [r3, #0]
 188 01dc 04E09DE4 		ldr	lr, [sp], #4
 189 01e0 1EFF2FE1 		bx	lr
 190              	.L41:
 191              		.align	2
 192              	.L40:
 193 01e4 04000000 		.word	m_last_shut
 194 01e8 00000000 		.word	m_shutter_active
 196              		.bss
 197              	m_shutter_active:
 198 0000 00       		.space	1
 199 0001 000000   		.align	2
 200              	m_last_shut:
 201 0004 00000000 		.space	4
 202              	m_shutter_was_low:
 203 0008 00       		.space	1
 204 0009 000000   		.align	2
 205              	m_shutter_seq:
 206 000c 00000000 		.space	4
 207              		.comm	global_param_id,4,4
 208              		.comm	state_fly_id,4,4
 209              		.comm	global_data,2700,4
 210              		.ident	"GCC: (GNU) 4.1.1 (WinARM)"
DEFINED SYMBOLS
                            *ABS*:00000000 shutter.c
C:\Users\Srdjan\AppData\Local\Temp/ccO6aaaa.s:6      .text:00000000 shutter_control
C:\Users\Srdjan\AppData\Local\Temp/ccO6aaaa.s:11     .text:00000000 $a
C:\Users\Srdjan\AppData\Local\Temp/ccO6aaaa.s:22     .text:0000001c $d
C:\Users\Srdjan\AppData\Local\Temp/ccO6aaaa.s:197    .bss:00000000 m_shutter_active
C:\Users\Srdjan\AppData\Local\Temp/ccO6aaaa.s:205    .bss:0000000c m_shutter_seq
C:\Users\Srdjan\AppData\Local\Temp/ccO6aaaa.s:30     .text:00000024 shutter_set
C:\Users\Srdjan\AppData\Local\Temp/ccO6aaaa.s:34     .text:00000024 $a
C:\Users\Srdjan\AppData\Local\Temp/ccO6aaaa.s:75     .text:000000ac $d
                            *COM*:00000a8c global_data
C:\Users\Srdjan\AppData\Local\Temp/ccO6aaaa.s:80     .text:000000b0 shutter_get_seq
C:\Users\Srdjan\AppData\Local\Temp/ccO6aaaa.s:85     .text:000000b0 $a
C:\Users\Srdjan\AppData\Local\Temp/ccO6aaaa.s:92     .text:000000bc $d
C:\Users\Srdjan\AppData\Local\Temp/ccO6aaaa.s:98     .text:000000c0 shutter_loop
C:\Users\Srdjan\AppData\Local\Temp/ccO6aaaa.s:102    .text:000000c0 $a
C:\Users\Srdjan\AppData\Local\Temp/ccO6aaaa.s:160    .text:0000018c $d
C:\Users\Srdjan\AppData\Local\Temp/ccO6aaaa.s:200    .bss:00000004 m_last_shut
C:\Users\Srdjan\AppData\Local\Temp/ccO6aaaa.s:202    .bss:00000008 m_shutter_was_low
C:\Users\Srdjan\AppData\Local\Temp/ccO6aaaa.s:169    .text:000001a0 shutter_init
C:\Users\Srdjan\AppData\Local\Temp/ccO6aaaa.s:173    .text:000001a0 $a
C:\Users\Srdjan\AppData\Local\Temp/ccO6aaaa.s:193    .text:000001e4 $d
                            *COM*:00000004 global_param_id
                            *COM*:00000004 state_fly_id

UNDEFINED SYMBOLS
__floatsisf
__addsf3
__fixunssfsi
sys_time_clock_get_time_usec
