   1              		.file	"simple_altitude_moving_average.c"
   2              		.global	__divsf3
   3              		.global	__subsf3
   4              		.global	__gtsf2
   5              		.global	__ltsf2
   6              		.global	__addsf3
   7              		.global	__extendsfdf2
   8              		.global	__divdf3
   9              		.global	__truncdfsf2
  10              		.text
  11              		.align	2
  12              		.global	simple_altitude_moving_average
  14              	simple_altitude_moving_average:
  15              		@ Function supports interworking.
  16              		@ args = 0, pretend = 0, frame = 0
  17              		@ frame_needed = 0, uses_anonymous_args = 0
  18 0000 F04F2DE9 		stmfd	sp!, {r4, r5, r6, r7, r8, r9, sl, fp, lr}
  19 0004 0190A0E1 		mov	r9, r1
  20 0008 3113A0E3 		mov	r1, #-1006632960
  21 000c 7A1881E2 		add	r1, r1, #7995392
  22 0010 02B0A0E1 		mov	fp, r2
  23 0014 FEFFFFEB 		bl	__divsf3
  24 0018 F8309FE5 		ldr	r3, .L11+8
  25 001c 006093E5 		ldr	r6, [r3, #0]	@ float
  26 0020 0610A0E1 		mov	r1, r6
  27 0024 0050A0E1 		mov	r5, r0
  28 0028 FEFFFFEB 		bl	__subsf3
  29 002c E8109FE5 		ldr	r1, .L11+12
  30 0030 0040A0E1 		mov	r4, r0
  31 0034 FEFFFFEB 		bl	__gtsf2
  32 0038 000050E3 		cmp	r0, #0
  33 003c DC709FE5 		ldr	r7, .L11+16
  34 0040 DC809FE5 		ldr	r8, .L11+20
  35 0044 DCA09FE5 		ldr	sl, .L11+24
  36 0048 0610A0E1 		mov	r1, r6
  37 004c 0600A0E1 		mov	r0, r6
  38 0050 020000DA 		ble	.L2
  39 0054 FEFFFFEB 		bl	__subsf3
  40 0058 0650A0E1 		mov	r5, r6
  41 005c 0040A0E1 		mov	r4, r0
  42              	.L2:
  43 0060 0400A0E1 		mov	r0, r4
  44 0064 C0109FE5 		ldr	r1, .L11+28
  45 0068 FEFFFFEB 		bl	__ltsf2
  46 006c 004097E5 		ldr	r4, [r7, #0]
  47 0070 C214A0E3 		mov	r1, #-1040187392
  48 0074 000050E3 		cmp	r0, #0
  49 0078 121781E2 		add	r1, r1, #4718592
  50 007c 040198E7 		ldr	r0, [r8, r4, asl #2]	@ float
  51 0080 0560A0A1 		movge	r6, r5
  52 0084 FEFFFFEB 		bl	__divsf3
  53 0088 00109AE5 		ldr	r1, [sl, #0]	@ float
  54 008c FEFFFFEB 		bl	__addsf3
  55 0090 4214A0E3 		mov	r1, #1107296256
  56 0094 0050A0E1 		mov	r5, r0
  57 0098 121781E2 		add	r1, r1, #4718592
  58 009c 0600A0E1 		mov	r0, r6
  59 00a0 046188E7 		str	r6, [r8, r4, asl #2]	@ float
  60 00a4 FEFFFFEB 		bl	__divsf3
  61 00a8 0010A0E1 		mov	r1, r0
  62 00ac 0500A0E1 		mov	r0, r5
  63 00b0 FEFFFFEB 		bl	__addsf3
  64 00b4 014084E2 		add	r4, r4, #1
  65 00b8 320054E3 		cmp	r4, #50
  66 00bc 0030A083 		movhi	r3, #0
  67 00c0 0050A0E1 		mov	r5, r0
  68 00c4 00508AE5 		str	r5, [sl, #0]	@ float
  69 00c8 004087E5 		str	r4, [r7, #0]
  70 00cc 005089E5 		str	r5, [r9, #0]	@ float
  71 00d0 00308785 		strhi	r3, [r7, #0]
  72 00d4 54309FE5 		ldr	r3, .L11+32
  73 00d8 001093E5 		ldr	r1, [r3, #0]	@ float
  74 00dc FEFFFFEB 		bl	__subsf3
  75 00e0 FEFFFFEB 		bl	__extendsfdf2
  76 00e4 24208FE2 		adr	r2, .L11
  77 00e8 0C0092E8 		ldmia	r2, {r2-r3}
  78 00ec FEFFFFEB 		bl	__divdf3
  79 00f0 FEFFFFEB 		bl	__truncdfsf2
  80 00f4 1C309FE5 		ldr	r3, .L11+8
  81 00f8 00008BE5 		str	r0, [fp, #0]	@ float
  82 00fc 006083E5 		str	r6, [r3, #0]	@ float
  83 0100 28309FE5 		ldr	r3, .L11+32
  84 0104 005083E5 		str	r5, [r3, #0]	@ float
  85 0108 F04FBDE8 		ldmfd	sp!, {r4, r5, r6, r7, r8, r9, sl, fp, lr}
  86 010c 1EFF2FE1 		bx	lr
  87              	.L12:
  88              		.align	2
  89              	.L11:
  90 0110 E17A943F 		.word	1066695393
  91 0114 7B14AE47 		.word	1202590843
  92 0118 D4000000 		.word	height_prev.3194
  93 011c 9A99193F 		.word	1058642330
  94 0120 00000000 		.word	index_lowpass.3198
  95 0124 08000000 		.word	height_array.3196
  96 0128 04000000 		.word	lowpass_height.3197
  97 012c 9A9919BF 		.word	-1088841318
  98 0130 D0000000 		.word	height_low_prev.3195
 100              		.bss
 101              		.align	2
 102              	index_lowpass.3198:
 103 0000 00000000 		.space	4
 104              		.align	2
 105              	lowpass_height.3197:
 106 0004 00000000 		.space	4
 107              		.align	2
 108              	height_array.3196:
 109 0008 00000000 		.space	200
 109      00000000 
 109      00000000 
 109      00000000 
 109      00000000 
 110              		.align	2
 111              	height_low_prev.3195:
 112 00d0 00000000 		.space	4
 113              		.align	2
 114              	height_prev.3194:
 115 00d4 00000000 		.space	4
 116              		.comm	global_param_id,4,4
 117              		.comm	state_fly_id,4,4
 118              		.comm	global_data,2700,4
 119              		.ident	"GCC: (GNU) 4.1.1 (WinARM)"
DEFINED SYMBOLS
                            *ABS*:00000000 simple_altitude_moving_average.c
C:\Users\Srdjan\AppData\Local\Temp/ccYDbaaa.s:14     .text:00000000 simple_altitude_moving_average
C:\Users\Srdjan\AppData\Local\Temp/ccYDbaaa.s:18     .text:00000000 $a
C:\Users\Srdjan\AppData\Local\Temp/ccYDbaaa.s:90     .text:00000110 $d
C:\Users\Srdjan\AppData\Local\Temp/ccYDbaaa.s:114    .bss:000000d4 height_prev.3194
C:\Users\Srdjan\AppData\Local\Temp/ccYDbaaa.s:102    .bss:00000000 index_lowpass.3198
C:\Users\Srdjan\AppData\Local\Temp/ccYDbaaa.s:108    .bss:00000008 height_array.3196
C:\Users\Srdjan\AppData\Local\Temp/ccYDbaaa.s:105    .bss:00000004 lowpass_height.3197
C:\Users\Srdjan\AppData\Local\Temp/ccYDbaaa.s:111    .bss:000000d0 height_low_prev.3195
                            *COM*:00000004 global_param_id
                            *COM*:00000004 state_fly_id
                            *COM*:00000a8c global_data

UNDEFINED SYMBOLS
__divsf3
__subsf3
__gtsf2
__ltsf2
__addsf3
__extendsfdf2
__divdf3
__truncdfsf2
