   1              		.file	"spi.c"
   2              		.text
   3              		.align	2
   4              		.global	spi_init
   6              	spi_init:
   7              		@ Function supports interworking.
   8              		@ args = 0, pretend = 0, frame = 0
   9              		@ frame_needed = 0, uses_anonymous_args = 0
  10              		@ link register save eliminated.
  11 0000 0E12A0E3 		mov	r1, #-536870912
  12 0004 0B0981E2 		add	r0, r1, #180224
  13 0008 042090E5 		ldr	r2, [r0, #4]
  14 000c C33FA0E3 		mov	r3, #780
  15 0010 1A1981E2 		add	r1, r1, #425984
  16 0014 A82082E3 		orr	r2, r2, #168
  17 0018 033083E2 		add	r3, r3, #3
  18 001c 042080E5 		str	r2, [r0, #4]
  19 0020 B030C1E1 		strh	r3, [r1, #0]	@ movhi
  20 0024 0020A0E3 		mov	r2, #0
  21 0028 0230A0E3 		mov	r3, #2
  22 002c 0420C1E5 		strb	r2, [r1, #4]
  23              		@ lr needed for prologue
  24 0030 1030C1E5 		strb	r3, [r1, #16]
  25 0034 1EFF2FE1 		bx	lr
  27              		.align	2
  28              		.global	spi_running
  30              	spi_running:
  31              		@ Function supports interworking.
  32              		@ args = 0, pretend = 0, frame = 0
  33              		@ frame_needed = 0, uses_anonymous_args = 0
  34              		@ link register save eliminated.
  35 0038 0000A0E3 		mov	r0, #0
  36              		@ lr needed for prologue
  37 003c 1EFF2FE1 		bx	lr
  39              		.align	2
  40              		.global	spi_number_of_packages_in_buffer
  42              	spi_number_of_packages_in_buffer:
  43              		@ Function supports interworking.
  44              		@ args = 0, pretend = 0, frame = 0
  45              		@ frame_needed = 0, uses_anonymous_args = 0
  46              		@ link register save eliminated.
  47 0040 0000A0E3 		mov	r0, #0
  48              		@ lr needed for prologue
  49 0044 1EFF2FE1 		bx	lr
  51              		.align	2
  52              		.global	spi_transmit
  54              	spi_transmit:
  55              		@ Function supports interworking.
  56              		@ args = 0, pretend = 0, frame = 0
  57              		@ frame_needed = 0, uses_anonymous_args = 0
  58 0048 30402DE9 		stmfd	sp!, {r4, r5, lr}
  59 004c 10C0D0E5 		ldrb	ip, [r0, #16]	@ zero_extendqisi2
  60 0050 00005CE3 		cmp	ip, #0
  61 0054 0050A0E1 		mov	r5, r0
  62 0058 080000DA 		ble	.L8
  63 005c 0E02A0E3 		mov	r0, #-536870912
  64 0060 1A0980E2 		add	r0, r0, #425984
  65 0064 0010A0E3 		mov	r1, #0
  66              	.L10:
  67 0068 8130A0E1 		mov	r3, r1, asl #1
  68 006c B52093E1 		ldrh	r2, [r3, r5]
  69 0070 011081E2 		add	r1, r1, #1
  70 0074 01005CE1 		cmp	ip, r1
  71 0078 B820C0E1 		strh	r2, [r0, #8]	@ movhi
  72 007c F9FFFF1A 		bne	.L10
  73              	.L8:
  74 0080 1130D5E5 		ldrb	r3, [r5, #17]	@ zero_extendqisi2
  75 0084 0E42A0E3 		mov	r4, #-536870912
  76 0088 1A4984E2 		add	r4, r4, #425984
  77 008c 033C83E3 		orr	r3, r3, #768
  78 0090 B030C4E1 		strh	r3, [r4, #0]	@ movhi
  79 0094 14C095E5 		ldr	ip, [r5, #20]
  80 0098 0FE0A0E1 		mov	lr, pc
  81 009c 1CFF2FE1 		bx	ip
  82 00a0 0430D4E5 		ldrb	r3, [r4, #4]	@ zero_extendqisi2
  83 00a4 023083E3 		orr	r3, r3, #2
  84 00a8 0430C4E5 		strb	r3, [r4, #4]
  85              	.L11:
  86 00ac 0C30D4E5 		ldrb	r3, [r4, #12]	@ zero_extendqisi2
  87 00b0 100013E3 		tst	r3, #16
  88 00b4 FCFFFF1A 		bne	.L11
  89 00b8 18C095E5 		ldr	ip, [r5, #24]
  90 00bc 0FE0A0E1 		mov	lr, pc
  91 00c0 1CFF2FE1 		bx	ip
  92 00c4 0430D4E5 		ldrb	r3, [r4, #4]	@ zero_extendqisi2
  93 00c8 FD3003E2 		and	r3, r3, #253
  94 00cc 0430C4E5 		strb	r3, [r4, #4]
  95 00d0 1CC095E5 		ldr	ip, [r5, #28]
  96 00d4 0FE0A0E1 		mov	lr, pc
  97 00d8 1CFF2FE1 		bx	ip
  98 00dc 3040BDE8 		ldmfd	sp!, {r4, r5, lr}
  99 00e0 1EFF2FE1 		bx	lr
 101              		.align	2
 102              		.global	spi_adns9500_read_reg_transmit
 104              	spi_adns9500_read_reg_transmit:
 105              		@ Function supports interworking.
 106              		@ args = 0, pretend = 0, frame = 0
 107              		@ frame_needed = 0, uses_anonymous_args = 0
 108 00e4 30402DE9 		stmfd	sp!, {r4, r5, lr}
 109 00e8 B020D0E1 		ldrh	r2, [r0, #0]
 110 00ec 0E42A0E3 		mov	r4, #-536870912
 111 00f0 1A4984E2 		add	r4, r4, #425984
 112 00f4 B820C4E1 		strh	r2, [r4, #8]	@ movhi
 113 00f8 1130D0E5 		ldrb	r3, [r0, #17]	@ zero_extendqisi2
 114 00fc 033C83E3 		orr	r3, r3, #768
 115 0100 B030C4E1 		strh	r3, [r4, #0]	@ movhi
 116 0104 0050A0E1 		mov	r5, r0
 117 0108 14C090E5 		ldr	ip, [r0, #20]
 118 010c 0FE0A0E1 		mov	lr, pc
 119 0110 1CFF2FE1 		bx	ip
 120 0114 0430D4E5 		ldrb	r3, [r4, #4]	@ zero_extendqisi2
 121 0118 023083E3 		orr	r3, r3, #2
 122 011c 0430C4E5 		strb	r3, [r4, #4]
 123              	.L19:
 124 0120 0C30D4E5 		ldrb	r3, [r4, #12]	@ zero_extendqisi2
 125 0124 100013E3 		tst	r3, #16
 126 0128 FCFFFF1A 		bne	.L19
 127 012c 0430D4E5 		ldrb	r3, [r4, #4]	@ zero_extendqisi2
 128 0130 FD3003E2 		and	r3, r3, #253
 129 0134 0430C4E5 		strb	r3, [r4, #4]
 130 0138 7800A0E3 		mov	r0, #120
 131 013c FEFFFFEB 		bl	delay_us
 132 0140 B220D5E1 		ldrh	r2, [r5, #2]
 133 0144 B820C4E1 		strh	r2, [r4, #8]	@ movhi
 134 0148 0430D4E5 		ldrb	r3, [r4, #4]	@ zero_extendqisi2
 135 014c 023083E3 		orr	r3, r3, #2
 136 0150 0E22A0E3 		mov	r2, #-536870912
 137 0154 0430C4E5 		strb	r3, [r4, #4]
 138 0158 1A2982E2 		add	r2, r2, #425984
 139              	.L21:
 140 015c 0C30D2E5 		ldrb	r3, [r2, #12]	@ zero_extendqisi2
 141 0160 100013E3 		tst	r3, #16
 142 0164 FCFFFF1A 		bne	.L21
 143 0168 0430D2E5 		ldrb	r3, [r2, #4]	@ zero_extendqisi2
 144 016c FD3003E2 		and	r3, r3, #253
 145 0170 0430C2E5 		strb	r3, [r2, #4]
 146 0174 18C095E5 		ldr	ip, [r5, #24]
 147 0178 0FE0A0E1 		mov	lr, pc
 148 017c 1CFF2FE1 		bx	ip
 149 0180 1CC095E5 		ldr	ip, [r5, #28]
 150 0184 0FE0A0E1 		mov	lr, pc
 151 0188 1CFF2FE1 		bx	ip
 152 018c 3040BDE8 		ldmfd	sp!, {r4, r5, lr}
 153 0190 1EFF2FE1 		bx	lr
 155              		.align	2
 156              		.global	spi_transmit_srom
 158              	spi_transmit_srom:
 159              		@ Function supports interworking.
 160              		@ args = 0, pretend = 0, frame = 0
 161              		@ frame_needed = 0, uses_anonymous_args = 0
 162 0194 70402DE9 		stmfd	sp!, {r4, r5, r6, lr}
 163 0198 B030D0E1 		ldrh	r3, [r0, #0]
 164 019c 0E42A0E3 		mov	r4, #-536870912
 165 01a0 1A4984E2 		add	r4, r4, #425984
 166 01a4 B830C4E1 		strh	r3, [r4, #8]	@ movhi
 167 01a8 062BA0E3 		mov	r2, #6144
 168 01ac 0230D0E7 		ldrb	r3, [r0, r2]	@ zero_extendqisi2
 169 01b0 033C83E3 		orr	r3, r3, #768
 170 01b4 B030C4E1 		strh	r3, [r4, #0]	@ movhi
 171 01b8 042082E2 		add	r2, r2, #4
 172 01bc 0050A0E1 		mov	r5, r0
 173 01c0 02C090E7 		ldr	ip, [r0, r2]
 174 01c4 0FE0A0E1 		mov	lr, pc
 175 01c8 1CFF2FE1 		bx	ip
 176 01cc 0430D4E5 		ldrb	r3, [r4, #4]	@ zero_extendqisi2
 177 01d0 023083E3 		orr	r3, r3, #2
 178 01d4 0430C4E5 		strb	r3, [r4, #4]
 179              	.L29:
 180 01d8 0C30D4E5 		ldrb	r3, [r4, #12]	@ zero_extendqisi2
 181 01dc 100013E3 		tst	r3, #16
 182 01e0 FCFFFF1A 		bne	.L29
 183 01e4 0430D4E5 		ldrb	r3, [r4, #4]	@ zero_extendqisi2
 184 01e8 FD3003E2 		and	r3, r3, #253
 185 01ec 0430C4E5 		strb	r3, [r4, #4]
 186 01f0 0F00A0E3 		mov	r0, #15
 187 01f4 FEFFFFEB 		bl	delay_us
 188 01f8 5F3DA0E3 		mov	r3, #6080
 189 01fc 3E3083E2 		add	r3, r3, #62
 190 0200 B32095E1 		ldrh	r2, [r5, r3]
 191 0204 010052E3 		cmp	r2, #1
 192 0208 1B0000DA 		ble	.L31
 193 020c 0E42A0E3 		mov	r4, #-536870912
 194 0210 1A4984E2 		add	r4, r4, #425984
 195 0214 0160A0E3 		mov	r6, #1
 196              	.L33:
 197 0218 8630A0E1 		mov	r3, r6, asl #1
 198 021c B52093E1 		ldrh	r2, [r3, r5]
 199 0220 B820C4E1 		strh	r2, [r4, #8]	@ movhi
 200 0224 0430D4E5 		ldrb	r3, [r4, #4]	@ zero_extendqisi2
 201 0228 023083E3 		orr	r3, r3, #2
 202 022c 0430C4E5 		strb	r3, [r4, #4]
 203              	.L34:
 204 0230 0C30D4E5 		ldrb	r3, [r4, #12]	@ zero_extendqisi2
 205 0234 100013E3 		tst	r3, #16
 206 0238 FCFFFF1A 		bne	.L34
 207 023c 0430D4E5 		ldrb	r3, [r4, #4]	@ zero_extendqisi2
 208 0240 FD3003E2 		and	r3, r3, #253
 209 0244 0430C4E5 		strb	r3, [r4, #4]
 210 0248 0F00A0E3 		mov	r0, #15
 211 024c FEFFFFEB 		bl	delay_us
 212 0250 5F3DA0E3 		mov	r3, #6080
 213 0254 3C3083E2 		add	r3, r3, #60
 214 0258 B32095E1 		ldrh	r2, [r5, r3]
 215 025c BB0052E3 		cmp	r2, #187
 216 0260 1100000A 		beq	.L44
 217              	.L36:
 218 0264 5F3DA0E3 		mov	r3, #6080
 219 0268 3E3083E2 		add	r3, r3, #62
 220 026c B32095E1 		ldrh	r2, [r5, r3]
 221 0270 016086E2 		add	r6, r6, #1
 222 0274 060052E1 		cmp	r2, r6
 223 0278 E6FFFFCA 		bgt	.L33
 224              	.L31:
 225 027c 063BA0E3 		mov	r3, #6144
 226 0280 083083E2 		add	r3, r3, #8
 227 0284 03C095E7 		ldr	ip, [r5, r3]
 228 0288 0FE0A0E1 		mov	lr, pc
 229 028c 1CFF2FE1 		bx	ip
 230 0290 062BA0E3 		mov	r2, #6144
 231 0294 0C2082E2 		add	r2, r2, #12
 232 0298 02C095E7 		ldr	ip, [r5, r2]
 233 029c 0FE0A0E1 		mov	lr, pc
 234 02a0 1CFF2FE1 		bx	ip
 235 02a4 7040BDE8 		ldmfd	sp!, {r4, r5, r6, lr}
 236 02a8 1EFF2FE1 		bx	lr
 237              	.L44:
 238 02ac 1000A0E3 		mov	r0, #16
 239 02b0 FEFFFFEB 		bl	led_on
 240 02b4 EAFFFFEA 		b	.L36
 242              		.ident	"GCC: (GNU) 4.1.1 (WinARM)"
DEFINED SYMBOLS
                            *ABS*:00000000 spi.c
C:\Users\Srdjan\AppData\Local\Temp/ccw7aaaa.s:6      .text:00000000 spi_init
C:\Users\Srdjan\AppData\Local\Temp/ccw7aaaa.s:11     .text:00000000 $a
C:\Users\Srdjan\AppData\Local\Temp/ccw7aaaa.s:30     .text:00000038 spi_running
C:\Users\Srdjan\AppData\Local\Temp/ccw7aaaa.s:42     .text:00000040 spi_number_of_packages_in_buffer
C:\Users\Srdjan\AppData\Local\Temp/ccw7aaaa.s:54     .text:00000048 spi_transmit
C:\Users\Srdjan\AppData\Local\Temp/ccw7aaaa.s:104    .text:000000e4 spi_adns9500_read_reg_transmit
C:\Users\Srdjan\AppData\Local\Temp/ccw7aaaa.s:158    .text:00000194 spi_transmit_srom

UNDEFINED SYMBOLS
delay_us
led_on
