   1              		.file	"syscalls.c"
   2              		.text
   3              		.align	2
   4              		.global	_read_r
   6              	_read_r:
   7              		@ Function supports interworking.
   8              		@ args = 0, pretend = 0, frame = 0
   9              		@ frame_needed = 0, uses_anonymous_args = 0
  10              		@ link register save eliminated.
  11 0000 0000A0E3 		mov	r0, #0
  12              		@ lr needed for prologue
  13 0004 1EFF2FE1 		bx	lr
  15              		.align	2
  16              		.global	_write_r
  18              	_write_r:
  19              		@ Function supports interworking.
  20              		@ args = 0, pretend = 0, frame = 0
  21              		@ frame_needed = 0, uses_anonymous_args = 0
  22              		@ link register save eliminated.
  23 0008 0000A0E3 		mov	r0, #0
  24              		@ lr needed for prologue
  25 000c 1EFF2FE1 		bx	lr
  27              		.align	2
  28              		.global	_close_r
  30              	_close_r:
  31              		@ Function supports interworking.
  32              		@ args = 0, pretend = 0, frame = 0
  33              		@ frame_needed = 0, uses_anonymous_args = 0
  34              		@ link register save eliminated.
  35 0010 0000A0E3 		mov	r0, #0
  36              		@ lr needed for prologue
  37 0014 1EFF2FE1 		bx	lr
  39              		.align	2
  40              		.global	_lseek_r
  42              	_lseek_r:
  43              		@ Function supports interworking.
  44              		@ args = 0, pretend = 0, frame = 0
  45              		@ frame_needed = 0, uses_anonymous_args = 0
  46              		@ link register save eliminated.
  47 0018 0000A0E3 		mov	r0, #0
  48              		@ lr needed for prologue
  49 001c 1EFF2FE1 		bx	lr
  51              		.align	2
  52              		.global	_fstat_r
  54              	_fstat_r:
  55              		@ Function supports interworking.
  56              		@ args = 0, pretend = 0, frame = 0
  57              		@ frame_needed = 0, uses_anonymous_args = 0
  58              		@ link register save eliminated.
  59 0020 023AA0E3 		mov	r3, #8192
  60 0024 0000A0E3 		mov	r0, #0
  61              		@ lr needed for prologue
  62 0028 043082E5 		str	r3, [r2, #4]
  63 002c 1EFF2FE1 		bx	lr
  65              		.align	2
  66              		.global	isatty
  68              	isatty:
  69              		@ Function supports interworking.
  70              		@ args = 0, pretend = 0, frame = 0
  71              		@ frame_needed = 0, uses_anonymous_args = 0
  72              		@ link register save eliminated.
  73 0030 0100A0E3 		mov	r0, #1
  74              		@ lr needed for prologue
  75 0034 1EFF2FE1 		bx	lr
  77              		.align	2
  78              		.global	_sbrk_r
  80              	_sbrk_r:
  81              		@ Function supports interworking.
  82              		@ args = 0, pretend = 0, frame = 0
  83              		@ frame_needed = 0, uses_anonymous_args = 0
  84              		@ link register save eliminated.
  85 0038 18209FE5 		ldr	r2, .L17
  86 003c 000092E5 		ldr	r0, [r2, #0]
  87 0040 000050E3 		cmp	r0, #0
  88 0044 10009F05 		ldreq	r0, .L17+4
  89 0048 013080E0 		add	r3, r0, r1
  90 004c 00008205 		streq	r0, [r2, #0]
  91              		@ lr needed for prologue
  92 0050 003082E5 		str	r3, [r2, #0]
  93 0054 1EFF2FE1 		bx	lr
  94              	.L18:
  95              		.align	2
  96              	.L17:
  97 0058 00000000 		.word	heap_ptr
  98 005c 00000000 		.word	end
 100              		.bss
 101              		.align	2
 102              	heap_ptr:
 103 0000 00000000 		.space	4
 104              		.ident	"GCC: (GNU) 4.1.1 (WinARM)"
DEFINED SYMBOLS
                            *ABS*:00000000 syscalls.c
C:\Users\Srdjan\AppData\Local\Temp/ccQfbaaa.s:6      .text:00000000 _read_r
C:\Users\Srdjan\AppData\Local\Temp/ccQfbaaa.s:11     .text:00000000 $a
C:\Users\Srdjan\AppData\Local\Temp/ccQfbaaa.s:18     .text:00000008 _write_r
C:\Users\Srdjan\AppData\Local\Temp/ccQfbaaa.s:30     .text:00000010 _close_r
C:\Users\Srdjan\AppData\Local\Temp/ccQfbaaa.s:42     .text:00000018 _lseek_r
C:\Users\Srdjan\AppData\Local\Temp/ccQfbaaa.s:54     .text:00000020 _fstat_r
C:\Users\Srdjan\AppData\Local\Temp/ccQfbaaa.s:68     .text:00000030 isatty
C:\Users\Srdjan\AppData\Local\Temp/ccQfbaaa.s:80     .text:00000038 _sbrk_r
C:\Users\Srdjan\AppData\Local\Temp/ccQfbaaa.s:97     .text:00000058 $d
C:\Users\Srdjan\AppData\Local\Temp/ccQfbaaa.s:102    .bss:00000000 heap_ptr

UNDEFINED SYMBOLS
end
