   1              		.file	"watchdog.c"
   2              		.text
   3              		.align	2
   4              		.global	watchdog_kick
   6              	watchdog_kick:
   7              		@ Function supports interworking.
   8              		@ args = 0, pretend = 0, frame = 0
   9              		@ frame_needed = 0, uses_anonymous_args = 0
  10              		@ link register save eliminated.
  11 0000 0E32A0E3 		mov	r3, #-536870912
  12 0004 5520E0E3 		mvn	r2, #85
  13 0008 5510A0E3 		mov	r1, #85
  14 000c 0820C3E5 		strb	r2, [r3, #8]
  15              		@ lr needed for prologue
  16 0010 0810C3E5 		strb	r1, [r3, #8]
  17 0014 1EFF2FE1 		bx	lr
  19              		.align	2
  20              		.global	watchdog_init
  22              	watchdog_init:
  23              		@ Function supports interworking.
  24              		@ args = 0, pretend = 0, frame = 0
  25              		@ frame_needed = 0, uses_anonymous_args = 0
  26              		@ link register save eliminated.
  27 0018 0320A0E3 		mov	r2, #3
  28 001c 0E32A0E3 		mov	r3, #-536870912
  29              		@ lr needed for prologue
  30 0020 0020C3E5 		strb	r2, [r3, #0]
  31 0024 FEFFFFEA 		b	watchdog_kick
  33              		.align	2
  34              		.global	watchdog_wait_reset
  36              	watchdog_wait_reset:
  37              		@ Function supports interworking.
  38              		@ args = 0, pretend = 0, frame = 0
  39              		@ frame_needed = 0, uses_anonymous_args = 0
  40 0028 04E02DE5 		str	lr, [sp, #-4]!
  41 002c FEFFFFEB 		bl	watchdog_init
  42              	.L6:
  43 0030 FEFFFFEA 		b	.L6
  45              		.comm	global_param_id,4,4
  46              		.comm	state_fly_id,4,4
  47              		.comm	global_data,2700,4
  48              		.ident	"GCC: (GNU) 4.1.1 (WinARM)"
DEFINED SYMBOLS
                            *ABS*:00000000 watchdog.c
C:\Users\Srdjan\AppData\Local\Temp/cc88aaaa.s:6      .text:00000000 watchdog_kick
C:\Users\Srdjan\AppData\Local\Temp/cc88aaaa.s:11     .text:00000000 $a
C:\Users\Srdjan\AppData\Local\Temp/cc88aaaa.s:22     .text:00000018 watchdog_init
C:\Users\Srdjan\AppData\Local\Temp/cc88aaaa.s:36     .text:00000028 watchdog_wait_reset
                            *COM*:00000004 global_param_id
                            *COM*:00000004 state_fly_id
                            *COM*:00000a8c global_data

NO UNDEFINED SYMBOLS
